{"numTotalTestSuites":136,"numPassedTestSuites":136,"numFailedTestSuites":0,"numPendingTestSuites":0,"numTotalTests":319,"numPassedTests":319,"numFailedTests":0,"numPendingTests":0,"numTodoTests":0,"snapshot":{"added":0,"failure":false,"filesAdded":0,"filesRemoved":0,"filesRemovedList":[],"filesUnmatched":0,"filesUpdated":0,"matched":0,"total":0,"unchecked":0,"uncheckedKeysByFile":[],"unmatched":0,"updated":0,"didUpdate":false},"startTime":1789508522691,"success":true,"testResults":[{"assertionResults":[{"ancestorTitles":["patient billing access"],"fullName":"patient billing access unlocks waived and active patients whose period includes today","status":"passed","title":"unlocks waived and active patients whose period includes today","duration":1.8415999999999997,"failureMessages":[],"meta":{},"tags":[],"benchmarks":[]},{"ancestorTitles":["patient billing access"],"fullName":"patient billing access locks pending patients and resolves expired active periods as past due","status":"passed","title":"locks pending patients and resolves expired active periods as past due","duration":0.43549999999999045,"failureMessages":[],"meta":{},"tags":[],"benchmarks":[]}],"startTime":1789508526346,"endTime":1789508526348.4355,"status":"passed","message":"","name":"C:/Users/facun/OneDrive/Desktop/Personal/Vero Insta/Plan V/plan-v/src/billing.test.ts"},{"assertionResults":[{"ancestorTitles":["identidad visual de Plan V"],"fullName":"identidad visual de Plan V expone la paleta principal tomada del isotipo oficial","status":"passed","title":"expone la paleta principal tomada del isotipo oficial","duration":1.3799999999999955,"failureMessages":[],"meta":{},"tags":[],"benchmarks":[]},{"ancestorTitles":["identidad visual de Plan V"],"fullName":"identidad visual de Plan V renderiza el isotipo oficial como marca compartida","status":"passed","title":"renderiza el isotipo oficial como marca compartida","duration":4.451999999999998,"failureMessages":[],"meta":{},"tags":[],"benchmarks":[]}],"startTime":1789508525529,"endTime":1789508525535.452,"status":"passed","message":"","name":"C:/Users/facun/OneDrive/Desktop/Personal/Vero Insta/Plan V/plan-v/src/brand.test.tsx"},{"assertionResults":[{"ancestorTitles":["theme preference"],"fullName":"theme preference restores a stored dark theme","status":"passed","title":"restores a stored dark theme","duration":1.8684999999999832,"failureMessages":[],"meta":{},"tags":[],"benchmarks":[]},{"ancestorTitles":["theme preference"],"fullName":"theme preference falls back to the system preference when storage is empty","status":"passed","title":"falls back to the system preference when storage is empty","duration":0.3908000000000129,"failureMessages":[],"meta":{},"tags":[],"benchmarks":[]},{"ancestorTitles":["theme preference"],"fullName":"theme preference survives unavailable storage and persists the selected theme","status":"passed","title":"survives unavailable storage and persists the selected theme","duration":0.8086999999999875,"failureMessages":[],"meta":{},"tags":[],"benchmarks":[]}],"startTime":1789508526222,"endTime":1789508526224.8086,"status":"passed","message":"","name":"C:/Users/facun/OneDrive/Desktop/Personal/Vero Insta/Plan V/plan-v/src/theme-preference.test.ts"},{"assertionResults":[{"ancestorTitles":["patient activity API flow in memory mode"],"fullName":"patient activity API flow in memory mode stores a self-reported activity and returns a patient-safe view","status":"passed","title":"stores a self-reported activity and returns a patient-safe view","duration":16.658999999999878,"failureMessages":[],"meta":{},"tags":[],"benchmarks":[]},{"ancestorTitles":["patient activity API flow in memory mode"],"fullName":"patient activity API flow in memory mode validates duration, intensity and text, and returns 404 for unknown patients","status":"passed","title":"validates duration, intensity and text, and returns 404 for unknown patients","duration":5.754599999999982,"failureMessages":[],"meta":{},"tags":[],"benchmarks":[]}],"startTime":1789508526627,"endTime":1789508526649.7546,"status":"passed","message":"","name":"C:/Users/facun/OneDrive/Desktop/Personal/Vero Insta/Plan V/plan-v/server/activity-flow.integration.test.ts"},{"assertionResults":[{"ancestorTitles":["calculateAdherence"],"fullName":"calculateAdherence does not count pending meals toward the score","status":"passed","title":"does not count pending meals toward the score","duration":55.2170000000001,"failureMessages":[],"meta":{},"tags":[],"benchmarks":[]},{"ancestorTitles":["calculateAdherence"],"fullName":"calculateAdherence counts confirmed and adjusted meals against the planned slots of the last 7 days","status":"passed","title":"counts confirmed and adjusted meals against the planned slots of the last 7 days","duration":0.8752999999999247,"failureMessages":[],"meta":{},"tags":[],"benchmarks":[]},{"ancestorTitles":["calculateAdherence"],"fullName":"calculateAdherence ignores reviewed meals older than the 7-day window","status":"passed","title":"ignores reviewed meals older than the 7-day window","duration":0.8544999999999163,"failureMessages":[],"meta":{},"tags":[],"benchmarks":[]},{"ancestorTitles":["calculateAdherence"],"fullName":"calculateAdherence averages the week hydration as 25% of the score, counting unlogged days as zero","status":"passed","title":"averages the week hydration as 25% of the score, counting unlogged days as zero","duration":2.3230000000000928,"failureMessages":[],"meta":{},"tags":[],"benchmarks":[]},{"ancestorTitles":["calculateAdherence"],"fullName":"calculateAdherence counts days without a habit log as zero water","status":"passed","title":"counts days without a habit log as zero water","duration":0.4877000000001317,"failureMessages":[],"meta":{},"tags":[],"benchmarks":[]},{"ancestorTitles":["calculateAdherence"],"fullName":"calculateAdherence treats an empty plan as fully covered and never divides by zero","status":"passed","title":"treats an empty plan as fully covered and never divides by zero","duration":0.2261999999998352,"failureMessages":[],"meta":{},"tags":[],"benchmarks":[]},{"ancestorTitles":["calculateAdherence"],"fullName":"calculateAdherence is deterministic for the same inputs","status":"passed","title":"is deterministic for the same inputs","duration":2.5077000000001135,"failureMessages":[],"meta":{},"tags":[],"benchmarks":[]}],"startTime":1789508524139,"endTime":1789508524207.5078,"status":"passed","message":"","name":"C:/Users/facun/OneDrive/Desktop/Personal/Vero Insta/Plan V/plan-v/server/adherence.test.ts"},{"assertionResults":[{"ancestorTitles":["appointment API flow in memory mode"],"fullName":"appointment API flow in memory mode schedules the next appointment and records a timeline event","status":"passed","title":"schedules the next appointment and records a timeline event","duration":13.702999999999975,"failureMessages":[],"meta":{},"tags":[],"benchmarks":[]},{"ancestorTitles":["appointment API flow in memory mode"],"fullName":"appointment API flow in memory mode cancels the appointment with a null payload","status":"passed","title":"cancels the appointment with a null payload","duration":1.5234000000000378,"failureMessages":[],"meta":{},"tags":[],"benchmarks":[]},{"ancestorTitles":["appointment API flow in memory mode"],"fullName":"appointment API flow in memory mode stores a safe HTTPS meeting link and rejects unsafe URLs","status":"passed","title":"stores a safe HTTPS meeting link and rejects unsafe URLs","duration":4.85349999999994,"failureMessages":[],"meta":{},"tags":[],"benchmarks":[]},{"ancestorTitles":["appointment API flow in memory mode"],"fullName":"appointment API flow in memory mode rejects invalid appointment payloads with 400","status":"passed","title":"rejects invalid appointment payloads with 400","duration":2.712300000000141,"failureMessages":[],"meta":{},"tags":[],"benchmarks":[]}],"startTime":1789508526663,"endTime":1789508526685.7124,"status":"passed","message":"","name":"C:/Users/facun/OneDrive/Desktop/Personal/Vero Insta/Plan V/plan-v/server/appointment-flow.integration.test.ts"},{"assertionResults":[{"ancestorTitles":["billing flow in memory mode"],"fullName":"billing flow in memory mode marks a valid period active and records a non-clinical timeline event","status":"passed","title":"marks a valid period active and records a non-clinical timeline event","duration":14.89260000000013,"failureMessages":[],"meta":{},"tags":[],"benchmarks":[]},{"ancestorTitles":["billing flow in memory mode"],"fullName":"billing flow in memory mode supports an explicit waiver without inventing a billing period","status":"passed","title":"supports an explicit waiver without inventing a billing period","duration":2.0489000000000033,"failureMessages":[],"meta":{},"tags":[],"benchmarks":[]},{"ancestorTitles":["billing flow in memory mode"],"fullName":"billing flow in memory mode turns an already expired active period into past due","status":"passed","title":"turns an already expired active period into past due","duration":1.7765999999999167,"failureMessages":[],"meta":{},"tags":[],"benchmarks":[]},{"ancestorTitles":["billing flow in memory mode"],"fullName":"billing flow in memory mode rejects malformed billing updates and missing patients","status":"passed","title":"rejects malformed billing updates and missing patients","duration":2.865299999999934,"failureMessages":[],"meta":{},"tags":[],"benchmarks":[]}],"startTime":1789508526665,"endTime":1789508526686.8652,"status":"passed","message":"","name":"C:/Users/facun/OneDrive/Desktop/Personal/Vero Insta/Plan V/plan-v/server/billing-flow.integration.test.ts"},{"assertionResults":[{"ancestorTitles":["copilot brief dismissal in memory mode"],"fullName":"copilot brief dismissal in memory mode dismisses the current action and restores it only after regenerating the brief","status":"passed","title":"dismisses the current action and restores it only after regenerating the brief","duration":13.842799999999897,"failureMessages":[],"meta":{},"tags":[],"benchmarks":[]},{"ancestorTitles":["copilot brief dismissal in memory mode"],"fullName":"copilot brief dismissal in memory mode returns 404 for an unknown patient","status":"passed","title":"returns 404 for an unknown patient","duration":1.2692999999999302,"failureMessages":[],"meta":{},"tags":[],"benchmarks":[]}],"startTime":1789508526658,"endTime":1789508526673.2693,"status":"passed","message":"","name":"C:/Users/facun/OneDrive/Desktop/Personal/Vero Insta/Plan V/plan-v/server/brief-dismiss.integration.test.ts"},{"assertionResults":[{"ancestorTitles":["016 draft contract v2"],"fullName":"016 draft contract v2 is explicitly marked as review-only and not applicable","status":"passed","title":"is explicitly marked as review-only and not applicable","duration":12.70229999999998,"failureMessages":[],"meta":{},"tags":[],"benchmarks":[]},{"ancestorTitles":["016 draft contract v2"],"fullName":"016 draft contract v2 keeps patient-facing views free of internal professional fields","status":"passed","title":"keeps patient-facing views free of internal professional fields","duration":2.2213999999999885,"failureMessages":[],"meta":{},"tags":[],"benchmarks":[]},{"ancestorTitles":["016 draft contract v2"],"fullName":"016 draft contract v2 uses definer views with billing gates, not invoker views over revoked tables","status":"passed","title":"uses definer views with billing gates, not invoker views over revoked tables","duration":2.6252000000000066,"failureMessages":[],"meta":{},"tags":[],"benchmarks":[]},{"ancestorTitles":["016 draft contract v2"],"fullName":"016 draft contract v2 denies patients raw-table reads on tables with professional-only columns","status":"passed","title":"denies patients raw-table reads on tables with professional-only columns","duration":2.2121999999999957,"failureMessages":[],"meta":{},"tags":[],"benchmarks":[]},{"ancestorTitles":["016 draft contract v2"],"fullName":"016 draft contract v2 covers the demo features that need production persistence","status":"passed","title":"covers the demo features that need production persistence","duration":1.5369000000000028,"failureMessages":[],"meta":{},"tags":[],"benchmarks":[]},{"ancestorTitles":["016 draft contract v2"],"fullName":"016 draft contract v2 models the weekly menu as a recurring template, not dated rows","status":"passed","title":"models the weekly menu as a recurring template, not dated rows","duration":2.748000000000019,"failureMessages":[],"meta":{},"tags":[],"benchmarks":[]},{"ancestorTitles":["016 draft contract v2"],"fullName":"016 draft contract v2 keeps the habit snapshot derived from habit_logs, not duplicated in patients","status":"passed","title":"keeps the habit snapshot derived from habit_logs, not duplicated in patients","duration":1.5313999999999908,"failureMessages":[],"meta":{},"tags":[],"benchmarks":[]},{"ancestorTitles":["016 draft contract v2"],"fullName":"016 draft contract v2 matches current domain shapes: text source ids and appointment reminders","status":"passed","title":"matches current domain shapes: text source ids and appointment reminders","duration":1.0559000000000083,"failureMessages":[],"meta":{},"tags":[],"benchmarks":[]},{"ancestorTitles":["016 draft contract v2"],"fullName":"016 draft contract v2 prevents authenticated users from changing roles, billing or auth links","status":"passed","title":"prevents authenticated users from changing roles, billing or auth links","duration":1.5527999999999906,"failureMessages":[],"meta":{},"tags":[],"benchmarks":[]},{"ancestorTitles":["016 draft contract v2"],"fullName":"016 draft contract v2 enforces patient and nutritionist tenant pairs in every duplicated relation","status":"passed","title":"enforces patient and nutritionist tenant pairs in every duplicated relation","duration":1.3975999999999829,"failureMessages":[],"meta":{},"tags":[],"benchmarks":[]},{"ancestorTitles":["016 draft contract v2"],"fullName":"016 draft contract v2 validates message authors with a trigger and caller binding, not a check subquery","status":"passed","title":"validates message authors with a trigger and caller binding, not a check subquery","duration":1.3027000000000157,"failureMessages":[],"meta":{},"tags":[],"benchmarks":[]},{"ancestorTitles":["016 draft contract v2"],"fullName":"016 draft contract v2 keeps messages immutable and invite/payment transitions backend-only","status":"passed","title":"keeps messages immutable and invite/payment transitions backend-only","duration":1.0415000000000134,"failureMessages":[],"meta":{},"tags":[],"benchmarks":[]},{"ancestorTitles":["016 draft contract v2"],"fullName":"016 draft contract v2 restricts security-definer helpers and keeps billing checks scoped to self","status":"passed","title":"restricts security-definer helpers and keeps billing checks scoped to self","duration":0.7313999999999794,"failureMessages":[],"meta":{},"tags":[],"benchmarks":[]},{"ancestorTitles":["016 draft contract v2"],"fullName":"016 draft contract v2 defines an atomic invite acceptance that requires a confirmed matching Auth email","status":"passed","title":"defines an atomic invite acceptance that requires a confirmed matching Auth email","duration":0.7706000000000017,"failureMessages":[],"meta":{},"tags":[],"benchmarks":[]},{"ancestorTitles":["016 draft contract v2"],"fullName":"016 draft contract v2 keeps nutritionist provisioning restricted to service role","status":"passed","title":"keeps nutritionist provisioning restricted to service role","duration":1.0743999999999971,"failureMessages":[],"meta":{},"tags":[],"benchmarks":[]},{"ancestorTitles":["016 draft contract v2"],"fullName":"016 draft contract v2 defines invite lifecycle with history, not one mutable row","status":"passed","title":"defines invite lifecycle with history, not one mutable row","duration":1.1482000000000028,"failureMessages":[],"meta":{},"tags":[],"benchmarks":[]},{"ancestorTitles":["016 draft contract v2"],"fullName":"016 draft contract v2 hardens payments: idempotency, read-only nutri and financial retention","status":"passed","title":"hardens payments: idempotency, read-only nutri and financial retention","duration":1.580299999999994,"failureMessages":[],"meta":{},"tags":[],"benchmarks":[]},{"ancestorTitles":["016 draft contract v2"],"fullName":"016 draft contract v2 hardens storage: forced bucket config, canonical paths and paid reads","status":"passed","title":"hardens storage: forced bucket config, canonical paths and paid reads","duration":1.630899999999997,"failureMessages":[],"meta":{},"tags":[],"benchmarks":[]}],"startTime":1789508525094,"endTime":1789508525133.6309,"status":"passed","message":"","name":"C:/Users/facun/OneDrive/Desktop/Personal/Vero Insta/Plan V/plan-v/server/contracts-016.test.ts"},{"assertionResults":[{"ancestorTitles":["goal API flow in memory mode"],"fullName":"goal API flow in memory mode updates the goal, progress and status while recording history","status":"passed","title":"updates the goal, progress and status while recording history","duration":15.024499999999989,"failureMessages":[],"meta":{},"tags":[],"benchmarks":[]},{"ancestorTitles":["goal API flow in memory mode"],"fullName":"goal API flow in memory mode keeps the newest goal changes first and supports pausing a goal","status":"passed","title":"keeps the newest goal changes first and supports pausing a goal","duration":3.1562999999996464,"failureMessages":[],"meta":{},"tags":[],"benchmarks":[]},{"ancestorTitles":["goal API flow in memory mode"],"fullName":"goal API flow in memory mode rejects invalid or empty goal updates","status":"passed","title":"rejects invalid or empty goal updates","duration":7.692399999999907,"failureMessages":[],"meta":{},"tags":[],"benchmarks":[]}],"startTime":1789508526671,"endTime":1789508526696.6924,"status":"passed","message":"","name":"C:/Users/facun/OneDrive/Desktop/Personal/Vero Insta/Plan V/plan-v/server/goal-flow.integration.test.ts"},{"assertionResults":[{"ancestorTitles":["habit history API flow in memory mode"],"fullName":"habit history API flow in memory mode upserts today's habit log and keeps a single entry per day","status":"passed","title":"upserts today's habit log and keeps a single entry per day","duration":43.83869999999979,"failureMessages":[],"meta":{},"tags":[],"benchmarks":[]},{"ancestorTitles":["habit history API flow in memory mode"],"fullName":"habit history API flow in memory mode keeps older habit logs of the week for the adherence average","status":"passed","title":"keeps older habit logs of the week for the adherence average","duration":0.5846999999998843,"failureMessages":[],"meta":{},"tags":[],"benchmarks":[]}],"startTime":1789508526666,"endTime":1789508526710.5847,"status":"passed","message":"","name":"C:/Users/facun/OneDrive/Desktop/Personal/Vero Insta/Plan V/plan-v/server/habit-history.integration.test.ts"},{"assertionResults":[{"ancestorTitles":["meal review API flow in memory mode"],"fullName":"meal review API flow in memory mode keeps a new meal pending until the professional adjusts it","status":"passed","title":"keeps a new meal pending until the professional adjusts it","duration":47.30420000000004,"failureMessages":[],"meta":{},"tags":[],"benchmarks":[]},{"ancestorTitles":["meal review API flow in memory mode"],"fullName":"meal review API flow in memory mode never accepts pending_review as a professional review result","status":"passed","title":"never accepts pending_review as a professional review result","duration":2.650500000000193,"failureMessages":[],"meta":{},"tags":[],"benchmarks":[]}],"startTime":1789508526675,"endTime":1789508526725.6504,"status":"passed","message":"","name":"C:/Users/facun/OneDrive/Desktop/Personal/Vero Insta/Plan V/plan-v/server/meal-flow.integration.test.ts"},{"assertionResults":[{"ancestorTitles":["weekly menu API flow in memory mode"],"fullName":"weekly menu API flow in memory mode updates an existing menu slot and records a timeline event","status":"passed","title":"updates an existing menu slot and records a timeline event","duration":33.132300000000214,"failureMessages":[],"meta":{},"tags":[],"benchmarks":[]},{"ancestorTitles":["weekly menu API flow in memory mode"],"fullName":"weekly menu API flow in memory mode creates missing days and keeps canonical order","status":"passed","title":"creates missing days and keeps canonical order","duration":3.5529999999998836,"failureMessages":[],"meta":{},"tags":[],"benchmarks":[]},{"ancestorTitles":["weekly menu API flow in memory mode"],"fullName":"weekly menu API flow in memory mode rejects invalid menu updates with 400","status":"passed","title":"rejects invalid menu updates with 400","duration":4.066499999999905,"failureMessages":[],"meta":{},"tags":[],"benchmarks":[]},{"ancestorTitles":["weekly menu API flow in memory mode"],"fullName":"weekly menu API flow in memory mode adds a new slot to an existing day and recomputes adherence","status":"passed","title":"adds a new slot to an existing day and recomputes adherence","duration":3.7415000000000873,"failureMessages":[],"meta":{},"tags":[],"benchmarks":[]},{"ancestorTitles":["weekly menu API flow in memory mode"],"fullName":"weekly menu API flow in memory mode removes a menu slot and records the removal in the timeline","status":"passed","title":"removes a menu slot and records the removal in the timeline","duration":5.196400000000267,"failureMessages":[],"meta":{},"tags":[],"benchmarks":[]},{"ancestorTitles":["weekly menu API flow in memory mode"],"fullName":"weekly menu API flow in memory mode returns 404 when removing a slot that does not exist and 400 for invalid params","status":"passed","title":"returns 404 when removing a slot that does not exist and 400 for invalid params","duration":2.565100000000257,"failureMessages":[],"meta":{},"tags":[],"benchmarks":[]}],"startTime":1789508526677,"endTime":1789508526728.5652,"status":"passed","message":"","name":"C:/Users/facun/OneDrive/Desktop/Personal/Vero Insta/Plan V/plan-v/server/menu-flow.integration.test.ts"},{"assertionResults":[{"ancestorTitles":["message API flow in memory mode"],"fullName":"message API flow in memory mode stores a patient message as human-authored and returns a patient-safe view","status":"passed","title":"stores a patient message as human-authored and returns a patient-safe view","duration":14.206000000000131,"failureMessages":[],"meta":{},"tags":[],"benchmarks":[]},{"ancestorTitles":["message API flow in memory mode"],"fullName":"message API flow in memory mode keeps the AI-origin flag only for a professional message","status":"passed","title":"keeps the AI-origin flag only for a professional message","duration":1.6495000000002165,"failureMessages":[],"meta":{},"tags":[],"benchmarks":[]},{"ancestorTitles":["message API flow in memory mode"],"fullName":"message API flow in memory mode rejects blank messages and returns 404 for an unknown patient","status":"passed","title":"rejects blank messages and returns 404 for an unknown patient","duration":2.530899999999974,"failureMessages":[],"meta":{},"tags":[],"benchmarks":[]}],"startTime":1789508526657,"endTime":1789508526675.531,"status":"passed","message":"","name":"C:/Users/facun/OneDrive/Desktop/Personal/Vero Insta/Plan V/plan-v/server/message-flow.integration.test.ts"},{"assertionResults":[{"ancestorTitles":["patient onboarding in memory mode"],"fullName":"patient onboarding in memory mode creates a pending patient and a separate unsent invitation","status":"passed","title":"creates a pending patient and a separate unsent invitation","duration":15.301299999999856,"failureMessages":[],"meta":{},"tags":[],"benchmarks":[]},{"ancestorTitles":["patient onboarding in memory mode"],"fullName":"patient onboarding in memory mode rejects malformed fields and duplicate pending invitation emails","status":"passed","title":"rejects malformed fields and duplicate pending invitation emails","duration":3.7177999999998974,"failureMessages":[],"meta":{},"tags":[],"benchmarks":[]}],"startTime":1789508526663,"endTime":1789508526681.7178,"status":"passed","message":"","name":"C:/Users/facun/OneDrive/Desktop/Personal/Vero Insta/Plan V/plan-v/server/patient-onboarding.integration.test.ts"},{"assertionResults":[{"ancestorTitles":["patient profile API flow in memory mode"],"fullName":"patient profile API flow in memory mode updates the editable patient profile and recalculates initials","status":"passed","title":"updates the editable patient profile and recalculates initials","duration":15.25059999999985,"failureMessages":[],"meta":{},"tags":[],"benchmarks":[]},{"ancestorTitles":["patient profile API flow in memory mode"],"fullName":"patient profile API flow in memory mode archives and restores a patient without deleting the record","status":"passed","title":"archives and restores a patient without deleting the record","duration":3.879699999999957,"failureMessages":[],"meta":{},"tags":[],"benchmarks":[]},{"ancestorTitles":["patient profile API flow in memory mode"],"fullName":"patient profile API flow in memory mode rejects empty or invalid profile and archive payloads","status":"passed","title":"rejects empty or invalid profile and archive payloads","duration":5.7400000000002365,"failureMessages":[],"meta":{},"tags":[],"benchmarks":[]}],"startTime":1789508526671,"endTime":1789508526695.74,"status":"passed","message":"","name":"C:/Users/facun/OneDrive/Desktop/Personal/Vero Insta/Plan V/plan-v/server/patient-profile-flow.integration.test.ts"},{"assertionResults":[{"ancestorTitles":["resource assignment API flow in memory mode"],"fullName":"resource assignment API flow in memory mode assigns one editorial guide to one or many patients without duplicates","status":"passed","title":"assigns one editorial guide to one or many patients without duplicates","duration":16.50579999999991,"failureMessages":[],"meta":{},"tags":[],"benchmarks":[]},{"ancestorTitles":["resource assignment API flow in memory mode"],"fullName":"resource assignment API flow in memory mode marks only an assigned guide as read and returns a patient-safe view","status":"passed","title":"marks only an assigned guide as read and returns a patient-safe view","duration":4.51969999999983,"failureMessages":[],"meta":{},"tags":[],"benchmarks":[]},{"ancestorTitles":["resource assignment API flow in memory mode"],"fullName":"resource assignment API flow in memory mode rejects unknown guides, duplicate patient ids and partial bulk writes","status":"passed","title":"rejects unknown guides, duplicate patient ids and partial bulk writes","duration":4.489500000000135,"failureMessages":[],"meta":{},"tags":[],"benchmarks":[]}],"startTime":1789508526644,"endTime":1789508526670.4895,"status":"passed","message":"","name":"C:/Users/facun/OneDrive/Desktop/Personal/Vero Insta/Plan V/plan-v/server/resource-assignment-flow.integration.test.ts"},{"assertionResults":[{"ancestorTitles":["API input schemas"],"fullName":"API input schemas requires a supported slot and either a description or an image","status":"passed","title":"requires a supported slot and either a description or an image","duration":4.863700000000108,"failureMessages":[],"meta":{},"tags":[],"benchmarks":[]},{"ancestorTitles":["API input schemas"],"fullName":"API input schemas rejects oversized meal descriptions and image payloads","status":"passed","title":"rejects oversized meal descriptions and image payloads","duration":2.560899999999947,"failureMessages":[],"meta":{},"tags":[],"benchmarks":[]},{"ancestorTitles":["API input schemas"],"fullName":"API input schemas only accepts professional review states","status":"passed","title":"only accepts professional review states","duration":1.8562000000001717,"failureMessages":[],"meta":{},"tags":[],"benchmarks":[]},{"ancestorTitles":["API input schemas"],"fullName":"API input schemas requires bounded food or macro changes for an adjusted review","status":"passed","title":"requires bounded food or macro changes for an adjusted review","duration":0.7063000000000557,"failureMessages":[],"meta":{},"tags":[],"benchmarks":[]},{"ancestorTitles":["API input schemas"],"fullName":"API input schemas trims messages and rejects empty or oversized text","status":"passed","title":"trims messages and rejects empty or oversized text","duration":0.5371000000000095,"failureMessages":[],"meta":{},"tags":[],"benchmarks":[]},{"ancestorTitles":["API input schemas"],"fullName":"API input schemas normalizes patient onboarding fields and rejects invalid contact data","status":"passed","title":"normalizes patient onboarding fields and rejects invalid contact data","duration":0.9500000000000455,"failureMessages":[],"meta":{},"tags":[],"benchmarks":[]},{"ancestorTitles":["API input schemas"],"fullName":"API input schemas validates patient profile edits and archive state","status":"passed","title":"validates patient profile edits and archive state","duration":0.8876999999999953,"failureMessages":[],"meta":{},"tags":[],"benchmarks":[]},{"ancestorTitles":["API input schemas"],"fullName":"API input schemas bounds habit and nutritionist setup values","status":"passed","title":"bounds habit and nutritionist setup values","duration":1.674900000000207,"failureMessages":[],"meta":{},"tags":[],"benchmarks":[]},{"ancestorTitles":["API input schemas"],"fullName":"API input schemas validates weekly menu slot updates","status":"passed","title":"validates weekly menu slot updates","duration":1.4727000000000317,"failureMessages":[],"meta":{},"tags":[],"benchmarks":[]},{"ancestorTitles":["API input schemas"],"fullName":"API input schemas validates appointment scheduling and cancellation","status":"passed","title":"validates appointment scheduling and cancellation","duration":1.6841999999999189,"failureMessages":[],"meta":{},"tags":[],"benchmarks":[]},{"ancestorTitles":["API input schemas"],"fullName":"API input schemas accepts only HTTPS meeting links when present","status":"passed","title":"accepts only HTTPS meeting links when present","duration":1.1347000000000662,"failureMessages":[],"meta":{},"tags":[],"benchmarks":[]},{"ancestorTitles":["API input schemas"],"fullName":"API input schemas requires an inclusive end date only when billing is active","status":"passed","title":"requires an inclusive end date only when billing is active","duration":0.9528000000000247,"failureMessages":[],"meta":{},"tags":[],"benchmarks":[]},{"ancestorTitles":["API input schemas"],"fullName":"API input schemas validates complete goal updates","status":"passed","title":"validates complete goal updates","duration":0.49949999999989814,"failureMessages":[],"meta":{},"tags":[],"benchmarks":[]}],"startTime":1789508526275,"endTime":1789508526294.4995,"status":"passed","message":"","name":"C:/Users/facun/OneDrive/Desktop/Personal/Vero Insta/Plan V/plan-v/server/schemas.test.ts"},{"assertionResults":[{"ancestorTitles":["timeline emission in Supabase mode (parity with memory)"],"fullName":"timeline emission in Supabase mode (parity with memory) emits meal_logged when a patient meal is analyzed and stored","status":"passed","title":"emits meal_logged when a patient meal is analyzed and stored","duration":32.266999999999825,"failureMessages":[],"meta":{},"tags":[],"benchmarks":[]},{"ancestorTitles":["timeline emission in Supabase mode (parity with memory)"],"fullName":"timeline emission in Supabase mode (parity with memory) emits meal_logged confirmado with foods and kcal on review","status":"passed","title":"emits meal_logged confirmado with foods and kcal on review","duration":2.6376000000000204,"failureMessages":[],"meta":{},"tags":[],"benchmarks":[]},{"ancestorTitles":["timeline emission in Supabase mode (parity with memory)"],"fullName":"timeline emission in Supabase mode (parity with memory) emits meal_logged ajustado when the review adjusts","status":"passed","title":"emits meal_logged ajustado when the review adjusts","duration":2.1907999999998538,"failureMessages":[],"meta":{},"tags":[],"benchmarks":[]},{"ancestorTitles":["timeline emission in Supabase mode (parity with memory)"],"fullName":"timeline emission in Supabase mode (parity with memory) does not emit timeline events on habit updates (memory parity)","status":"passed","title":"does not emit timeline events on habit updates (memory parity)","duration":1.8884000000002743,"failureMessages":[],"meta":{},"tags":[],"benchmarks":[]}],"startTime":1789508526591,"endTime":1789508526629.8884,"status":"passed","message":"","name":"C:/Users/facun/OneDrive/Desktop/Personal/Vero Insta/Plan V/plan-v/server/timeline-emission.integration.test.ts"},{"assertionResults":[{"ancestorTitles":["entrada al diseño de la demo local"],"fullName":"entrada al diseño de la demo local abre Nutrigo en la raíz sin exigir una query","status":"passed","title":"abre Nutrigo en la raíz sin exigir una query","duration":1.2329999999999757,"failureMessages":[],"meta":{},"tags":[],"benchmarks":[]},{"ancestorTitles":["entrada al diseño de la demo local"],"fullName":"entrada al diseño de la demo local conserva el enlace explícito al nuevo diseño","status":"passed","title":"conserva el enlace explícito al nuevo diseño","duration":0.2738000000000227,"failureMessages":[],"meta":{},"tags":[],"benchmarks":[]},{"ancestorTitles":["entrada al diseño de la demo local"],"fullName":"entrada al diseño de la demo local permite abrir la versión anterior de forma explícita","status":"passed","title":"permite abrir la versión anterior de forma explícita","duration":0.12010000000000787,"failureMessages":[],"meta":{},"tags":[],"benchmarks":[]},{"ancestorTitles":["entrada al diseño de la demo local"],"fullName":"entrada al diseño de la demo local no habilita el diseño demo fuera de sus guardas: {\"development\":false}","status":"passed","title":"no habilita el diseño demo fuera de sus guardas: {\"development\":false}","duration":0.15439999999998122,"failureMessages":[],"meta":{},"tags":[],"benchmarks":[]},{"ancestorTitles":["entrada al diseño de la demo local"],"fullName":"entrada al diseño de la demo local no habilita el diseño demo fuera de sus guardas: {\"demoMode\":false}","status":"passed","title":"no habilita el diseño demo fuera de sus guardas: {\"demoMode\":false}","duration":0.09409999999999741,"failureMessages":[],"meta":{},"tags":[],"benchmarks":[]},{"ancestorTitles":["entrada al diseño de la demo local"],"fullName":"entrada al diseño de la demo local no habilita el diseño demo fuera de sus guardas: {\"hasSession\":true}","status":"passed","title":"no habilita el diseño demo fuera de sus guardas: {\"hasSession\":true}","duration":0.10080000000002087,"failureMessages":[],"meta":{},"tags":[],"benchmarks":[]},{"ancestorTitles":["entrada al diseño de la demo local"],"fullName":"entrada al diseño de la demo local no habilita el diseño demo fuera de sus guardas: {\"supabaseEnabled\":true}","status":"passed","title":"no habilita el diseño demo fuera de sus guardas: {\"supabaseEnabled\":true}","duration":0.09210000000001628,"failureMessages":[],"meta":{},"tags":[],"benchmarks":[]}],"startTime":1789508526389,"endTime":1789508526391.1008,"status":"passed","message":"","name":"C:/Users/facun/OneDrive/Desktop/Personal/Vero Insta/Plan V/plan-v/src/components/design-entry.test.ts"},{"assertionResults":[{"ancestorTitles":["PlanVExperience initial-load boundary"],"fullName":"PlanVExperience initial-load boundary loads patient and CRM surfaces only on demand","status":"passed","title":"loads patient and CRM surfaces only on demand","duration":18.56619999999998,"failureMessages":[],"meta":{},"tags":[],"benchmarks":[]}],"startTime":1789508526154,"endTime":1789508526172.5662,"status":"passed","message":"","name":"C:/Users/facun/OneDrive/Desktop/Personal/Vero Insta/Plan V/plan-v/src/components/PlanVExperience.perf.test.ts"},{"assertionResults":[{"ancestorTitles":["authorizePatientAction"],"fullName":"authorizePatientAction returns the actor when the relation and action are allowed","status":"passed","title":"returns the actor when the relation and action are allowed","duration":2.901399999999967,"failureMessages":[],"meta":{},"tags":[],"benchmarks":[]},{"ancestorTitles":["authorizePatientAction"],"fullName":"authorizePatientAction separates professional assignment from patient read tracking","status":"passed","title":"separates professional assignment from patient read tracking","duration":0.8086000000000126,"failureMessages":[],"meta":{},"tags":[],"benchmarks":[]},{"ancestorTitles":["authorizePatientAction"],"fullName":"authorizePatientAction fails closed for a cross-nutritionist patient","status":"passed","title":"fails closed for a cross-nutritionist patient","duration":0.3051999999999566,"failureMessages":[],"meta":{},"tags":[],"benchmarks":[]},{"ancestorTitles":["authorizePatientAction"],"fullName":"authorizePatientAction fails closed when the profile or patient relation cannot be resolved","status":"passed","title":"fails closed when the profile or patient relation cannot be resolved","duration":0.3824999999999932,"failureMessages":[],"meta":{},"tags":[],"benchmarks":[]}],"startTime":1789508526217,"endTime":1789508526221.3826,"status":"passed","message":"","name":"C:/Users/facun/OneDrive/Desktop/Personal/Vero Insta/Plan V/plan-v/server/security/authorization.test.ts"},{"assertionResults":[{"ancestorTitles":["resolveRequestAuth"],"fullName":"resolveRequestAuth keeps local demo mode available when Supabase is disabled","status":"passed","title":"keeps local demo mode available when Supabase is disabled","duration":2.675000000000068,"failureMessages":[],"meta":{},"tags":[],"benchmarks":[]},{"ancestorTitles":["resolveRequestAuth"],"fullName":"resolveRequestAuth rejects unauthenticated protected requests when Supabase is enabled","status":"passed","title":"rejects unauthenticated protected requests when Supabase is enabled","duration":0.43280000000004293,"failureMessages":[],"meta":{},"tags":[],"benchmarks":[]},{"ancestorTitles":["resolveRequestAuth"],"fullName":"resolveRequestAuth keeps health public when Supabase is enabled","status":"passed","title":"keeps health public when Supabase is enabled","duration":0.4576999999999316,"failureMessages":[],"meta":{},"tags":[],"benchmarks":[]},{"ancestorTitles":["resolveRequestAuth"],"fullName":"resolveRequestAuth accepts a verified Supabase user","status":"passed","title":"accepts a verified Supabase user","duration":0.37800000000004275,"failureMessages":[],"meta":{},"tags":[],"benchmarks":[]},{"ancestorTitles":["canAccessPatient"],"fullName":"canAccessPatient allows a patient to perform read_self only on their own record","status":"passed","title":"allows a patient to perform read_self only on their own record","duration":0.5205999999999449,"failureMessages":[],"meta":{},"tags":[],"benchmarks":[]},{"ancestorTitles":["canAccessPatient"],"fullName":"canAccessPatient allows a patient to perform read_patient only on their own record","status":"passed","title":"allows a patient to perform read_patient only on their own record","duration":0.1734000000000151,"failureMessages":[],"meta":{},"tags":[],"benchmarks":[]},{"ancestorTitles":["canAccessPatient"],"fullName":"canAccessPatient allows a patient to perform analyze_meal only on their own record","status":"passed","title":"allows a patient to perform analyze_meal only on their own record","duration":1.1644000000000005,"failureMessages":[],"meta":{},"tags":[],"benchmarks":[]},{"ancestorTitles":["canAccessPatient"],"fullName":"canAccessPatient allows a patient to perform update_habits only on their own record","status":"passed","title":"allows a patient to perform update_habits only on their own record","duration":0.17439999999999145,"failureMessages":[],"meta":{},"tags":[],"benchmarks":[]},{"ancestorTitles":["canAccessPatient"],"fullName":"canAccessPatient allows a patient to perform log_activity only on their own record","status":"passed","title":"allows a patient to perform log_activity only on their own record","duration":0.5356000000000449,"failureMessages":[],"meta":{},"tags":[],"benchmarks":[]},{"ancestorTitles":["canAccessPatient"],"fullName":"canAccessPatient allows a patient to perform read_resource only on their own record","status":"passed","title":"allows a patient to perform read_resource only on their own record","duration":0.2479999999999336,"failureMessages":[],"meta":{},"tags":[],"benchmarks":[]},{"ancestorTitles":["canAccessPatient"],"fullName":"canAccessPatient allows a patient to perform send_message only on their own record","status":"passed","title":"allows a patient to perform send_message only on their own record","duration":0.1754000000000815,"failureMessages":[],"meta":{},"tags":[],"benchmarks":[]},{"ancestorTitles":["canAccessPatient"],"fullName":"canAccessPatient does not allow a patient to perform the professional action read_clinical","status":"passed","title":"does not allow a patient to perform the professional action read_clinical","duration":0.11050000000000182,"failureMessages":[],"meta":{},"tags":[],"benchmarks":[]},{"ancestorTitles":["canAccessPatient"],"fullName":"canAccessPatient does not allow a patient to perform the professional action review_meal","status":"passed","title":"does not allow a patient to perform the professional action review_meal","duration":0.051000000000044565,"failureMessages":[],"meta":{},"tags":[],"benchmarks":[]},{"ancestorTitles":["canAccessPatient"],"fullName":"canAccessPatient does not allow a patient to perform the professional action generate_copilot","status":"passed","title":"does not allow a patient to perform the professional action generate_copilot","duration":0.05420000000003711,"failureMessages":[],"meta":{},"tags":[],"benchmarks":[]},{"ancestorTitles":["canAccessPatient"],"fullName":"canAccessPatient does not allow a patient to perform the professional action edit_patient","status":"passed","title":"does not allow a patient to perform the professional action edit_patient","duration":0.09980000000007294,"failureMessages":[],"meta":{},"tags":[],"benchmarks":[]},{"ancestorTitles":["canAccessPatient"],"fullName":"canAccessPatient does not allow a patient to perform the professional action archive_patient","status":"passed","title":"does not allow a patient to perform the professional action archive_patient","duration":0.053999999999973625,"failureMessages":[],"meta":{},"tags":[],"benchmarks":[]},{"ancestorTitles":["canAccessPatient"],"fullName":"canAccessPatient does not allow a patient to perform the professional action edit_menu","status":"passed","title":"does not allow a patient to perform the professional action edit_menu","duration":0.04870000000005348,"failureMessages":[],"meta":{},"tags":[],"benchmarks":[]},{"ancestorTitles":["canAccessPatient"],"fullName":"canAccessPatient does not allow a patient to perform the professional action edit_appointment","status":"passed","title":"does not allow a patient to perform the professional action edit_appointment","duration":0.038000000000010914,"failureMessages":[],"meta":{},"tags":[],"benchmarks":[]},{"ancestorTitles":["canAccessPatient"],"fullName":"canAccessPatient does not allow a patient to perform the professional action edit_goal","status":"passed","title":"does not allow a patient to perform the professional action edit_goal","duration":0.03700000000003456,"failureMessages":[],"meta":{},"tags":[],"benchmarks":[]},{"ancestorTitles":["canAccessPatient"],"fullName":"canAccessPatient does not allow a patient to perform the professional action edit_billing","status":"passed","title":"does not allow a patient to perform the professional action edit_billing","duration":0.041600000000016735,"failureMessages":[],"meta":{},"tags":[],"benchmarks":[]},{"ancestorTitles":["canAccessPatient"],"fullName":"canAccessPatient does not allow a patient to perform the professional action assign_resource","status":"passed","title":"does not allow a patient to perform the professional action assign_resource","duration":0.04629999999997381,"failureMessages":[],"meta":{},"tags":[],"benchmarks":[]},{"ancestorTitles":["canAccessPatient"],"fullName":"canAccessPatient allows a nutritionist to access only their assigned patients","status":"passed","title":"allows a nutritionist to access only their assigned patients","duration":0.33379999999999654,"failureMessages":[],"meta":{},"tags":[],"benchmarks":[]},{"ancestorTitles":["canAccessPatient"],"fullName":"canAccessPatient only lets nutritionists create patients","status":"passed","title":"only lets nutritionists create patients","duration":0.16409999999996217,"failureMessages":[],"meta":{},"tags":[],"benchmarks":[]},{"ancestorTitles":["canAccessPatient"],"fullName":"canAccessPatient lets a locked patient read their minimal view and messages but blocks health mutations","status":"passed","title":"lets a locked patient read their minimal view and messages but blocks health mutations","duration":0.17629999999996926,"failureMessages":[],"meta":{},"tags":[],"benchmarks":[]},{"ancestorTitles":["toPatientSelfView"],"fullName":"toPatientSelfView removes professional-only fields and unsent messages","status":"passed","title":"removes professional-only fields and unsent messages","duration":1.1169999999999618,"failureMessages":[],"meta":{},"tags":[],"benchmarks":[]},{"ancestorTitles":["toPatientSelfView"],"fullName":"toPatientSelfView removes professional notes from direct meal-analysis responses","status":"passed","title":"removes professional notes from direct meal-analysis responses","duration":0.25099999999997635,"failureMessages":[],"meta":{},"tags":[],"benchmarks":[]},{"ancestorTitles":["toPatientSelfView"],"fullName":"toPatientSelfView does not mutate the internal patient record","status":"passed","title":"does not mutate the internal patient record","duration":0.8913000000000011,"failureMessages":[],"meta":{},"tags":[],"benchmarks":[]},{"ancestorTitles":["toPatientSelfView"],"fullName":"toPatientSelfView returns only identity, billing state and sent messages when access is locked","status":"passed","title":"returns only identity, billing state and sent messages when access is locked","duration":1.4315000000000282,"failureMessages":[],"meta":{},"tags":[],"benchmarks":[]}],"startTime":1789508526128,"endTime":1789508526140.4314,"status":"passed","message":"","name":"C:/Users/facun/OneDrive/Desktop/Personal/Vero Insta/Plan V/plan-v/server/security/contracts.test.ts"},{"assertionResults":[{"ancestorTitles":["mapMessage"],"fullName":"mapMessage derives message direction from the author profile role","status":"passed","title":"derives message direction from the author profile role","duration":3.1641999999997097,"failureMessages":[],"meta":{},"tags":[],"benchmarks":[]},{"ancestorTitles":["mapMessage"],"fullName":"mapMessage fails closed when the author role is missing or invalid","status":"passed","title":"fails closed when the author role is missing or invalid","duration":0.5868999999997868,"failureMessages":[],"meta":{},"tags":[],"benchmarks":[]},{"ancestorTitles":["sbAddMessage (016 v2)"],"fullName":"sbAddMessage (016 v2) persists sent messages with sent_at so the patient thread can see them","status":"passed","title":"persists sent messages with sent_at so the patient thread can see them","duration":2.021900000000187,"failureMessages":[],"meta":{},"tags":[],"benchmarks":[]},{"ancestorTitles":["sbAddMealLog (016 v2)"],"fullName":"sbAddMealLog (016 v2) writes photo_path (never photo_url) per the 016 v2 schema","status":"passed","title":"writes photo_path (never photo_url) per the 016 v2 schema","duration":1.3315999999999804,"failureMessages":[],"meta":{},"tags":[],"benchmarks":[]},{"ancestorTitles":["sbAddMealLog (016 v2)"],"fullName":"sbAddMealLog (016 v2) rejects inline data URLs: photos must go through the Storage contract first","status":"passed","title":"rejects inline data URLs: photos must go through the Storage contract first","duration":2.644300000000385,"failureMessages":[],"meta":{},"tags":[],"benchmarks":[]},{"ancestorTitles":["weekly menu mapping (016 v2)"],"fullName":"weekly menu mapping (016 v2) maps meal_slots rows into weekPlan day groups and derives todayPlan","status":"passed","title":"maps meal_slots rows into weekPlan day groups and derives todayPlan","duration":1.9514000000003762,"failureMessages":[],"meta":{},"tags":[],"benchmarks":[]},{"ancestorTitles":["weekly menu mapping (016 v2)"],"fullName":"weekly menu mapping (016 v2) upserts slots by (patient_id, weekday, slot) using contract enums","status":"passed","title":"upserts slots by (patient_id, weekday, slot) using contract enums","duration":0.3492999999998574,"failureMessages":[],"meta":{},"tags":[],"benchmarks":[]},{"ancestorTitles":["weekly menu mapping (016 v2)"],"fullName":"weekly menu mapping (016 v2) deletes slots by (patient_id, weekday, slot)","status":"passed","title":"deletes slots by (patient_id, weekday, slot)","duration":0.6652999999996609,"failureMessages":[],"meta":{},"tags":[],"benchmarks":[]},{"ancestorTitles":["menuWeekdayIndex"],"fullName":"menuWeekdayIndex uses Monday=0 … Sunday=6 with local dates","status":"passed","title":"uses Monday=0 … Sunday=6 with local dates","duration":0.6736999999998261,"failureMessages":[],"meta":{},"tags":[],"benchmarks":[]},{"ancestorTitles":["ai_briefs dismissal (016 v2)"],"fullName":"ai_briefs dismissal (016 v2) maps a pending brief as visible (not dismissed)","status":"passed","title":"maps a pending brief as visible (not dismissed)","duration":0.7866999999996551,"failureMessages":[],"meta":{},"tags":[],"benchmarks":[]},{"ancestorTitles":["ai_briefs dismissal (016 v2)"],"fullName":"ai_briefs dismissal (016 v2) maps a dismissed latest brief with briefDismissed=true, keeping it internal","status":"passed","title":"maps a dismissed latest brief with briefDismissed=true, keeping it internal","duration":0.5283000000003995,"failureMessages":[],"meta":{},"tags":[],"benchmarks":[]},{"ancestorTitles":["ai_briefs dismissal (016 v2)"],"fullName":"ai_briefs dismissal (016 v2) hides briefs whose latest status is done or missing","status":"passed","title":"hides briefs whose latest status is done or missing","duration":0.4913000000001375,"failureMessages":[],"meta":{},"tags":[],"benchmarks":[]},{"ancestorTitles":["ai_briefs dismissal (016 v2)"],"fullName":"ai_briefs dismissal (016 v2) dismisses only the pending brief, with actor and timestamp","status":"passed","title":"dismisses only the pending brief, with actor and timestamp","duration":0.6566000000002532,"failureMessages":[],"meta":{},"tags":[],"benchmarks":[]},{"ancestorTitles":["appointments (016 v2)"],"fullName":"appointments (016 v2) computes the next weekday occurrence at the patient wall time","status":"passed","title":"computes the next weekday occurrence at the patient wall time","duration":20.803300000000036,"failureMessages":[],"meta":{},"tags":[],"benchmarks":[]},{"ancestorTitles":["appointments (016 v2)"],"fullName":"appointments (016 v2) uses the same day when the wall time is still ahead","status":"passed","title":"uses the same day when the wall time is still ahead","duration":0.5369999999998072,"failureMessages":[],"meta":{},"tags":[],"benchmarks":[]},{"ancestorTitles":["appointments (016 v2)"],"fullName":"appointments (016 v2) rolls to next week when the wall time already passed","status":"passed","title":"rolls to next week when the wall time already passed","duration":0.5244000000002416,"failureMessages":[],"meta":{},"tags":[],"benchmarks":[]},{"ancestorTitles":["appointments (016 v2)"],"fullName":"appointments (016 v2) formats starts_at back to the domain display string","status":"passed","title":"formats starts_at back to the domain display string","duration":0.5104000000001179,"failureMessages":[],"meta":{},"tags":[],"benchmarks":[]},{"ancestorTitles":["appointments (016 v2)"],"fullName":"appointments (016 v2) replaces the scheduled appointment and persists starts_at","status":"passed","title":"replaces the scheduled appointment and persists starts_at","duration":1.039900000000216,"failureMessages":[],"meta":{},"tags":[],"benchmarks":[]},{"ancestorTitles":["appointments (016 v2)"],"fullName":"appointments (016 v2) clears the scheduled appointment without inserting when null","status":"passed","title":"clears the scheduled appointment without inserting when null","duration":0.2365999999997257,"failureMessages":[],"meta":{},"tags":[],"benchmarks":[]},{"ancestorTitles":["appointments (016 v2)"],"fullName":"appointments (016 v2) maps the next scheduled appointment into the domain patient","status":"passed","title":"maps the next scheduled appointment into the domain patient","duration":0.5399999999999636,"failureMessages":[],"meta":{},"tags":[],"benchmarks":[]},{"ancestorTitles":["appointments (016 v2)"],"fullName":"appointments (016 v2) leaves appointment null without scheduled rows","status":"passed","title":"leaves appointment null without scheduled rows","duration":0.3373999999998887,"failureMessages":[],"meta":{},"tags":[],"benchmarks":[]},{"ancestorTitles":["timeline_events (016 v2)"],"fullName":"timeline_events (016 v2) inserts timeline events with professional visibility by default","status":"passed","title":"inserts timeline events with professional visibility by default","duration":0.41580000000021755,"failureMessages":[],"meta":{},"tags":[],"benchmarks":[]},{"ancestorTitles":["timeline_events (016 v2)"],"fullName":"timeline_events (016 v2) allows explicit patient visibility for patient-safe events","status":"passed","title":"allows explicit patient visibility for patient-safe events","duration":0.2696000000000822,"failureMessages":[],"meta":{},"tags":[],"benchmarks":[]},{"ancestorTitles":["timeline_events (016 v2)"],"fullName":"timeline_events (016 v2) maps persisted events with HOY/AYER/date labels, newest first","status":"passed","title":"maps persisted events with HOY/AYER/date labels, newest first","duration":0.7959999999998217,"failureMessages":[],"meta":{},"tags":[],"benchmarks":[]},{"ancestorTitles":["timeline_events (016 v2)"],"fullName":"timeline_events (016 v2) returns an empty timeline without fabricating events from meal logs","status":"passed","title":"returns an empty timeline without fabricating events from meal logs","duration":0.5623000000000502,"failureMessages":[],"meta":{},"tags":[],"benchmarks":[]},{"ancestorTitles":["reminders (016 v2)"],"fullName":"reminders (016 v2) upserts reminder config with contract enums and conflict key","status":"passed","title":"upserts reminder config with contract enums and conflict key","duration":0.38839999999981956,"failureMessages":[],"meta":{},"tags":[],"benchmarks":[]},{"ancestorTitles":["reminders (016 v2)"],"fullName":"reminders (016 v2) maps all domain kinds: comida, agua, consulta, sueno","status":"passed","title":"maps all domain kinds: comida, agua, consulta, sueno","duration":0.3467999999998028,"failureMessages":[],"meta":{},"tags":[],"benchmarks":[]},{"ancestorTitles":["reminders (016 v2)"],"fullName":"reminders (016 v2) deletes reminder config by (patient_id, kind, time_local)","status":"passed","title":"deletes reminder config by (patient_id, kind, time_local)","duration":0.4130000000000109,"failureMessages":[],"meta":{},"tags":[],"benchmarks":[]},{"ancestorTitles":["reminders (016 v2)"],"fullName":"reminders (016 v2) rejects unknown kinds without touching the database","status":"passed","title":"rejects unknown kinds without touching the database","duration":0.6246000000001004,"failureMessages":[],"meta":{},"tags":[],"benchmarks":[]},{"ancestorTitles":["reminders (016 v2)"],"fullName":"reminders (016 v2) loads reminder config with domain labels and HH:MM times","status":"passed","title":"loads reminder config with domain labels and HH:MM times","duration":0.36599999999998545,"failureMessages":[],"meta":{},"tags":[],"benchmarks":[]},{"ancestorTitles":["localDateId"],"fullName":"localDateId formats the local calendar date, never UTC","status":"passed","title":"formats the local calendar date, never UTC","duration":0.21309999999994034,"failureMessages":[],"meta":{},"tags":[],"benchmarks":[]},{"ancestorTitles":["habit_logs (016 v2)"],"fullName":"habit_logs (016 v2) derives today snapshot (hydration, energy, sleep) from the local-day habit log","status":"passed","title":"derives today snapshot (hydration, energy, sleep) from the local-day habit log","duration":0.8033000000000357,"failureMessages":[],"meta":{},"tags":[],"benchmarks":[]},{"ancestorTitles":["habit_logs (016 v2)"],"fullName":"habit_logs (016 v2) defaults the snapshot when there is no habit log for today","status":"passed","title":"defaults the snapshot when there is no habit log for today","duration":0.35210000000006403,"failureMessages":[],"meta":{},"tags":[],"benchmarks":[]},{"ancestorTitles":["habit_logs (016 v2)"],"fullName":"habit_logs (016 v2) upserts habit logs by (patient_id, date) merging with the existing row","status":"passed","title":"upserts habit logs by (patient_id, date) merging with the existing row","duration":3.343499999999949,"failureMessages":[],"meta":{},"tags":[],"benchmarks":[]},{"ancestorTitles":["habit_logs (016 v2)"],"fullName":"habit_logs (016 v2) inserts a fresh row when the day has no log yet","status":"passed","title":"inserts a fresh row when the day has no log yet","duration":0.2937000000001717,"failureMessages":[],"meta":{},"tags":[],"benchmarks":[]}],"startTime":1789508526280,"endTime":1789508526331.3435,"status":"passed","message":"","name":"C:/Users/facun/OneDrive/Desktop/Personal/Vero Insta/Plan V/plan-v/server/db/supabase-repo.test.ts"},{"assertionResults":[{"ancestorTitles":["auth middleware"],"fullName":"auth middleware returns 401 instead of exposing demo data when Supabase is enabled","status":"passed","title":"returns 401 instead of exposing demo data when Supabase is enabled","duration":40.56719999999996,"failureMessages":[],"meta":{},"tags":[],"benchmarks":[]},{"ancestorTitles":["auth middleware"],"fullName":"auth middleware allows the public health endpoint without a token","status":"passed","title":"allows the public health endpoint without a token","duration":1.5975000000003092,"failureMessages":[],"meta":{},"tags":[],"benchmarks":[]},{"ancestorTitles":["auth middleware"],"fullName":"auth middleware passes a verified user through to protected routes","status":"passed","title":"passes a verified user through to protected routes","duration":1.0554000000001906,"failureMessages":[],"meta":{},"tags":[],"benchmarks":[]},{"ancestorTitles":["auth middleware"],"fullName":"auth middleware keeps demo access when no Supabase service role is configured","status":"passed","title":"keeps demo access when no Supabase service role is configured","duration":0.7980000000002292,"failureMessages":[],"meta":{},"tags":[],"benchmarks":[]}],"startTime":1789508526125,"endTime":1789508526169.798,"status":"passed","message":"","name":"C:/Users/facun/OneDrive/Desktop/Personal/Vero Insta/Plan V/plan-v/server/middleware/auth.test.ts"},{"assertionResults":[{"ancestorTitles":["entrada contextual al CRM"],"fullName":"entrada contextual al CRM abre la ficha del paciente solicitado, no la primera de la lista","status":"passed","title":"abre la ficha del paciente solicitado, no la primera de la lista","duration":2.0652000000000044,"failureMessages":[],"meta":{},"tags":[],"benchmarks":[]},{"ancestorTitles":["entrada contextual al CRM"],"fullName":"entrada contextual al CRM conserva el destino de revisión, plan o consultas","status":"passed","title":"conserva el destino de revisión, plan o consultas","duration":0.5215000000000032,"failureMessages":[],"meta":{},"tags":[],"benchmarks":[]},{"ancestorTitles":["entrada contextual al CRM"],"fullName":"entrada contextual al CRM abre los módulos existentes sin heredar una pestaña de ficha","status":"passed","title":"abre los módulos existentes sin heredar una pestaña de ficha","duration":0.21580000000000155,"failureMessages":[],"meta":{},"tags":[],"benchmarks":[]},{"ancestorTitles":["entrada contextual al CRM"],"fullName":"entrada contextual al CRM rechaza un paciente eliminado o archivado en vez de abrir otro","status":"passed","title":"rechaza un paciente eliminado o archivado en vez de abrir otro","duration":0.19769999999999754,"failureMessages":[],"meta":{},"tags":[],"benchmarks":[]},{"ancestorTitles":["entrada contextual al CRM"],"fullName":"entrada contextual al CRM mantiene entrada tradicional y maneja una lista vacía","status":"passed","title":"mantiene entrada tradicional y maneja una lista vacía","duration":0.31560000000001764,"failureMessages":[],"meta":{},"tags":[],"benchmarks":[]}],"startTime":1789508526225,"endTime":1789508526229.3157,"status":"passed","message":"","name":"C:/Users/facun/OneDrive/Desktop/Personal/Vero Insta/Plan V/plan-v/src/components/crm/crm-entry.test.ts"},{"assertionResults":[{"ancestorTitles":["CRM goal helpers"],"fullName":"CRM goal helpers normalizes legacy patients as active goals without invented progress","status":"passed","title":"normalizes legacy patients as active goals without invented progress","duration":2.182299999999998,"failureMessages":[],"meta":{},"tags":[],"benchmarks":[]},{"ancestorTitles":["CRM goal helpers"],"fullName":"CRM goal helpers preserves stored goal state and history","status":"passed","title":"preserves stored goal state and history","duration":0.4416999999999689,"failureMessages":[],"meta":{},"tags":[],"benchmarks":[]},{"ancestorTitles":["CRM goal helpers"],"fullName":"CRM goal helpers filters goal rows by their normalized status","status":"passed","title":"filters goal rows by their normalized status","duration":0.4311000000000149,"failureMessages":[],"meta":{},"tags":[],"benchmarks":[]}],"startTime":1789508526168,"endTime":1789508526171.4417,"status":"passed","message":"","name":"C:/Users/facun/OneDrive/Desktop/Personal/Vero Insta/Plan V/plan-v/src/components/crm/crm-goals.test.ts"},{"assertionResults":[{"ancestorTitles":["CRM interaction states"],"fullName":"CRM interaction states opens appointment preparation directly in editing mode","status":"passed","title":"opens appointment preparation directly in editing mode","duration":1.8392000000000053,"failureMessages":[],"meta":{},"tags":[],"benchmarks":[]},{"ancestorTitles":["CRM interaction states"],"fullName":"CRM interaction states routes the commandbar message action to the existing summary draft","status":"passed","title":"routes the commandbar message action to the existing summary draft","duration":0.7878999999999792,"failureMessages":[],"meta":{},"tags":[],"benchmarks":[]},{"ancestorTitles":["CRM interaction states"],"fullName":"CRM interaction states hides dismissed or empty briefs from the summary action","status":"passed","title":"hides dismissed or empty briefs from the summary action","duration":0.3494000000000028,"failureMessages":[],"meta":{},"tags":[],"benchmarks":[]}],"startTime":1789508526210,"endTime":1789508526213.3494,"status":"passed","message":"","name":"C:/Users/facun/OneDrive/Desktop/Personal/Vero Insta/Plan V/plan-v/src/components/crm/crm-interactions.test.ts"},{"assertionResults":[{"ancestorTitles":["CRM module patient actions"],"fullName":"CRM module patient actions opens appointment management from Agenda","status":"passed","title":"opens appointment management from Agenda","duration":1.84729999999999,"failureMessages":[],"meta":{},"tags":[],"benchmarks":[]},{"ancestorTitles":["CRM module patient actions"],"fullName":"CRM module patient actions keeps the record action in non-scheduling modules","status":"passed","title":"keeps the record action in non-scheduling modules","duration":0.18680000000000518,"failureMessages":[],"meta":{},"tags":[],"benchmarks":[]}],"startTime":1789508526371,"endTime":1789508526373.1868,"status":"passed","message":"","name":"C:/Users/facun/OneDrive/Desktop/Personal/Vero Insta/Plan V/plan-v/src/components/crm/crm-module-actions.test.ts"},{"assertionResults":[{"ancestorTitles":["CRM patient directory helpers"],"fullName":"CRM patient directory helpers searches active patients by name, status and goal","status":"passed","title":"searches active patients by name, status and goal","duration":2.546699999999987,"failureMessages":[],"meta":{},"tags":[],"benchmarks":[]},{"ancestorTitles":["CRM patient directory helpers"],"fullName":"CRM patient directory helpers separates active, attention and archived records","status":"passed","title":"separates active, attention and archived records","duration":0.3990000000000009,"failureMessages":[],"meta":{},"tags":[],"benchmarks":[]},{"ancestorTitles":["CRM patient directory helpers"],"fullName":"CRM patient directory helpers summarizes the directory without counting archived records as active","status":"passed","title":"summarizes the directory without counting archived records as active","duration":0.19819999999998572,"failureMessages":[],"meta":{},"tags":[],"benchmarks":[]}],"startTime":1789508526165,"endTime":1789508526168.399,"status":"passed","message":"","name":"C:/Users/facun/OneDrive/Desktop/Personal/Vero Insta/Plan V/plan-v/src/components/crm/crm-patients.test.ts"},{"assertionResults":[{"ancestorTitles":["groupMealLogsForReview"],"fullName":"groupMealLogsForReview splits pending from reviewed and sorts newest first inside each group","status":"passed","title":"splits pending from reviewed and sorts newest first inside each group","duration":8.254200000000026,"failureMessages":[],"meta":{},"tags":[],"benchmarks":[]},{"ancestorTitles":["groupMealLogsForReview"],"fullName":"groupMealLogsForReview does not mutate the input array","status":"passed","title":"does not mutate the input array","duration":0.19030000000000769,"failureMessages":[],"meta":{},"tags":[],"benchmarks":[]}],"startTime":1789508525397,"endTime":1789508525405.2542,"status":"passed","message":"","name":"C:/Users/facun/OneDrive/Desktop/Personal/Vero Insta/Plan V/plan-v/src/components/crm/meal-history.test.ts"},{"assertionResults":[{"ancestorTitles":["meal review draft"],"fullName":"meal review draft creates an isolated editable copy of the estimated meal","status":"passed","title":"creates an isolated editable copy of the estimated meal","duration":2.368000000000052,"failureMessages":[],"meta":{},"tags":[],"benchmarks":[]},{"ancestorTitles":["meal review draft"],"fullName":"meal review draft builds a trimmed adjusted review payload","status":"passed","title":"builds a trimmed adjusted review payload","duration":0.7244000000000028,"failureMessages":[],"meta":{},"tags":[],"benchmarks":[]},{"ancestorTitles":["meal review draft"],"fullName":"meal review draft rejects blank foods and invalid macro values before the request","status":"passed","title":"rejects blank foods and invalid macro values before the request","duration":0.3154999999999859,"failureMessages":[],"meta":{},"tags":[],"benchmarks":[]}],"startTime":1789508526217,"endTime":1789508526220.3154,"status":"passed","message":"","name":"C:/Users/facun/OneDrive/Desktop/Personal/Vero Insta/Plan V/plan-v/src/components/crm/meal-review-draft.test.ts"},{"assertionResults":[{"ancestorTitles":["availableSlotsForDay"],"fullName":"availableSlotsForDay returns every slot when the day has no meals","status":"passed","title":"returns every slot when the day has no meals","duration":1.8394999999999868,"failureMessages":[],"meta":{},"tags":[],"benchmarks":[]},{"ancestorTitles":["availableSlotsForDay"],"fullName":"availableSlotsForDay filters out slots already planned that day","status":"passed","title":"filters out slots already planned that day","duration":0.21280000000001564,"failureMessages":[],"meta":{},"tags":[],"benchmarks":[]},{"ancestorTitles":["availableSlotsForDay"],"fullName":"availableSlotsForDay returns an empty list when the day is full","status":"passed","title":"returns an empty list when the day is full","duration":0.1133000000000095,"failureMessages":[],"meta":{},"tags":[],"benchmarks":[]}],"startTime":1789508526378,"endTime":1789508526381.1133,"status":"passed","message":"","name":"C:/Users/facun/OneDrive/Desktop/Personal/Vero Insta/Plan V/plan-v/src/components/crm/menu-editor-utils.test.ts"},{"assertionResults":[{"ancestorTitles":["resolveNextStepTarget"],"fullName":"resolveNextStepTarget opens the weekly menu editor on the most relevant available day","status":"passed","title":"opens the weekly menu editor on the most relevant available day","duration":1.4084000000000003,"failureMessages":[],"meta":{},"tags":[],"benchmarks":[]},{"ancestorTitles":["resolveNextStepTarget"],"fullName":"resolveNextStepTarget opens appointment preparation in edit mode","status":"passed","title":"opens appointment preparation in edit mode","duration":0.21730000000002292,"failureMessages":[],"meta":{},"tags":[],"benchmarks":[]},{"ancestorTitles":["resolveNextStepTarget"],"fullName":"resolveNextStepTarget falls back to the first available weekly day for menu edits","status":"passed","title":"falls back to the first available weekly day for menu edits","duration":0.13469999999998095,"failureMessages":[],"meta":{},"tags":[],"benchmarks":[]}],"startTime":1789508526392,"endTime":1789508526394.2173,"status":"passed","message":"","name":"C:/Users/facun/OneDrive/Desktop/Personal/Vero Insta/Plan V/plan-v/src/components/crm/next-step-target.test.ts"},{"assertionResults":[{"ancestorTitles":["mensajes operativos del diseño Nutrigo"],"fullName":"mensajes operativos del diseño Nutrigo envía texto limpio al paciente elegido y refresca sólo ese registro","status":"passed","title":"envía texto limpio al paciente elegido y refresca sólo ese registro","duration":2.7631999999999834,"failureMessages":[],"meta":{},"tags":[],"benchmarks":[]},{"ancestorTitles":["mensajes operativos del diseño Nutrigo"],"fullName":"mensajes operativos del diseño Nutrigo la profesional envía como humana, nunca como sugerencia IA","status":"passed","title":"la profesional envía como humana, nunca como sugerencia IA","duration":0.38530000000000086,"failureMessages":[],"meta":{},"tags":[],"benchmarks":[]},{"ancestorTitles":["mensajes operativos del diseño Nutrigo"],"fullName":"mensajes operativos del diseño Nutrigo rechaza textos vacíos o demasiado largos","status":"passed","title":"rechaza textos vacíos o demasiado largos","duration":1.4662999999999897,"failureMessages":[],"meta":{},"tags":[],"benchmarks":[]},{"ancestorTitles":["mensajes operativos del diseño Nutrigo"],"fullName":"mensajes operativos del diseño Nutrigo rechaza textos vacíos o demasiado largos","status":"passed","title":"rechaza textos vacíos o demasiado largos","duration":0.4204000000000008,"failureMessages":[],"meta":{},"tags":[],"benchmarks":[]},{"ancestorTitles":["mensajes operativos del diseño Nutrigo"],"fullName":"mensajes operativos del diseño Nutrigo no refresca ni anuncia éxito si el envío falla","status":"passed","title":"no refresca ni anuncia éxito si el envío falla","duration":0.4638999999999953,"failureMessages":[],"meta":{},"tags":[],"benchmarks":[]},{"ancestorTitles":["mensajes operativos del diseño Nutrigo"],"fullName":"mensajes operativos del diseño Nutrigo distingue envío guardado de fallo de refresco para evitar reenvíos duplicados","status":"passed","title":"distingue envío guardado de fallo de refresco para evitar reenvíos duplicados","duration":0.2167999999999779,"failureMessages":[],"meta":{},"tags":[],"benchmarks":[]}],"startTime":1789508525731,"endTime":1789508525737.2168,"status":"passed","message":"","name":"C:/Users/facun/OneDrive/Desktop/Personal/Vero Insta/Plan V/plan-v/src/components/nutrigo/message-send.test.ts"},{"assertionResults":[{"ancestorTitles":["mensajería dentro del diseño Nutrigo"],"fullName":"mensajería dentro del diseño Nutrigo el paciente ve a su nutricionista y un compositor, no un aviso de solo lectura","status":"passed","title":"el paciente ve a su nutricionista y un compositor, no un aviso de solo lectura","duration":30.465099999999893,"failureMessages":[],"meta":{},"tags":[],"benchmarks":[]},{"ancestorTitles":["mensajería dentro del diseño Nutrigo"],"fullName":"mensajería dentro del diseño Nutrigo la profesional ve las conversaciones y el contexto de la persona seleccionada","status":"passed","title":"la profesional ve las conversaciones y el contexto de la persona seleccionada","duration":2.455500000000029,"failureMessages":[],"meta":{},"tags":[],"benchmarks":[]},{"ancestorTitles":["mensajería dentro del diseño Nutrigo"],"fullName":"mensajería dentro del diseño Nutrigo no muestra otras personas en el modo paciente aunque se pasen a la lista","status":"passed","title":"no muestra otras personas en el modo paciente aunque se pasen a la lista","duration":1.803899999999885,"failureMessages":[],"meta":{},"tags":[],"benchmarks":[]}],"startTime":1789508526134,"endTime":1789508526168.804,"status":"passed","message":"","name":"C:/Users/facun/OneDrive/Desktop/Personal/Vero Insta/Plan V/plan-v/src/components/nutrigo/NutrigoMessages.test.tsx"},{"assertionResults":[{"ancestorTitles":["Dashboard paciente — composición Nutrigo"],"fullName":"Dashboard paciente — composición Nutrigo comparte la composición con el CRM sin tratar a la profesional como paciente","status":"passed","title":"comparte la composición con el CRM sin tratar a la profesional como paciente","duration":36.05799999999999,"failureMessages":[],"meta":{},"tags":[],"benchmarks":[]},{"ancestorTitles":["Dashboard paciente — composición Nutrigo"],"fullName":"Dashboard paciente — composición Nutrigo no mezcla el menú ni el contacto al cambiar el paciente profesional","status":"passed","title":"no mezcla el menú ni el contacto al cambiar el paciente profesional","duration":14.806700000000092,"failureMessages":[],"meta":{},"tags":[],"benchmarks":[]},{"ancestorTitles":["Dashboard paciente — composición Nutrigo"],"fullName":"Dashboard paciente — composición Nutrigo calcula distribución energética sin tratarla como meta prescrita","status":"passed","title":"calcula distribución energética sin tratarla como meta prescrita","duration":0.8677999999999884,"failureMessages":[],"meta":{},"tags":[],"benchmarks":[]},{"ancestorTitles":["Dashboard paciente — composición Nutrigo"],"fullName":"Dashboard paciente — composición Nutrigo conserva estados sin datos y no inventa peso, pasos ni objetivo calórico","status":"passed","title":"conserva estados sin datos y no inventa peso, pasos ni objetivo calórico","duration":6.273400000000038,"failureMessages":[],"meta":{},"tags":[],"benchmarks":[]},{"ancestorTitles":["Dashboard paciente — composición Nutrigo"],"fullName":"Dashboard paciente — composición Nutrigo presenta el menú existente y distingue las imágenes ilustrativas de registros reales","status":"passed","title":"presenta el menú existente y distingue las imágenes ilustrativas de registros reales","duration":7.734400000000051,"failureMessages":[],"meta":{},"tags":[],"benchmarks":[]}],"startTime":1789508524810,"endTime":1789508524875.7344,"status":"passed","message":"","name":"C:/Users/facun/OneDrive/Desktop/Personal/Vero Insta/Plan V/plan-v/src/components/nutrigo/PatientOverview.test.tsx"},{"assertionResults":[{"ancestorTitles":["resumen profesional del showroom"],"fullName":"resumen profesional del showroom agrega solo pacientes activos y registros del paciente correspondiente","status":"passed","title":"agrega solo pacientes activos y registros del paciente correspondiente","duration":1.8868999999999971,"failureMessages":[],"meta":{},"tags":[],"benchmarks":[]},{"ancestorTitles":["resumen profesional del showroom"],"fullName":"resumen profesional del showroom distingue ausencia de datos de adherencia cero","status":"passed","title":"distingue ausencia de datos de adherencia cero","duration":0.2873000000000161,"failureMessages":[],"meta":{},"tags":[],"benchmarks":[]}],"startTime":1789508526369,"endTime":1789508526371.2874,"status":"passed","message":"","name":"C:/Users/facun/OneDrive/Desktop/Personal/Vero Insta/Plan V/plan-v/src/components/nutrigo/professional-summary.test.ts"},{"assertionResults":[{"ancestorTitles":["accesos profesionales del showroom"],"fullName":"accesos profesionales del showroom separa el resumen agregado de la barra compacta de trabajo, sin otra fila de tarjetas KPI","status":"passed","title":"separa el resumen agregado de la barra compacta de trabajo, sin otra fila de tarjetas KPI","duration":8.689999999999998,"failureMessages":[],"meta":{},"tags":[],"benchmarks":[]},{"ancestorTitles":["accesos profesionales del showroom"],"fullName":"accesos profesionales del showroom dirige cada acción al paciente seleccionado, nunca al primero de la lista","status":"passed","title":"dirige cada acción al paciente seleccionado, nunca al primero de la lista","duration":1.9393999999999778,"failureMessages":[],"meta":{},"tags":[],"benchmarks":[]},{"ancestorTitles":["accesos profesionales del showroom"],"fullName":"accesos profesionales del showroom deshabilita acciones sin selección activa en lugar de cambiar de paciente silenciosamente","status":"passed","title":"deshabilita acciones sin selección activa en lugar de cambiar de paciente silenciosamente","duration":1.1415000000000077,"failureMessages":[],"meta":{},"tags":[],"benchmarks":[]},{"ancestorTitles":["accesos profesionales del showroom"],"fullName":"accesos profesionales del showroom mantiene directorio activo, métricas opcionales y aviso de persistencia demo","status":"passed","title":"mantiene directorio activo, métricas opcionales y aviso de persistencia demo","duration":1.407100000000014,"failureMessages":[],"meta":{},"tags":[],"benchmarks":[]}],"startTime":1789508525216,"endTime":1789508525229.407,"status":"passed","message":"","name":"C:/Users/facun/OneDrive/Desktop/Personal/Vero Insta/Plan V/plan-v/src/components/nutrigo/ProfessionalActions.test.tsx"},{"assertionResults":[{"ancestorTitles":["Agenda profesional multipaciente en Nutrigo"],"fullName":"Agenda profesional multipaciente en Nutrigo deriva una única próxima ocurrencia por paciente y las ordena cronológicamente","status":"passed","title":"deriva una única próxima ocurrencia por paciente y las ordena cronológicamente","duration":1.7286999999996624,"failureMessages":[],"meta":{},"tags":[],"benchmarks":[]},{"ancestorTitles":["Agenda profesional multipaciente en Nutrigo"],"fullName":"Agenda profesional multipaciente en Nutrigo agrupa varias consultas por día sin inventar historial longitudinal","status":"passed","title":"agrupa varias consultas por día sin inventar historial longitudinal","duration":13.146900000000187,"failureMessages":[],"meta":{},"tags":[],"benchmarks":[]},{"ancestorTitles":["Agenda profesional multipaciente en Nutrigo"],"fullName":"Agenda profesional multipaciente en Nutrigo muestra resumen, calendario, pacientes sin turno y acciones operativas","status":"passed","title":"muestra resumen, calendario, pacientes sin turno y acciones operativas","duration":11.398599999999988,"failureMessages":[],"meta":{},"tags":[],"benchmarks":[]},{"ancestorTitles":["Agenda profesional multipaciente en Nutrigo"],"fullName":"Agenda profesional multipaciente en Nutrigo declara el límite del modelo semanal actual","status":"passed","title":"declara el límite del modelo semanal actual","duration":4.861300000000028,"failureMessages":[],"meta":{},"tags":[],"benchmarks":[]}],"startTime":1789508525733,"endTime":1789508525763.8613,"status":"passed","message":"","name":"C:/Users/facun/OneDrive/Desktop/Personal/Vero Insta/Plan V/plan-v/src/components/nutrigo/showroom-agenda.test.tsx"},{"assertionResults":[{"ancestorTitles":["Consultas profesionales en Nutrigo"],"fullName":"Consultas profesionales en Nutrigo interpreta únicamente días y horarios válidos","status":"passed","title":"interpreta únicamente días y horarios válidos","duration":2.236499999999978,"failureMessages":[],"meta":{},"tags":[],"benchmarks":[]},{"ancestorTitles":["Consultas profesionales en Nutrigo"],"fullName":"Consultas profesionales en Nutrigo deriva la próxima fecha sin convertir la cita semanal en historial inventado","status":"passed","title":"deriva la próxima fecha sin convertir la cita semanal en historial inventado","duration":14.019600000000082,"failureMessages":[],"meta":{},"tags":[],"benchmarks":[]},{"ancestorTitles":["Consultas profesionales en Nutrigo"],"ful
[...]
us":"passed","title":"aísla las observaciones de comidas por patient_id y ordena nuevas primero","duration":1.554200000000037,"failureMessages":[],"meta":{},"tags":[],"benchmarks":[]},{"ancestorTitles":["Ficha profesional en el showroom"],"fullName":"Ficha profesional en el showroom presenta historial clínico sin fabricar eventos cuando está vacío","status":"passed","title":"presenta historial clínico sin fabricar eventos cuando está vacío","duration":7.671100000000024,"failureMessages":[],"meta":{},"tags":[],"benchmarks":[]},{"ancestorTitles":["Ficha profesional en el showroom"],"fullName":"Ficha profesional en el showroom ofrece edición y accesos operativos sin prometer una nota nueva inexistente","status":"passed","title":"ofrece edición y accesos operativos sin prometer una nota nueva inexistente","duration":4.963600000000042,"failureMessages":[],"meta":{},"tags":[],"benchmarks":[]}],"startTime":1789508524774,"endTime":1789508524823.9636,"status":"passed","message":"","name":"C:/Users/facun/OneDrive/Desktop/Personal/Vero Insta/Plan V/plan-v/src/components/nutrigo/showroom-patient-record.test.tsx"},{"assertionResults":[{"ancestorTitles":["directorio de pacientes del showroom"],"fullName":"directorio de pacientes del showroom resume el directorio completo y muestra activos por defecto","status":"passed","title":"resume el directorio completo y muestra activos por defecto","duration":8.41859999999997,"failureMessages":[],"meta":{},"tags":[],"benchmarks":[]},{"ancestorTitles":["directorio de pacientes del showroom"],"fullName":"directorio de pacientes del showroom ofrece acciones accesibles por paciente activo","status":"passed","title":"ofrece acciones accesibles por paciente activo","duration":1.5996000000000095,"failureMessages":[],"meta":{},"tags":[],"benchmarks":[]},{"ancestorTitles":["directorio de pacientes del showroom"],"fullName":"directorio de pacientes del showroom lista archivados con restaurar y sin acciones operativas","status":"passed","title":"lista archivados con restaurar y sin acciones operativas","duration":1.5325000000002547,"failureMessages":[],"meta":{},"tags":[],"benchmarks":[]},{"ancestorTitles":["directorio de pacientes del showroom"],"fullName":"directorio de pacientes del showroom necesitan atención lista solo adherencias bajas activas","status":"passed","title":"necesitan atención lista solo adherencias bajas activas","duration":1.3447000000001026,"failureMessages":[],"meta":{},"tags":[],"benchmarks":[]},{"ancestorTitles":["directorio de pacientes del showroom"],"fullName":"directorio de pacientes del showroom aplica la búsqueda externa sobre nombre, estado u objetivo","status":"passed","title":"aplica la búsqueda externa sobre nombre, estado u objetivo","duration":3.7156999999997424,"failureMessages":[],"meta":{},"tags":[],"benchmarks":[]},{"ancestorTitles":["directorio de pacientes del showroom"],"fullName":"directorio de pacientes del showroom el alta nueva es un diálogo accesible y no promete envío de email","status":"passed","title":"el alta nueva es un diálogo accesible y no promete envío de email","duration":1.3231000000000677,"failureMessages":[],"meta":{},"tags":[],"benchmarks":[]},{"ancestorTitles":["directorio de pacientes del showroom"],"fullName":"directorio de pacientes del showroom el editor precarga la ficha operativa existente","status":"passed","title":"el editor precarga la ficha operativa existente","duration":1.5815999999999804,"failureMessages":[],"meta":{},"tags":[],"benchmarks":[]}],"startTime":1789508525733,"endTime":1789508525753.5815,"status":"passed","message":"","name":"C:/Users/facun/OneDrive/Desktop/Personal/Vero Insta/Plan V/plan-v/src/components/nutrigo/showroom-patients.test.tsx"},{"assertionResults":[{"ancestorTitles":["Progreso paciente dentro de Nutrigo"],"fullName":"Progreso paciente dentro de Nutrigo deriva sólo datos registrados de los últimos siete días","status":"passed","title":"deriva sólo datos registrados de los últimos siete días","duration":2.2899999999999636,"failureMessages":[],"meta":{},"tags":[],"benchmarks":[]},{"ancestorTitles":["Progreso paciente dentro de Nutrigo"],"fullName":"Progreso paciente dentro de Nutrigo presenta adherencia, objetivo, agua, descanso y actividad semanal","status":"passed","title":"presenta adherencia, objetivo, agua, descanso y actividad semanal","duration":45.06869999999981,"failureMessages":[],"meta":{},"tags":[],"benchmarks":[]},{"ancestorTitles":["Progreso paciente dentro de Nutrigo"],"fullName":"Progreso paciente dentro de Nutrigo no presenta medidas, inferencias clínicas ni campos profesionales","status":"passed","title":"no presenta medidas, inferencias clínicas ni campos profesionales","duration":9.592399999999998,"failureMessages":[],"meta":{},"tags":[],"benchmarks":[]}],"startTime":1789508524786,"endTime":1789508524842.5923,"status":"passed","message":"","name":"C:/Users/facun/OneDrive/Desktop/Personal/Vero Insta/Plan V/plan-v/src/components/nutrigo/showroom-progress.test.tsx"},{"assertionResults":[{"ancestorTitles":["ShowroomResources"],"fullName":"ShowroomResources publica sólo guías operativas internas con rutas válidas y relaciones resolubles","status":"passed","title":"publica sólo guías operativas internas con rutas válidas y relaciones resolubles","duration":2.414099999999962,"failureMessages":[],"meta":{},"tags":[],"benchmarks":[]},{"ancestorTitles":["ShowroomResources"],"fullName":"ShowroomResources busca por título, categoría, resumen y etiquetas sin inventar coincidencias","status":"passed","title":"busca por título, categoría, resumen y etiquetas sin inventar coincidencias","duration":1.4920999999999367,"failureMessages":[],"meta":{},"tags":[],"benchmarks":[]},{"ancestorTitles":["ShowroomResources"],"fullName":"ShowroomResources muestra fechas de asignación y lectura sin depender de la zona horaria del navegador","status":"passed","title":"muestra fechas de asignación y lectura sin depender de la zona horaria del navegador","duration":0.2925999999999931,"failureMessages":[],"meta":{},"tags":[],"benchmarks":[]},{"ancestorTitles":["ShowroomResources"],"fullName":"ShowroomResources renderiza biblioteca, filtros, guardado local explícito y acceso a detalle","status":"passed","title":"renderiza biblioteca, filtros, guardado local explícito y acceso a detalle","duration":11.386199999999917,"failureMessages":[],"meta":{},"tags":[],"benchmarks":[]},{"ancestorTitles":["ShowroomResources"],"fullName":"ShowroomResources distingue recursos asignados por la nutricionista del guardado local","status":"passed","title":"distingue recursos asignados por la nutricionista del guardado local","duration":4.2025000000001,"failureMessages":[],"meta":{},"tags":[],"benchmarks":[]},{"ancestorTitles":["ShowroomResources"],"fullName":"ShowroomResources construye y valida enlaces profundos sin perder el selector de diseño","status":"passed","title":"construye y valida enlaces profundos sin perder el selector de diseño","duration":0.4758999999999105,"failureMessages":[],"meta":{},"tags":[],"benchmarks":[]},{"ancestorTitles":["ShowroomResources"],"fullName":"ShowroomResources comparte con Web Share y degrada a copiar el enlace estable","status":"passed","title":"comparte con Web Share y degrada a copiar el enlace estable","duration":1.8912000000000262,"failureMessages":[],"meta":{},"tags":[],"benchmarks":[]}],"startTime":1789508524786,"endTime":1789508524807.891,"status":"passed","message":"","name":"C:/Users/facun/OneDrive/Desktop/Personal/Vero Insta/Plan V/plan-v/src/components/nutrigo/showroom-resources.test.tsx"},{"assertionResults":[{"ancestorTitles":["Centro de trabajo profesional Nutrigo"],"fullName":"Centro de trabajo profesional Nutrigo calcula sólo indicadores presentes en los registros activos","status":"passed","title":"calcula sólo indicadores presentes en los registros activos","duration":2.414800000000014,"failureMessages":[],"meta":{},"tags":[],"benchmarks":[]},{"ancestorTitles":["Centro de trabajo profesional Nutrigo"],"fullName":"Centro de trabajo profesional Nutrigo ordena el seguimiento por necesidad real sin inventar un score nuevo","status":"passed","title":"ordena el seguimiento por necesidad real sin inventar un score nuevo","duration":0.930000000000291,"failureMessages":[],"meta":{},"tags":[],"benchmarks":[]},{"ancestorTitles":["Centro de trabajo profesional Nutrigo"],"fullName":"Centro de trabajo profesional Nutrigo conserva el orden relativo provisto por la ficha al combinar actividad reciente","status":"passed","title":"conserva el orden relativo provisto por la ficha al combinar actividad reciente","duration":0.5574000000001433,"failureMessages":[],"meta":{},"tags":[],"benchmarks":[]},{"ancestorTitles":["Centro de trabajo profesional Nutrigo"],"fullName":"Centro de trabajo profesional Nutrigo renderiza reciente como superficie Nutrigo operativa","status":"passed","title":"renderiza reciente como superficie Nutrigo operativa","duration":11.667799999999716,"failureMessages":[],"meta":{},"tags":[],"benchmarks":[]},{"ancestorTitles":["Centro de trabajo profesional Nutrigo"],"fullName":"Centro de trabajo profesional Nutrigo renderiza guardado como superficie Nutrigo operativa","status":"passed","title":"renderiza guardado como superficie Nutrigo operativa","duration":5.165300000000116,"failureMessages":[],"meta":{},"tags":[],"benchmarks":[]},{"ancestorTitles":["Centro de trabajo profesional Nutrigo"],"fullName":"Centro de trabajo profesional Nutrigo renderiza seguimiento como superficie Nutrigo operativa","status":"passed","title":"renderiza seguimiento como superficie Nutrigo operativa","duration":2.03899999999976,"failureMessages":[],"meta":{},"tags":[],"benchmarks":[]},{"ancestorTitles":["Centro de trabajo profesional Nutrigo"],"fullName":"Centro de trabajo profesional Nutrigo renderiza paneles como superficie Nutrigo operativa","status":"passed","title":"renderiza paneles como superficie Nutrigo operativa","duration":3.2009000000002743,"failureMessages":[],"meta":{},"tags":[],"benchmarks":[]},{"ancestorTitles":["Centro de trabajo profesional Nutrigo"],"fullName":"Centro de trabajo profesional Nutrigo renderiza videollamadas como superficie Nutrigo operativa","status":"passed","title":"renderiza videollamadas como superficie Nutrigo operativa","duration":22.85550000000012,"failureMessages":[],"meta":{},"tags":[],"benchmarks":[]},{"ancestorTitles":["Centro de trabajo profesional Nutrigo"],"fullName":"Centro de trabajo profesional Nutrigo permite preparar asignaciones individuales o masivas sin ocultar los Planes B existentes","status":"passed","title":"permite preparar asignaciones individuales o masivas sin ocultar los Planes B existentes","duration":4.747699999999895,"failureMessages":[],"meta":{},"tags":[],"benchmarks":[]},{"ancestorTitles":["Centro de trabajo profesional Nutrigo"],"fullName":"Centro de trabajo profesional Nutrigo separa acciones por flujo y protege los enlaces externos","status":"passed","title":"separa acciones por flujo y protege los enlaces externos","duration":5.327800000000025,"failureMessages":[],"meta":{},"tags":[],"benchmarks":[]}],"startTime":1789508526138,"endTime":1789508526197.328,"status":"passed","message":"","name":"C:/Users/facun/OneDrive/Desktop/Personal/Vero Insta/Plan V/plan-v/src/components/nutrigo/showroom-work-center.test.tsx"},{"assertionResults":[{"ancestorTitles":["Calendario semanal del menú"],"fullName":"Calendario semanal del menú muestra los siete días locales, de lunes a domingo, aunque no tengan plan","status":"passed","title":"muestra los siete días locales, de lunes a domingo, aunque no tengan plan","duration":2.5270000000000437,"failureMessages":[],"meta":{},"tags":[],"benchmarks":[]},{"ancestorTitles":["Calendario semanal del menú"],"fullName":"Calendario semanal del menú mantiene la semana al cruzar el año y cuando hoy es domingo","status":"passed","title":"mantiene la semana al cruzar el año y cuando hoy es domingo","duration":0.3363000000001648,"failureMessages":[],"meta":{},"tags":[],"benchmarks":[]},{"ancestorTitles":["Calendario semanal del menú"],"fullName":"Calendario semanal del menú conserva el calendario local en años bisiestos","status":"passed","title":"conserva el calendario local en años bisiestos","duration":0.20239999999989777,"failureMessages":[],"meta":{},"tags":[],"benchmarks":[]},{"ancestorTitles":["Calendario semanal del menú"],"fullName":"Calendario semanal del menú resuelve el día por su nombre, no por la posición del plan incompleto","status":"passed","title":"resuelve el día por su nombre, no por la posición del plan incompleto","duration":0.41660000000001673,"failureMessages":[],"meta":{},"tags":[],"benchmarks":[]},{"ancestorTitles":["Calendario semanal del menú"],"fullName":"Calendario semanal del menú no sustituye un día sin plan por las comidas de hoy","status":"passed","title":"no sustituye un día sin plan por las comidas de hoy","duration":0.3103000000000975,"failureMessages":[],"meta":{},"tags":[],"benchmarks":[]},{"ancestorTitles":["Calendario semanal del menú"],"fullName":"Calendario semanal del menú Hoy y la fecha actual abren el mismo plan diario sin inventar horarios","status":"passed","title":"Hoy y la fecha actual abren el mismo plan diario sin inventar horarios","duration":0.2765999999999167,"failureMessages":[],"meta":{},"tags":[],"benchmarks":[]},{"ancestorTitles":["Calendario semanal del menú"],"fullName":"Calendario semanal del menú cambia el contenido con el paciente sin conservar comidas del anterior","status":"passed","title":"cambia el contenido con el paciente sin conservar comidas del anterior","duration":0.23919999999998254,"failureMessages":[],"meta":{},"tags":[],"benchmarks":[]},{"ancestorTitles":["Calendario semanal del menú"],"fullName":"Calendario semanal del menú identifica selección, fecha actual y fechas completas de manera accesible","status":"passed","title":"identifica selección, fecha actual y fechas completas de manera accesible","duration":24.25579999999991,"failureMessages":[],"meta":{},"tags":[],"benchmarks":[]}],"startTime":1789508524661,"endTime":1789508524690.2559,"status":"passed","message":"","name":"C:/Users/facun/OneDrive/Desktop/Personal/Vero Insta/Plan V/plan-v/src/components/nutrigo/weekly-plan-calendar.test.tsx"},{"assertionResults":[{"ancestorTitles":["sortThreadMessages"],"fullName":"sortThreadMessages filters unsent drafts and orders sent messages from oldest to newest","status":"passed","title":"filters unsent drafts and orders sent messages from oldest to newest","duration":1.9646999999999935,"failureMessages":[],"meta":{},"tags":[],"benchmarks":[]}],"startTime":1789508526412,"endTime":1789508526413.9646,"status":"passed","message":"","name":"C:/Users/facun/OneDrive/Desktop/Personal/Vero Insta/Plan V/plan-v/src/components/shared/message-thread.test.ts"},{"assertionResults":[{"ancestorTitles":["buildDailyReminders"],"fullName":"buildDailyReminders marks past unlogged meals as missed and logged ones as done","status":"passed","title":"marks past unlogged meals as missed and logged ones as done","duration":2.325400000000002,"failureMessages":[],"meta":{},"tags":[],"benchmarks":[]},{"ancestorTitles":["buildDailyReminders"],"fullName":"buildDailyReminders marks a meal within the half-hour window as ahora","status":"passed","title":"marks a meal within the half-hour window as ahora","duration":0.44149999999996226,"failureMessages":[],"meta":{},"tags":[],"benchmarks":[]},{"ancestorTitles":["buildDailyReminders"],"fullName":"buildDailyReminders includes a water reminder only while the daily goal is incomplete","status":"passed","title":"includes a water reminder only while the daily goal is incomplete","duration":0.3214999999999577,"failureMessages":[],"meta":{},"tags":[],"benchmarks":[]},{"ancestorTitles":["buildDailyReminders"],"fullName":"buildDailyReminders includes the appointment only when it is scheduled for today","status":"passed","title":"includes the appointment only when it is scheduled for today","duration":13.447699999999998,"failureMessages":[],"meta":{},"tags":[],"benchmarks":[]},{"ancestorTitles":["buildDailyReminders"],"fullName":"buildDailyReminders keeps a sleep check-in at 22:30 and marks it done after the patient records rest","status":"passed","title":"keeps a sleep check-in at 22:30 and marks it done after the patient records rest","duration":1.0076999999999998,"failureMessages":[],"meta":{},"tags":[],"benchmarks":[]},{"ancestorTitles":["buildDailyReminders"],"fullName":"buildDailyReminders sorts timed reminders chronologically with the water nudge last","status":"passed","title":"sorts timed reminders chronologically with the water nudge last","duration":0.5668999999999755,"failureMessages":[],"meta":{},"tags":[],"benchmarks":[]}],"startTime":1789508525156,"endTime":1789508525174.567,"status":"passed","message":"","name":"C:/Users/facun/OneDrive/Desktop/Personal/Vero Insta/Plan V/plan-v/src/components/patient/daily-reminders.test.ts"},{"assertionResults":[{"ancestorTitles":["buildJourneySummary"],"fullName":"buildJourneySummary builds seven local calendar days from oldest to today","status":"passed","title":"builds seven local calendar days from oldest to today","duration":19.49759999999992,"failureMessages":[],"meta":{},"tags":[],"benchmarks":[]},{"ancestorTitles":["buildJourneySummary"],"fullName":"buildJourneySummary keeps late-night records on the correct local day across UTC rollover","status":"passed","title":"keeps late-night records on the correct local day across UTC rollover","duration":1.7291999999999916,"failureMessages":[],"meta":{},"tags":[],"benchmarks":[]},{"ancestorTitles":["buildJourneySummary"],"fullName":"buildJourneySummary separates pending meals and ignores records outside the seven-day window","status":"passed","title":"separates pending meals and ignores records outside the seven-day window","duration":1.2014999999998963,"failureMessages":[],"meta":{},"tags":[],"benchmarks":[]},{"ancestorTitles":["buildJourneySummary"],"fullName":"buildJourneySummary averages water over all seven days and sleep only over recorded days","status":"passed","title":"averages water over all seven days and sleep only over recorded days","duration":1.024599999999964,"failureMessages":[],"meta":{},"tags":[],"benchmarks":[]}],"startTime":1789508524193,"endTime":1789508524216.0247,"status":"passed","message":"","name":"C:/Users/facun/OneDrive/Desktop/Personal/Vero Insta/Plan V/plan-v/src/components/patient/journey-summary.test.ts"},{"assertionResults":[{"ancestorTitles":["buildShoppingList"],"fullName":"buildShoppingList derives grocery ingredients, groups them and deduplicates repeated meals","status":"passed","title":"derives grocery ingredients, groups them and deduplicates repeated meals","duration":15.441100000000006,"failureMessages":[],"meta":{},"tags":[],"benchmarks":[]},{"ancestorTitles":["buildShoppingList"],"fullName":"buildShoppingList returns an empty list for a week without meals","status":"passed","title":"returns an empty list for a week without meals","duration":0.37280000000001223,"failureMessages":[],"meta":{},"tags":[],"benchmarks":[]},{"ancestorTitles":["shopping checklist persistence and export"],"fullName":"shopping checklist persistence and export uses an isolated storage key per patient and week","status":"passed","title":"uses an isolated storage key per patient and week","duration":0.32499999999998863,"failureMessages":[],"meta":{},"tags":[],"benchmarks":[]},{"ancestorTitles":["shopping checklist persistence and export"],"fullName":"shopping checklist persistence and export exports every item with its check state and meal frequency","status":"passed","title":"exports every item with its check state and meal frequency","duration":0.8243000000000222,"failureMessages":[],"meta":{},"tags":[],"benchmarks":[]}],"startTime":1789508525313,"endTime":1789508525329.8242,"status":"passed","message":"","name":"C:/Users/facun/OneDrive/Desktop/Personal/Vero Insta/Plan V/plan-v/src/components/patient/shopping-list.test.ts"}]}