{"numTotalTestSuites":114,"numPassedTestSuites":114,"numFailedTestSuites":0,"numPendingTestSuites":0,"numTotalTests":266,"numPassedTests":266,"numFailedTests":0,"numPendingTests":0,"numTodoTests":0,"snapshot":{"added":0,"failure":false,"filesAdded":0,"filesRemoved":0,"filesRemovedList":[],"filesUnmatched":0,"filesUpdated":0,"matched":0,"total":0,"unchecked":0,"uncheckedKeysByFile":[],"unmatched":0,"updated":0,"didUpdate":false},"startTime":1789359644466,"success":true,"testResults":[{"assertionResults":[{"ancestorTitles":["calculateAdherence"],"fullName":"calculateAdherence does not count pending meals toward the score","status":"passed","title":"does not count pending meals toward the score","duration":13.643699999999967,"failureMessages":[],"meta":{},"tags":[],"benchmarks":[]},{"ancestorTitles":["calculateAdherence"],"fullName":"calculateAdherence counts confirmed and adjusted meals against the planned slots of the last 7 days","status":"passed","title":"counts confirmed and adjusted meals against the planned slots of the last 7 days","duration":0.6096000000000004,"failureMessages":[],"meta":{},"tags":[],"benchmarks":[]},{"ancestorTitles":["calculateAdherence"],"fullName":"calculateAdherence ignores reviewed meals older than the 7-day window","status":"passed","title":"ignores reviewed meals older than the 7-day window","duration":0.5599999999999454,"failureMessages":[],"meta":{},"tags":[],"benchmarks":[]},{"ancestorTitles":["calculateAdherence"],"fullName":"calculateAdherence averages the week hydration as 25% of the score, counting unlogged days as zero","status":"passed","title":"averages the week hydration as 25% of the score, counting unlogged days as zero","duration":0.5482999999999265,"failureMessages":[],"meta":{},"tags":[],"benchmarks":[]},{"ancestorTitles":["calculateAdherence"],"fullName":"calculateAdherence counts days without a habit log as zero water","status":"passed","title":"counts days without a habit log as zero water","duration":0.4210000000000491,"failureMessages":[],"meta":{},"tags":[],"benchmarks":[]},{"ancestorTitles":["calculateAdherence"],"fullName":"calculateAdherence treats an empty plan as fully covered and never divides by zero","status":"passed","title":"treats an empty plan as fully covered and never divides by zero","duration":0.25690000000008695,"failureMessages":[],"meta":{},"tags":[],"benchmarks":[]},{"ancestorTitles":["calculateAdherence"],"fullName":"calculateAdherence is deterministic for the same inputs","status":"passed","title":"is deterministic for the same inputs","duration":2.280399999999986,"failureMessages":[],"meta":{},"tags":[],"benchmarks":[]}],"startTime":1789359645358,"endTime":1789359645377.2805,"status":"passed","message":"","name":"C:/Users/facun/OneDrive/Desktop/Personal/Vero Insta/Plan V/plan-v/server/adherence.test.ts"},{"assertionResults":[{"ancestorTitles":["appointment API flow in memory mode"],"fullName":"appointment API flow in memory mode schedules the next appointment and records a timeline event","status":"passed","title":"schedules the next appointment and records a timeline event","duration":10.453800000000228,"failureMessages":[],"meta":{},"tags":[],"benchmarks":[]},{"ancestorTitles":["appointment API flow in memory mode"],"fullName":"appointment API flow in memory mode cancels the appointment with a null payload","status":"passed","title":"cancels the appointment with a null payload","duration":1.3742999999999483,"failureMessages":[],"meta":{},"tags":[],"benchmarks":[]},{"ancestorTitles":["appointment API flow in memory mode"],"fullName":"appointment API flow in memory mode stores a safe HTTPS meeting link and rejects unsafe URLs","status":"passed","title":"stores a safe HTTPS meeting link and rejects unsafe URLs","duration":3.9583999999999833,"failureMessages":[],"meta":{},"tags":[],"benchmarks":[]},{"ancestorTitles":["appointment API flow in memory mode"],"fullName":"appointment API flow in memory mode rejects invalid appointment payloads with 400","status":"passed","title":"rejects invalid appointment payloads with 400","duration":2.6777000000001863,"failureMessages":[],"meta":{},"tags":[],"benchmarks":[]}],"startTime":1789359647082,"endTime":1789359647100.6777,"status":"passed","message":"","name":"C:/Users/facun/OneDrive/Desktop/Personal/Vero Insta/Plan V/plan-v/server/appointment-flow.integration.test.ts"},{"assertionResults":[{"ancestorTitles":["billing flow in memory mode"],"fullName":"billing flow in memory mode marks a valid period active and records a non-clinical timeline event","status":"passed","title":"marks a valid period active and records a non-clinical timeline event","duration":10.683199999999943,"failureMessages":[],"meta":{},"tags":[],"benchmarks":[]},{"ancestorTitles":["billing flow in memory mode"],"fullName":"billing flow in memory mode supports an explicit waiver without inventing a billing period","status":"passed","title":"supports an explicit waiver without inventing a billing period","duration":1.1981999999998152,"failureMessages":[],"meta":{},"tags":[],"benchmarks":[]},{"ancestorTitles":["billing flow in memory mode"],"fullName":"billing flow in memory mode turns an already expired active period into past due","status":"passed","title":"turns an already expired active period into past due","duration":0.9341999999996915,"failureMessages":[],"meta":{},"tags":[],"benchmarks":[]},{"ancestorTitles":["billing flow in memory mode"],"fullName":"billing flow in memory mode rejects malformed billing updates and missing patients","status":"passed","title":"rejects malformed billing updates and missing patients","duration":2.564400000000205,"failureMessages":[],"meta":{},"tags":[],"benchmarks":[]}],"startTime":1789359647077,"endTime":1789359647092.5645,"status":"passed","message":"","name":"C:/Users/facun/OneDrive/Desktop/Personal/Vero Insta/Plan V/plan-v/server/billing-flow.integration.test.ts"},{"assertionResults":[{"ancestorTitles":["copilot brief dismissal in memory mode"],"fullName":"copilot brief dismissal in memory mode dismisses the current action and restores it only after regenerating the brief","status":"passed","title":"dismisses the current action and restores it only after regenerating the brief","duration":12.76559999999995,"failureMessages":[],"meta":{},"tags":[],"benchmarks":[]},{"ancestorTitles":["copilot brief dismissal in memory mode"],"fullName":"copilot brief dismissal in memory mode returns 404 for an unknown patient","status":"passed","title":"returns 404 for an unknown patient","duration":0.8701999999998407,"failureMessages":[],"meta":{},"tags":[],"benchmarks":[]}],"startTime":1789359647075,"endTime":1789359647088.87,"status":"passed","message":"","name":"C:/Users/facun/OneDrive/Desktop/Personal/Vero Insta/Plan V/plan-v/server/brief-dismiss.integration.test.ts"},{"assertionResults":[{"ancestorTitles":["016 draft contract v2"],"fullName":"016 draft contract v2 is explicitly marked as review-only and not applicable","status":"passed","title":"is explicitly marked as review-only and not applicable","duration":7.658999999999992,"failureMessages":[],"meta":{},"tags":[],"benchmarks":[]},{"ancestorTitles":["016 draft contract v2"],"fullName":"016 draft contract v2 keeps patient-facing views free of internal professional fields","status":"passed","title":"keeps patient-facing views free of internal professional fields","duration":1.1100000000000136,"failureMessages":[],"meta":{},"tags":[],"benchmarks":[]},{"ancestorTitles":["016 draft contract v2"],"fullName":"016 draft contract v2 uses definer views with billing gates, not invoker views over revoked tables","status":"passed","title":"uses definer views with billing gates, not invoker views over revoked tables","duration":1.152300000000082,"failureMessages":[],"meta":{},"tags":[],"benchmarks":[]},{"ancestorTitles":["016 draft contract v2"],"fullName":"016 draft contract v2 denies patients raw-table reads on tables with professional-only columns","status":"passed","title":"denies patients raw-table reads on tables with professional-only columns","duration":0.761600000000044,"failureMessages":[],"meta":{},"tags":[],"benchmarks":[]},{"ancestorTitles":["016 draft contract v2"],"fullName":"016 draft contract v2 covers the demo features that need production persistence","status":"passed","title":"covers the demo features that need production persistence","duration":1.019900000000007,"failureMessages":[],"meta":{},"tags":[],"benchmarks":[]},{"ancestorTitles":["016 draft contract v2"],"fullName":"016 draft contract v2 models the weekly menu as a recurring template, not dated rows","status":"passed","title":"models the weekly menu as a recurring template, not dated rows","duration":0.9673999999999978,"failureMessages":[],"meta":{},"tags":[],"benchmarks":[]},{"ancestorTitles":["016 draft contract v2"],"fullName":"016 draft contract v2 keeps the habit snapshot derived from habit_logs, not duplicated in patients","status":"passed","title":"keeps the habit snapshot derived from habit_logs, not duplicated in patients","duration":1.0235000000000127,"failureMessages":[],"meta":{},"tags":[],"benchmarks":[]},{"ancestorTitles":["016 draft contract v2"],"fullName":"016 draft contract v2 matches current domain shapes: text source ids and appointment reminders","status":"passed","title":"matches current domain shapes: text source ids and appointment reminders","duration":0.6206000000000813,"failureMessages":[],"meta":{},"tags":[],"benchmarks":[]},{"ancestorTitles":["016 draft contract v2"],"fullName":"016 draft contract v2 prevents authenticated users from changing roles, billing or auth links","status":"passed","title":"prevents authenticated users from changing roles, billing or auth links","duration":1.1777999999999338,"failureMessages":[],"meta":{},"tags":[],"benchmarks":[]},{"ancestorTitles":["016 draft contract v2"],"fullName":"016 draft contract v2 enforces patient and nutritionist tenant pairs in every duplicated relation","status":"passed","title":"enforces patient and nutritionist tenant pairs in every duplicated relation","duration":0.986699999999928,"failureMessages":[],"meta":{},"tags":[],"benchmarks":[]},{"ancestorTitles":["016 draft contract v2"],"fullName":"016 draft contract v2 validates message authors with a trigger and caller binding, not a check subquery","status":"passed","title":"validates message authors with a trigger and caller binding, not a check subquery","duration":0.9933999999999514,"failureMessages":[],"meta":{},"tags":[],"benchmarks":[]},{"ancestorTitles":["016 draft contract v2"],"fullName":"016 draft contract v2 keeps messages immutable and invite/payment transitions backend-only","status":"passed","title":"keeps messages immutable and invite/payment transitions backend-only","duration":0.6167000000000371,"failureMessages":[],"meta":{},"tags":[],"benchmarks":[]},{"ancestorTitles":["016 draft contract v2"],"fullName":"016 draft contract v2 restricts security-definer helpers and keeps billing checks scoped to self","status":"passed","title":"restricts security-definer helpers and keeps billing checks scoped to self","duration":0.7594000000000278,"failureMessages":[],"meta":{},"tags":[],"benchmarks":[]},{"ancestorTitles":["016 draft contract v2"],"fullName":"016 draft contract v2 defines an atomic invite acceptance that requires a confirmed matching Auth email","status":"passed","title":"defines an atomic invite acceptance that requires a confirmed matching Auth email","duration":0.7549000000000206,"failureMessages":[],"meta":{},"tags":[],"benchmarks":[]},{"ancestorTitles":["016 draft contract v2"],"fullName":"016 draft contract v2 keeps nutritionist provisioning restricted to service role","status":"passed","title":"keeps nutritionist provisioning restricted to service role","duration":0.8119000000000369,"failureMessages":[],"meta":{},"tags":[],"benchmarks":[]},{"ancestorTitles":["016 draft contract v2"],"fullName":"016 draft contract v2 defines invite lifecycle with history, not one mutable row","status":"passed","title":"defines invite lifecycle with history, not one mutable row","duration":1.1995000000000573,"failureMessages":[],"meta":{},"tags":[],"benchmarks":[]},{"ancestorTitles":["016 draft contract v2"],"fullName":"016 draft contract v2 hardens payments: idempotency, read-only nutri and financial retention","status":"passed","title":"hardens payments: idempotency, read-only nutri and financial retention","duration":0.7105999999999995,"failureMessages":[],"meta":{},"tags":[],"benchmarks":[]},{"ancestorTitles":["016 draft contract v2"],"fullName":"016 draft contract v2 hardens storage: forced bucket config, canonical paths and paid reads","status":"passed","title":"hardens storage: forced bucket config, canonical paths and paid reads","duration":0.7828000000000657,"failureMessages":[],"meta":{},"tags":[],"benchmarks":[]}],"startTime":1789359645278,"endTime":1789359645301.7827,"status":"passed","message":"","name":"C:/Users/facun/OneDrive/Desktop/Personal/Vero Insta/Plan V/plan-v/server/contracts-016.test.ts"},{"assertionResults":[{"ancestorTitles":["goal API flow in memory mode"],"fullName":"goal API flow in memory mode updates the goal, progress and status while recording history","status":"passed","title":"updates the goal, progress and status while recording history","duration":11.333900000000085,"failureMessages":[],"meta":{},"tags":[],"benchmarks":[]},{"ancestorTitles":["goal API flow in memory mode"],"fullName":"goal API flow in memory mode keeps the newest goal changes first and supports pausing a goal","status":"passed","title":"keeps the newest goal changes first and supports pausing a goal","duration":3.1657000000000153,"failureMessages":[],"meta":{},"tags":[],"benchmarks":[]},{"ancestorTitles":["goal API flow in memory mode"],"fullName":"goal API flow in memory mode rejects invalid or empty goal updates","status":"passed","title":"rejects invalid or empty goal updates","duration":4.374299999999948,"failureMessages":[],"meta":{},"tags":[],"benchmarks":[]}],"startTime":1789359647085,"endTime":1789359647104.3743,"status":"passed","message":"","name":"C:/Users/facun/OneDrive/Desktop/Personal/Vero Insta/Plan V/plan-v/server/goal-flow.integration.test.ts"},{"assertionResults":[{"ancestorTitles":["habit history API flow in memory mode"],"fullName":"habit history API flow in memory mode upserts today's habit log and keeps a single entry per day","status":"passed","title":"upserts today's habit log and keeps a single entry per day","duration":30.337600000000293,"failureMessages":[],"meta":{},"tags":[],"benchmarks":[]},{"ancestorTitles":["habit history API flow in memory mode"],"fullName":"habit history API flow in memory mode keeps older habit logs of the week for the adherence average","status":"passed","title":"keeps older habit logs of the week for the adherence average","duration":0.698699999999917,"failureMessages":[],"meta":{},"tags":[],"benchmarks":[]}],"startTime":1789359647085,"endTime":1789359647115.6987,"status":"passed","message":"","name":"C:/Users/facun/OneDrive/Desktop/Personal/Vero Insta/Plan V/plan-v/server/habit-history.integration.test.ts"},{"assertionResults":[{"ancestorTitles":["meal review API flow in memory mode"],"fullName":"meal review API flow in memory mode keeps a new meal pending until the professional adjusts it","status":"passed","title":"keeps a new meal pending until the professional adjusts it","duration":32.66229999999996,"failureMessages":[],"meta":{},"tags":[],"benchmarks":[]},{"ancestorTitles":["meal review API flow in memory mode"],"fullName":"meal review API flow in memory mode never accepts pending_review as a professional review result","status":"passed","title":"never accepts pending_review as a professional review result","duration":1.6204999999999927,"failureMessages":[],"meta":{},"tags":[],"benchmarks":[]}],"startTime":1789359647087,"endTime":1789359647120.6206,"status":"passed","message":"","name":"C:/Users/facun/OneDrive/Desktop/Personal/Vero Insta/Plan V/plan-v/server/meal-flow.integration.test.ts"},{"assertionResults":[{"ancestorTitles":["weekly menu API flow in memory mode"],"fullName":"weekly menu API flow in memory mode updates an existing menu slot and records a timeline event","status":"passed","title":"updates an existing menu slot and records a timeline event","duration":23.963400000000092,"failureMessages":[],"meta":{},"tags":[],"benchmarks":[]},{"ancestorTitles":["weekly menu API flow in memory mode"],"fullName":"weekly menu API flow in memory mode creates missing days and keeps canonical order","status":"passed","title":"creates missing days and keeps canonical order","duration":3.354699999999866,"failureMessages":[],"meta":{},"tags":[],"benchmarks":[]},{"ancestorTitles":["weekly menu API flow in memory mode"],"fullName":"weekly menu API flow in memory mode rejects invalid menu updates with 400","status":"passed","title":"rejects invalid menu updates with 400","duration":3.4933999999998377,"failureMessages":[],"meta":{},"tags":[],"benchmarks":[]},{"ancestorTitles":["weekly menu API flow in memory mode"],"fullName":"weekly menu API flow in memory mode adds a new slot to an existing day and recomputes adherence","status":"passed","title":"adds a new slot to an existing day and recomputes adherence","duration":2.3046999999996842,"failureMessages":[],"meta":{},"tags":[],"benchmarks":[]},{"ancestorTitles":["weekly menu API flow in memory mode"],"fullName":"weekly menu API flow in memory mode removes a menu slot and records the removal in the timeline","status":"passed","title":"removes a menu slot and records the removal in the timeline","duration":2.8370999999997366,"failureMessages":[],"meta":{},"tags":[],"benchmarks":[]},{"ancestorTitles":["weekly menu API flow in memory mode"],"fullName":"weekly menu API flow in memory mode returns 404 when removing a slot that does not exist and 400 for invalid params","status":"passed","title":"returns 404 when removing a slot that does not exist and 400 for invalid params","duration":1.4088000000001557,"failureMessages":[],"meta":{},"tags":[],"benchmarks":[]}],"startTime":1789359647069,"endTime":1789359647106.4087,"status":"passed","message":"","name":"C:/Users/facun/OneDrive/Desktop/Personal/Vero Insta/Plan V/plan-v/server/menu-flow.integration.test.ts"},{"assertionResults":[{"ancestorTitles":["message API flow in memory mode"],"fullName":"message API flow in memory mode stores a patient message as human-authored and returns a patient-safe view","status":"passed","title":"stores a patient message as human-authored and returns a patient-safe view","duration":15.379000000000133,"failureMessages":[],"meta":{},"tags":[],"benchmarks":[]},{"ancestorTitles":["message API flow in memory mode"],"fullName":"message API flow in memory mode keeps the AI-origin flag only for a professional message","status":"passed","title":"keeps the AI-origin flag only for a professional message","duration":1.7563000000000102,"failureMessages":[],"meta":{},"tags":[],"benchmarks":[]},{"ancestorTitles":["message API flow in memory mode"],"fullName":"message API flow in memory mode rejects blank messages and returns 404 for an unknown patient","status":"passed","title":"rejects blank messages and returns 404 for an unknown patient","duration":1.6052999999999429,"failureMessages":[],"meta":{},"tags":[],"benchmarks":[]}],"startTime":1789359647087,"endTime":1789359647106.6052,"status":"passed","message":"","name":"C:/Users/facun/OneDrive/Desktop/Personal/Vero Insta/Plan V/plan-v/server/message-flow.integration.test.ts"},{"assertionResults":[{"ancestorTitles":["patient onboarding in memory mode"],"fullName":"patient onboarding in memory mode creates a pending patient and a separate unsent invitation","status":"passed","title":"creates a pending patient and a separate unsent invitation","duration":11.61830000000009,"failureMessages":[],"meta":{},"tags":[],"benchmarks":[]},{"ancestorTitles":["patient onboarding in memory mode"],"fullName":"patient onboarding in memory mode rejects malformed fields and duplicate pending invitation emails","status":"passed","title":"rejects malformed fields and duplicate pending invitation emails","duration":2.585900000000038,"failureMessages":[],"meta":{},"tags":[],"benchmarks":[]}],"startTime":1789359647078,"endTime":1789359647092.586,"status":"passed","message":"","name":"C:/Users/facun/OneDrive/Desktop/Personal/Vero Insta/Plan V/plan-v/server/patient-onboarding.integration.test.ts"},{"assertionResults":[{"ancestorTitles":["patient profile API flow in memory mode"],"fullName":"patient profile API flow in memory mode updates the editable patient profile and recalculates initials","status":"passed","title":"updates the editable patient profile and recalculates initials","duration":13.42069999999967,"failureMessages":[],"meta":{},"tags":[],"benchmarks":[]},{"ancestorTitles":["patient profile API flow in memory mode"],"fullName":"patient profile API flow in memory mode archives and restores a patient without deleting the record","status":"passed","title":"archives and restores a patient without deleting the record","duration":2.319800000000214,"failureMessages":[],"meta":{},"tags":[],"benchmarks":[]},{"ancestorTitles":["patient profile API flow in memory mode"],"fullName":"patient profile API flow in memory mode rejects empty or invalid profile and archive payloads","status":"passed","title":"rejects empty or invalid profile and archive payloads","duration":3.6127000000001317,"failureMessages":[],"meta":{},"tags":[],"benchmarks":[]}],"startTime":1789359647089,"endTime":1789359647108.6128,"status":"passed","message":"","name":"C:/Users/facun/OneDrive/Desktop/Personal/Vero Insta/Plan V/plan-v/server/patient-profile-flow.integration.test.ts"},{"assertionResults":[{"ancestorTitles":["API input schemas"],"fullName":"API input schemas requires a supported slot and either a description or an image","status":"passed","title":"requires a supported slot and either a description or an image","duration":3.5864999999998872,"failureMessages":[],"meta":{},"tags":[],"benchmarks":[]},{"ancestorTitles":["API input schemas"],"fullName":"API input schemas rejects oversized meal descriptions and image payloads","status":"passed","title":"rejects oversized meal descriptions and image payloads","duration":2.3239000000003216,"failureMessages":[],"meta":{},"tags":[],"benchmarks":[]},{"ancestorTitles":["API input schemas"],"fullName":"API input schemas only accepts professional review states","status":"passed","title":"only accepts professional review states","duration":1.692199999999957,"failureMessages":[],"meta":{},"tags":[],"benchmarks":[]},{"ancestorTitles":["API input schemas"],"fullName":"API input schemas requires bounded food or macro changes for an adjusted review","status":"passed","title":"requires bounded food or macro changes for an adjusted review","duration":0.5046000000002095,"failureMessages":[],"meta":{},"tags":[],"benchmarks":[]},{"ancestorTitles":["API input schemas"],"fullName":"API input schemas trims messages and rejects empty or oversized text","status":"passed","title":"trims messages and rejects empty or oversized text","duration":0.7442999999998392,"failureMessages":[],"meta":{},"tags":[],"benchmarks":[]},{"ancestorTitles":["API input schemas"],"fullName":"API input schemas normalizes patient onboarding fields and rejects invalid contact data","status":"passed","title":"normalizes patient onboarding fields and rejects invalid contact data","duration":1.7631999999998698,"failureMessages":[],"meta":{},"tags":[],"benchmarks":[]},{"ancestorTitles":["API input schemas"],"fullName":"API input schemas validates patient profile edits and archive state","status":"passed","title":"validates patient profile edits and archive state","duration":1.6930999999999585,"failureMessages":[],"meta":{},"tags":[],"benchmarks":[]},{"ancestorTitles":["API input schemas"],"fullName":"API input schemas bounds habit and nutritionist setup values","status":"passed","title":"bounds habit and nutritionist setup values","duration":1.0823999999997795,"failureMessages":[],"meta":{},"tags":[],"benchmarks":[]},{"ancestorTitles":["API input schemas"],"fullName":"API input schemas validates weekly menu slot updates","status":"passed","title":"validates weekly menu slot updates","duration":0.8182999999999083,"failureMessages":[],"meta":{},"tags":[],"benchmarks":[]},{"ancestorTitles":["API input schemas"],"fullName":"API input schemas validates appointment scheduling and cancellation","status":"passed","title":"validates appointment scheduling and cancellation","duration":0.9031999999997424,"failureMessages":[],"meta":{},"tags":[],"benchmarks":[]},{"ancestorTitles":["API input schemas"],"fullName":"API input schemas accepts only HTTPS meeting links when present","status":"passed","title":"accepts only HTTPS meeting links when present","duration":0.6770000000001346,"failureMessages":[],"meta":{},"tags":[],"benchmarks":[]},{"ancestorTitles":["API input schemas"],"fullName":"API input schemas requires an inclusive end date only when billing is active","status":"passed","title":"requires an inclusive end date only when billing is active","duration":0.887000000000171,"failureMessages":[],"meta":{},"tags":[],"benchmarks":[]},{"ancestorTitles":["API input schemas"],"fullName":"API input schemas validates complete goal updates","status":"passed","title":"validates complete goal updates","duration":0.4659999999998945,"failureMessages":[],"meta":{},"tags":[],"benchmarks":[]}],"startTime":1789359646761,"endTime":1789359646779.466,"status":"passed","message":"","name":"C:/Users/facun/OneDrive/Desktop/Personal/Vero Insta/Plan V/plan-v/server/schemas.test.ts"},{"assertionResults":[{"ancestorTitles":["timeline emission in Supabase mode (parity with memory)"],"fullName":"timeline emission in Supabase mode (parity with memory) emits meal_logged when a patient meal is analyzed and stored","status":"passed","title":"emits meal_logged when a patient meal is analyzed and stored","duration":25.961500000000342,"failureMessages":[],"meta":{},"tags":[],"benchmarks":[]},{"ancestorTitles":["timeline emission in Supabase mode (parity with memory)"],"fullName":"timeline emission in Supabase mode (parity with memory) emits meal_logged confirmado with foods and kcal on review","status":"passed","title":"emits meal_logged confirmado with foods and kcal on review","duration":2.342999999999847,"failureMessages":[],"meta":{},"tags":[],"benchmarks":[]},{"ancestorTitles":["timeline emission in Supabase mode (parity with memory)"],"fullName":"timeline emission in Supabase mode (parity with memory) emits meal_logged ajustado when the review adjusts","status":"passed","title":"emits meal_logged ajustado when the review adjusts","duration":2.3485999999998057,"failureMessages":[],"meta":{},"tags":[],"benchmarks":[]},{"ancestorTitles":["timeline emission in Supabase mode (parity with memory)"],"fullName":"timeline emission in Supabase mode (parity with memory) does not emit timeline events on habit updates (memory parity)","status":"passed","title":"does not emit timeline events on habit updates (memory parity)","duration":2.0126000000000204,"failureMessages":[],"meta":{},"tags":[],"benchmarks":[]}],"startTime":1789359647036,"endTime":1789359647069.0127,"status":"passed","message":"","name":"C:/Users/facun/OneDrive/Desktop/Personal/Vero Insta/Plan V/plan-v/server/timeline-emission.integration.test.ts"},{"assertionResults":[{"ancestorTitles":["patient billing access"],"fullName":"patient billing access unlocks waived and active patients whose period includes today","status":"passed","title":"unlocks waived and active patients whose period includes today","duration":1.8556999999999846,"failureMessages":[],"meta":{},"tags":[],"benchmarks":[]},{"ancestorTitles":["patient billing access"],"fullName":"patient billing access locks pending patients and resolves expired active periods as past due","status":"passed","title":"locks pending patients and resolves expired active periods as past due","duration":0.3580000000000041,"failureMessages":[],"meta":{},"tags":[],"benchmarks":[]}],"startTime":1789359646463,"endTime":1789359646465.358,"status":"passed","message":"","name":"C:/Users/facun/OneDrive/Desktop/Personal/Vero Insta/Plan V/plan-v/src/billing.test.ts"},{"assertionResults":[{"ancestorTitles":["identidad visual de Plan V"],"fullName":"identidad visual de Plan V expone la paleta principal tomada del isotipo oficial","status":"passed","title":"expone la paleta principal tomada del isotipo oficial","duration":2.1355000000000075,"failureMessages":[],"meta":{},"tags":[],"benchmarks":[]},{"ancestorTitles":["identidad visual de Plan V"],"fullName":"identidad visual de Plan V renderiza el isotipo oficial como marca compartida","status":"passed","title":"renderiza el isotipo oficial como marca compartida","duration":6.678599999999989,"failureMessages":[],"meta":{},"tags":[],"benchmarks":[]}],"startTime":1789359645943,"endTime":1789359645951.6787,"status":"passed","message":"","name":"C:/Users/facun/OneDrive/Desktop/Personal/Vero Insta/Plan V/plan-v/src/brand.test.tsx"},{"assertionResults":[{"ancestorTitles":["theme preference"],"fullName":"theme preference restores a stored dark theme","status":"passed","title":"restores a stored dark theme","duration":1.4512,"failureMessages":[],"meta":{},"tags":[],"benchmarks":[]},{"ancestorTitles":["theme preference"],"fullName":"theme preference falls back to the system preference when storage is empty","status":"passed","title":"falls back to the system preference when storage is empty","duration":0.3172999999999888,"failureMessages":[],"meta":{},"tags":[],"benchmarks":[]},{"ancestorTitles":["theme preference"],"fullName":"theme preference survives unavailable storage and persists the selected theme","status":"passed","title":"survives unavailable storage and persists the selected theme","duration":0.7305000000000064,"failureMessages":[],"meta":{},"tags":[],"benchmarks":[]}],"startTime":1789359646232,"endTime":1789359646234.7305,"status":"passed","message":"","name":"C:/Users/facun/OneDrive/Desktop/Personal/Vero Insta/Plan V/plan-v/src/theme-preference.test.ts"},{"assertionResults":[{"ancestorTitles":["mapMessage"],"fullName":"mapMessage derives message direction from the author profile role","status":"passed","title":"derives message direction from the author profile role","duration":2.311800000000403,"failureMessages":[],"meta":{},"tags":[],"benchmarks":[]},{"ancestorTitles":["mapMessage"],"fullName":"mapMessage fails closed when the author role is missing or invalid","status":"passed","title":"fails closed when the author role is missing or invalid","duration":0.33270000000038635,"failureMessages":[],"meta":{},"tags":[],"benchmarks":[]},{"ancestorTitles":["sbAddMessage (016 v2)"],"fullName":"sbAddMessage (016 v2) persists sent messages with sent_at so the patient thread can see them","status":"passed","title":"persists sent messages with sent_at so the patient thread can see them","duration":1.2001000000000204,"failureMessages":[],"meta":{},"tags":[],"benchmarks":[]},{"ancestorTitles":["sbAddMealLog (016 v2)"],"fullName":"sbAddMealLog (016 v2) writes photo_path (never photo_url) per the 016 v2 schema","status":"passed","title":"writes photo_path (never photo_url) per the 016 v2 schema","duration":0.9502999999999702,"failureMessages":[],"meta":{},"tags":[],"benchmarks":[]},{"ancestorTitles":["sbAddMealLog (016 v2)"],"fullName":"sbAddMealLog (016 v2) rejects inline data URLs: photos must go through the Storage contract first","status":"passed","title":"rejects inline data URLs: photos must go through the Storage contract first","duration":1.652400000000398,"failureMessages":[],"meta":{},"tags":[],"benchmarks":[]},{"ancestorTitles":["weekly menu mapping (016 v2)"],"fullName":"weekly menu mapping (016 v2) maps meal_slots rows into weekPlan day groups and derives todayPlan","status":"passed","title":"maps meal_slots rows into weekPlan day groups and derives todayPlan","duration":1.1368999999999687,"failureMessages":[],"meta":{},"tags":[],"benchmarks":[]},{"ancestorTitles":["weekly menu mapping (016 v2)"],"fullName":"weekly menu mapping (016 v2) upserts slots by (patient_id, weekday, slot) using contract enums","status":"passed","title":"upserts slots by (patient_id, weekday, slot) using contract enums","duration":0.2486999999996442,"failureMessages":[],"meta":{},"tags":[],"benchmarks":[]},{"ancestorTitles":["weekly menu mapping (016 v2)"],"fullName":"weekly menu mapping (016 v2) deletes slots by (patient_id, weekday, slot)","status":"passed","title":"deletes slots by (patient_id, weekday, slot)","duration":0.40059999999994034,"failureMessages":[],"meta":{},"tags":[],"benchmarks":[]},{"ancestorTitles":["menuWeekdayIndex"],"fullName":"menuWeekdayIndex uses Monday=0 … Sunday=6 with local dates","status":"passed","title":"uses Monday=0 … Sunday=6 with local dates","duration":0.6250999999997475,"failureMessages":[],"meta":{},"tags":[],"benchmarks":[]},{"ancestorTitles":["ai_briefs dismissal (016 v2)"],"fullName":"ai_briefs dismissal (016 v2) maps a pending brief as visible (not dismissed)","status":"passed","title":"maps a pending brief as visible (not dismissed)","duration":0.7315999999996166,"failureMessages":[],"meta":{},"tags":[],"benchmarks":[]},{"ancestorTitles":["ai_briefs dismissal (016 v2)"],"fullName":"ai_briefs dismissal (016 v2) maps a dismissed latest brief with briefDismissed=true, keeping it internal","status":"passed","title":"maps a dismissed latest brief with briefDismissed=true, keeping it internal","duration":0.6363999999998668,"failureMessages":[],"meta":{},"tags":[],"benchmarks":[]},{"ancestorTitles":["ai_briefs dismissal (016 v2)"],"fullName":"ai_briefs dismissal (016 v2) hides briefs whose latest status is done or missing","status":"passed","title":"hides briefs whose latest status is done or missing","duration":0.6093999999998232,"failureMessages":[],"meta":{},"tags":[],"benchmarks":[]},{"ancestorTitles":["ai_briefs dismissal (016 v2)"],"fullName":"ai_briefs dismissal (016 v2) dismisses only the pending brief, with actor and timestamp","status":"passed","title":"dismisses only the pending brief, with actor and timestamp","duration":0.5048000000001593,"failureMessages":[],"meta":{},"tags":[],"benchmarks":[]},{"ancestorTitles":["appointments (016 v2)"],"fullName":"appointments (016 v2) computes the next weekday occurrence at the patient wall time","status":"passed","title":"computes the next weekday occurrence at the patient wall time","duration":14.184799999999996,"failureMessages":[],"meta":{},"tags":[],"benchmarks":[]},{"ancestorTitles":["appointments (016 v2)"],"fullName":"appointments (016 v2) uses the same day when the wall time is still ahead","status":"passed","title":"uses the same day when the wall time is still ahead","duration":0.38699999999971624,"failureMessages":[],"meta":{},"tags":[],"benchmarks":[]},{"ancestorTitles":["appointments (016 v2)"],"fullName":"appointments (016 v2) rolls to next week when the wall time already passed","status":"passed","title":"rolls to next week when the wall time already passed","duration":0.3944000000001324,"failureMessages":[],"meta":{},"tags":[],"benchmarks":[]},{"ancestorTitles":["appointments (016 v2)"],"fullName":"appointments (016 v2) formats starts_at back to the domain display string","status":"passed","title":"formats starts_at back to the domain display string","duration":0.34979999999995925,"failureMessages":[],"meta":{},"tags":[],"benchmarks":[]},{"ancestorTitles":["appointments (016 v2)"],"fullName":"appointments (016 v2) replaces the scheduled appointment and persists starts_at","status":"passed","title":"replaces the scheduled appointment and persists starts_at","duration":0.6975999999999658,"failureMessages":[],"meta":{},"tags":[],"benchmarks":[]},{"ancestorTitles":["appointments (016 v2)"],"fullName":"appointments (016 v2) clears the scheduled appointment without inserting when null","status":"passed","title":"clears the scheduled appointment without inserting when null","duration":0.3065999999998894,"failureMessages":[],"meta":{},"tags":[],"benchmarks":[]},{"ancestorTitles":["appointments (016 v2)"],"fullName":"appointments (016 v2) maps the next scheduled appointment into the domain patient","status":"passed","title":"maps the next scheduled appointment into the domain patient","duration":0.7662000000000262,"failureMessages":[],"meta":{},"tags":[],"benchmarks":[]},{"ancestorTitles":["appointments (016 v2)"],"fullName":"appointments (016 v2) leaves appointment null without scheduled rows","status":"passed","title":"leaves appointment null without scheduled rows","duration":0.4416000000001077,"failureMessages":[],"meta":{},"tags":[],"benchmarks":[]},{"ancestorTitles":["timeline_events (016 v2)"],"fullName":"timeline_events (016 v2) inserts timeline events with professional visibility by default","status":"passed","title":"inserts timeline events with professional visibility by default","duration":0.375,"failureMessages":[],"meta":{},"tags":[],"benchmarks":[]},{"ancestorTitles":["timeline_events (016 v2)"],"fullName":"timeline_events (016 v2) allows explicit patient visibility for patient-safe events","status":"passed","title":"allows explicit patient visibility for patient-safe events","duration":0.14609999999993306,"failureMessages":[],"meta":{},"tags":[],"benchmarks":[]},{"ancestorTitles":["timeline_events (016 v2)"],"fullName":"timeline_events (016 v2) maps persisted events with HOY/AYER/date labels, newest first","status":"passed","title":"maps persisted events with HOY/AYER/date labels, newest first","duration":0.586699999999837,"failureMessages":[],"meta":{},"tags":[],"benchmarks":[]},{"ancestorTitles":["timeline_events (016 v2)"],"fullName":"timeline_events (016 v2) returns an empty timeline without fabricating events from meal logs","status":"passed","title":"returns an empty timeline without fabricating events from meal logs","duration":0.41660000000001673,"failureMessages":[],"meta":{},"tags":[],"benchmarks":[]},{"ancestorTitles":["reminders (016 v2)"],"fullName":"reminders (016 v2) upserts reminder config with contract enums and conflict key","status":"passed","title":"upserts reminder config with contract enums and conflict key","duration":0.27700000000004366,"failureMessages":[],"meta":{},"tags":[],"benchmarks":[]},{"ancestorTitles":["reminders (016 v2)"],"fullName":"reminders (016 v2) maps all domain kinds: comida, agua, consulta, sueno","status":"passed","title":"maps all domain kinds: comida, agua, consulta, sueno","duration":0.16979999999966822,"failureMessages":[],"meta":{},"tags":[],"benchmarks":[]},{"ancestorTitles":["reminders (016 v2)"],"fullName":"reminders (016 v2) deletes reminder config by (patient_id, kind, time_local)","status":"passed","title":"deletes reminder config by (patient_id, kind, time_local)","duration":0.23720000000002983,"failureMessages":[],"meta":{},"tags":[],"benchmarks":[]},{"ancestorTitles":["reminders (016 v2)"],"fullName":"reminders (016 v2) rejects unknown kinds without touching the database","status":"passed","title":"rejects unknown kinds without touching the database","duration":0.3609000000001288,"failureMessages":[],"meta":{},"tags":[],"benchmarks":[]},{"ancestorTitles":["reminders (016 v2)"],"fullName":"reminders (016 v2) loads reminder config with domain labels and HH:MM times","status":"passed","title":"loads reminder config with domain labels and HH:MM times","duration":0.19529999999986103,"failureMessages":[],"meta":{},"tags":[],"benchmarks":[]},{"ancestorTitles":["localDateId"],"fullName":"localDateId formats the local calendar date, never UTC","status":"passed","title":"formats the local calendar date, never UTC","duration":0.12609999999995125,"failureMessages":[],"meta":{},"tags":[],"benchmarks":[]},{"ancestorTitles":["habit_logs (016 v2)"],"fullName":"habit_logs (016 v2) derives today snapshot (hydration, energy, sleep) from the local-day habit log","status":"passed","title":"derives today snapshot (hydration, energy, sleep) from the local-day habit log","duration":0.45280000000002474,"failureMessages":[],"meta":{},"tags":[],"benchmarks":[]},{"ancestorTitles":["habit_logs (016 v2)"],"fullName":"habit_logs (016 v2) defaults the snapshot when there is no habit log for today","status":"passed","title":"defaults the snapshot when there is no habit log for today","duration":0.203899999999976,"failureMessages":[],"meta":{},"tags":[],"benchmarks":[]},{"ancestorTitles":["habit_logs (016 v2)"],"fullName":"habit_logs (016 v2) upserts habit logs by (patient_id, date) merging with the existing row","status":"passed","title":"upserts habit logs by (patient_id, date) merging with the existing row","duration":0.40219999999999345,"failureMessages":[],"meta":{},"tags":[],"benchmarks":[]},{"ancestorTitles":["habit_logs (016 v2)"],"fullName":"habit_logs (016 v2) inserts a fresh row when the day has no log yet","status":"passed","title":"inserts a fresh row when the day has no log yet","duration":0.15470000000004802,"failureMessages":[],"meta":{},"tags":[],"benchmarks":[]}],"startTime":1789359646761,"endTime":1789359646795.402,"status":"passed","message":"","name":"C:/Users/facun/OneDrive/Desktop/Personal/Vero Insta/Plan V/plan-v/server/db/supabase-repo.test.ts"},{"assertionResults":[{"ancestorTitles":["auth middleware"],"fullName":"auth middleware returns 401 instead of exposing demo data when Supabase is enabled","status":"passed","title":"returns 401 instead of exposing demo data when Supabase is enabled","duration":23.900100000000066,"failureMessages":[],"meta":{},"tags":[],"benchmarks":[]},{"ancestorTitles":["auth middleware"],"fullName":"auth middleware allows the public health endpoint without a token","status":"passed","title":"allows the public health endpoint without a token","duration":1.2343000000000757,"failureMessages":[],"meta":{},"tags":[],"benchmarks":[]},{"ancestorTitles":["auth middleware"],"fullName":"auth middleware passes a verified user through to protected routes","status":"passed","title":"passes a verified user through to protected routes","duration":0.9994999999998981,"failureMessages":[],"meta":{},"tags":[],"benchmarks":[]},{"ancestorTitles":["auth middleware"],"fullName":"auth middleware keeps demo access when no Supabase service role is configured","status":"passed","title":"keeps demo access when no Supabase service role is configured","duration":0.7523000000001048,"failureMessages":[],"meta":{},"tags":[],"benchmarks":[]}],"startTime":1789359646457,"endTime":1789359646483.7522,"status":"passed","message":"","name":"C:/Users/facun/OneDrive/Desktop/Personal/Vero Insta/Plan V/plan-v/server/middleware/auth.test.ts"},{"assertionResults":[{"ancestorTitles":["authorizePatientAction"],"fullName":"authorizePatientAction returns the actor when the relation and action are allowed","status":"passed","title":"returns the actor when the relation and action are allowed","duration":2.2571000000000367,"failureMessages":[],"meta":{},"tags":[],"benchmarks":[]},{"ancestorTitles":["authorizePatientAction"],"fullName":"authorizePatientAction fails closed for a cross-nutritionist patient","status":"passed","title":"fails closed for a cross-nutritionist patient","duration":0.313000000000045,"failureMessages":[],"meta":{},"tags":[],"benchmarks":[]},{"ancestorTitles":["authorizePatientAction"],"fullName":"authorizePatientAction fails closed when the profile or patient relation cannot be resolved","status":"passed","title":"fails closed when the profile or patient relation cannot be resolved","duration":0.27830000000000155,"failureMessages":[],"meta":{},"tags":[],"benchmarks":[]}],"startTime":1789359646072,"endTime":1789359646075.2783,"status":"passed","message":"","name":"C:/Users/facun/OneDrive/Desktop/Personal/Vero Insta/Plan V/plan-v/server/security/authorization.test.ts"},{"assertionResults":[{"ancestorTitles":["resolveRequestAuth"],"fullName":"resolveRequestAuth keeps local demo mode available when Supabase is disabled","status":"passed","title":"keeps local demo mode available when Supabase is disabled","duration":1.9256999999999778,"failureMessages":[],"meta":{},"tags":[],"benchmarks":[]},{"ancestorTitles":["resolveRequestAuth"],"fullName":"resolveRequestAuth rejects unauthenticated protected requests when Supabase is enabled","status":"passed","title":"rejects unauthenticated protected requests when Supabase is enabled","duration":0.23960000000002424,"failureMessages":[],"meta":{},"tags":[],"benchmarks":[]},{"ancestorTitles":["resolveRequestAuth"],"fullName":"resolveRequestAuth keeps health public when Supabase is enabled","status":"passed","title":"keeps health public when Supabase is enabled","duration":0.14679999999998472,"failureMessages":[],"meta":{},"tags":[],"benchmarks":[]},{"ancestorTitles":["resolveRequestAuth"],"fullName":"resolveRequestAuth accepts a verified Supabase user","status":"passed","title":"accepts a verified Supabase user","duration":0.20160000000001332,"failureMessages":[],"meta":{},"tags":[],"benchmarks":[]},{"ancestorTitles":["canAccessPatient"],"fullName":"canAccessPatient allows a patient to perform read_self only on their own record","status":"passed","title":"allows a patient to perform read_self only on their own record","duration":0.3599000000000103,"failureMessages":[],"meta":{},"tags":[],"benchmarks":[]},{"ancestorTitles":["canAccessPatient"],"fullName":"canAccessPatient allows a patient to perform read_patient only on their own record","status":"passed","title":"allows a patient to perform read_patient only on their own record","duration":0.11050000000000182,"failureMessages":[],"meta":{},"tags":[],"benchmarks":[]},{"ancestorTitles":["canAccessPatient"],"fullName":"canAccessPatient allows a patient to perform analyze_meal only on their own record","status":"passed","title":"allows a patient to perform analyze_meal only on their own record","duration":0.9593000000000131,"failureMessages":[],"meta":{},"tags":[],"benchmarks":[]},{"ancestorTitles":["canAccessPatient"],"fullName":"canAccessPatient allows a patient to perform update_habits only on their own record","status":"passed","title":"allows a patient to perform update_habits only on their own record","duration":0.17719999999999914,"failureMessages":[],"meta":{},"tags":[],"benchmarks":[]},{"ancestorTitles":["canAccessPatient"],"fullName":"canAccessPatient allows a patient to perform send_message only on their own record","status":"passed","title":"allows a patient to perform send_message only on their own record","duration":0.6560000000000059,"failureMessages":[],"meta":{},"tags":[],"benchmarks":[]},{"ancestorTitles":["canAccessPatient"],"fullName":"canAccessPatient does not allow a patient to perform the professional action read_clinical","status":"passed","title":"does not allow a patient to perform the professional action read_clinical","duration":0.26499999999998636,"failureMessages":[],"meta":{},"tags":[],"benchmarks":[]},{"ancestorTitles":["canAccessPatient"],"fullName":"canAccessPatient does not allow a patient to perform the professional action review_meal","status":"passed","title":"does not allow a patient to perform the professional action review_meal","duration":0.17940000000001532,"failureMessages":[],"meta":{},"tags":[],"benchmarks":[]},{"ancestorTitles":["canAccessPatient"],"fullName":"canAccessPatient does not allow a patient to perform the professional action generate_copilot","status":"passed","title":"does not allow a patient to perform the professional action generate_copilot","duration":0.09600000000000364,"failureMessages":[],"meta":{},"tags":[],"benchmarks":[]},{"ancestorTitles":["canAccessPatient"],"fullName":"canAccessPatient does not allow a patient to perform the professional action edit_patient","status":"passed","title":"does not allow a patient to perform the professional action edit_patient","duration":0.08200000000002206,"failureMessages":[],"meta":{},"tags":[],"benchmarks":[]},{"ancestorTitles":["canAccessPatient"],"fullName":"canAccessPatient does not allow a patient to perform the professional action archive_patient","status":"passed","title":"does not allow a patient to perform the professional action archive_patient","duration":0.08320000000000505,"failureMessages":[],"meta":{},"tags":[],"benchmarks":[]},{"ancestorTitles":["canAccessPatient"],"fullName":"canAccessPatient does not allow a patient to perform the professional action edit_menu","status":"passed","title":"does not allow a patient to perform the professional action edit_menu","duration":0.11480000000000246,"failureMessages":[],"meta":{},"tags":[],"benchmarks":[]},{"ancestorTitles":["canAccessPatient"],"fullName":"canAccessPatient does not allow a patient to perform the professional action edit_appointment","status":"passed","title":"does not allow a patient to perform the professional action edit_appointment","duration":0.08939999999998349,"failureMessages":[],"meta":{},"tags":[],"benchmarks":[]},{"ancestorTitles":["canAccessPatient"],"fullName":"canAccessPatient does not allow a patient to perform the professional action edit_goal","status":"passed","title":"does not allow a patient to perform the professional action edit_goal","duration":0.06610000000000582,"failureMessages":[],"meta":{},"tags":[],"benchmarks":[]},{"ancestorTitles":["canAccessPatient"],"fullName":"canAccessPatient does not allow a patient to perform the professional action edit_billing","status":"passed","title":"does not allow a patient to perform the professional action edit_billing","duration":0.057699999999982765,"failureMessages":[],"meta":{},"tags":[],"benchmarks":[]},{"ancestorTitles":["canAccessPatient"],"fullName":"canAccessPatient allows a nutritionist to access only their assigned patients","status":"passed","title":"allows a nutritionist to access only their assigned patients","duration":0.41420000000002233,"failureMessages":[],"meta":{},"tags":[],"benchmarks":[]},{"ancestorTitles":["canAccessPatient"],"fullName":"canAccessPatient only lets nutritionists create patients","status":"passed","title":"only lets nutritionists create patients","duration":0.15319999999999823,"failureMessages":[],"meta":{},"tags":[],"benchmarks":[]},{"ancestorTitles":["canAccessPatient"],"fullName":"canAccessPatient lets a locked patient read their minimal view and messages but blocks health mutations","status":"passed","title":"lets a locked patient read their minimal view and messages but blocks health mutations","duration":0.1418000000000177,"failureMessages":[],"meta":{},"tags":[],"benchmarks":[]},{"ancestorTitles":["toPatientSelfView"],"fullName":"toPatientSelfView removes professional-only fields and unsent messages","status":"passed","title":"removes professional-only fields and unsent messages","duration":0.7379999999999995,"failureMessages":[],"meta":{},"tags":[],"benchmarks":[]},{"ancestorTitles":["toPatientSelfView"],"fullName":"toPatientSelfView removes professional notes from direct meal-analysis responses","status":"passed","title":"removes professional notes from direct meal-analysis responses","duration":0.16249999999999432,"failureMessages":[],"meta":{},"tags":[],"benchmarks":[]},{"ancestorTitles":["toPatientSelfView"],"fullName":"toPatientSelfView does not mutate the internal patient record","status":"passed","title":"does not mutate the internal patient record","duration":0.7339000000000055,"failureMessages":[],"meta":{},"tags":[],"benchmarks":[]},{"ancestorTitles":["toPatientSelfView"],"fullName":"toPatientSelfView returns only identity, billing state and sent messages when access is locked","status":"passed","title":"returns only identity, billing state and sent messages when access is locked","duration":0.5241000000000042,"failureMessages":[],"meta":{},"tags":[],"benchmarks":[]}],"startTime":1789359645849,"endTime":1789359645858.5242,"status":"passed","message":"","name":"C:/Users/facun/OneDrive/Desktop/Personal/Vero Insta/Plan V/plan-v/server/security/contracts.test.ts"},{"assertionResults":[{"ancestorTitles":["entrada al diseño de la demo local"],"fullName":"entrada al diseño de la demo local abre Nutrigo en la raíz sin exigir una query","status":"passed","title":"abre Nutrigo en la raíz sin exigir una query","duration":1.6970000000000027,"failureMessages":[],"meta":{},"tags":[],"benchmarks":[]},{"ancestorTitles":["entrada al diseño de la demo local"],"fullName":"entrada al diseño de la demo local conserva el enlace explícito al nuevo diseño","status":"passed","title":"conserva el enlace explícito al nuevo diseño","duration":0.2779999999999916,"failureMessages":[],"meta":{},"tags":[],"benchmarks":[]},{"ancestorTitles":["entrada al diseño de la demo local"],"fullName":"entrada al diseño de la demo local permite abrir la versión anterior de forma explícita","status":"passed","title":"permite abrir la versión anterior de forma explícita","duration":0.13049999999998363,"failureMessages":[],"meta":{},"tags":[],"benchmarks":[]},{"ancestorTitles":["entrada al diseño de la demo local"],"fullName":"entrada al diseño de la demo local no habilita el diseño demo fuera de sus guardas: {\"development\":false}","status":"passed","title":"no habilita el diseño demo fuera de sus guardas: {\"development\":false}","duration":0.1413000000000011,"failureMessages":[],"meta":{},"tags":[],"benchmarks":[]},{"ancestorTitles":["entrada al diseño de la demo local"],"fullName":"entrada al diseño de la demo local no habilita el diseño demo fuera de sus guardas: {\"demoMode\":false}","status":"passed","title":"no habilita el diseño demo fuera de sus guardas: {\"demoMode\":false}","duration":0.13299999999998136,"failureMessages":[],"meta":{},"tags":[],"benchmarks":[]},{"ancestorTitles":["entrada al diseño de la demo local"],"fullName":"entrada al diseño de la demo local no habilita el diseño demo fuera de sus guardas: {\"hasSession\":true}","status":"passed","title":"no habilita el diseño demo fuera de sus guardas: {\"hasSession\":true}","duration":0.16139999999998622,"failureMessages":[],"meta":{},"tags":[],"benchmarks":[]},{"ancestorTitles":["entrada al diseño de la demo local"],"fullName":"entrada al diseño de la demo local no habilita el diseño demo fuera de sus guardas: {\"supabaseEnabled\":true}","status":"passed","title":"no habilita el diseño demo fuera de sus guardas: {\"supabaseEnabled\":true}","duration":0.1606000000000165,"failureMessages":[],"meta":{},"tags":[],"benchmarks":[]}],"startTime":1789359646216,"endTime":1789359646219.1606,"status":"passed","message":"","name":"C:/Users/facun/OneDrive/Desktop/Personal/Vero Insta/Plan V/plan-v/src/components/design-entry.test.ts"},{"assertionResults":[{"ancestorTitles":["PlanVExperience initial-load boundary"],"fullName":"PlanVExperience initial-load boundary loads patient and CRM surfaces only on demand","status":"passed","title":"loads patient and CRM surfaces only on demand","duration":16.669299999999993,"failureMessages":[],"meta":{},"tags":[],"benchmarks":[]}],"startTime":1789359646008,"endTime":1789359646024.6692,"status":"passed","message":"","name":"C:/Users/facun/OneDrive/Desktop/Personal/Vero Insta/Plan V/plan-v/src/components/PlanVExperience.perf.test.ts"},{"assertionResults":[{"ancestorTitles":["entrada contextual al CRM"],"fullName":"entrada contextual al CRM abre la ficha del paciente solicitado, no la primera de la lista","status":"passed","title":"abre la ficha del paciente solicitado, no la primera de la lista","duration":2.155900000000031,"failureMessages":[],"meta":{},"tags":[],"benchmarks":[]},{"ancestorTitles":["entrada contextual al CRM"],"fullName":"entrada contextual al CRM conserva el destino de revisión, plan o consultas","status":"passed","title":"conserva el destino de revisión, plan o consultas","duration":0.5076000000000249,"failureMessages":[],"meta":{},"tags":[],"benchmarks":[]},{"ancestorTitles":["entrada contextual al CRM"],"fullName":"entrada contextual al CRM abre los módulos existentes sin heredar una pestaña de ficha","status":"passed","title":"abre los módulos existentes sin heredar una pestaña de ficha","duration":0.254099999999994,"failureMessages":[],"meta":{},"tags":[],"benchmarks":[]},{"ancestorTitles":["entrada contextual al CRM"],"fullName":"entrada contextual al CRM rechaza un paciente eliminado o archivado en vez de abrir otro","status":"passed","title":"rechaza un paciente eliminado o archivado en vez de abrir otro","duration":0.21230000000002747,"failureMessages":[],"meta":{},"tags":[],"benchmarks":[]},{"ancestorTitles":["entrada contextual al CRM"],"fullName":"entrada contextual al CRM mantiene entrada tradicional y maneja una lista vacía","status":"passed","title":"mantiene entrada tradicional y maneja una lista vacía","duration":0.33440000000001646,"failureMessages":[],"meta":{},"tags":[],"benchmarks":[]}],"startTime":1789359646050,"endTime":1789359646054.3345,"status":"passed","message":"","name":"C:/Users/facun/OneDrive/Desktop/Personal/Vero Insta/Plan V/plan-v/src/components/crm/crm-entry.test.ts"},{"assertionResults":[{"ancestorTitles":["CRM goal helpers"],"fullName":"CRM goal helpers normalizes legacy patients as active goals without invented progress","status":"passed","title":"normalizes legacy patients as active goals without invented progress","duration":1.5713999999999828,"failureMessages":[],"meta":{},"tags":[],"benchmarks":[]},{"ancestorTitles":["CRM goal helpers"],"fullName":"CRM goal helpers preserves stored goal state and history","status":"passed","title":"preserves stored goal state and history","duration":0.2733000000000061,"failureMessages":[],"meta":{},"tags":[],"benchmarks":[]},{"ancestorTitles":["CRM goal helpers"],"fullName":"CRM goal helpers filters goal rows by their normalized status","status":"passed","title":"filters goal rows by their normalized status","duration":0.2470000000000141,"failureMessages":[],"meta":{},"tags":[],"benchmarks":[]}],"startTime":1789359646280,"endTime":1789359646282.2732,"status":"passed","message":"","name":"C:/Users/facun/OneDrive/Desktop/Personal/Vero Insta/Plan V/plan-v/src/components/crm/crm-goals.test.ts"},{"assertionResults":[{"ancestorTitles":["CRM interaction states"],"fullName":"CRM interaction states opens appointment preparation directly in editing mode","status":"passed","title":"opens appointment preparation directly in editing mode","duration":1.7090000000000032,"failureMessages":[],"meta":{},"tags":[],"benchmarks":[]},{"ancestorTitles":["CRM interaction states"],"fullName":"CRM interaction states routes the commandbar message action to the existing summary draft","status":"passed","title":"routes the commandbar message action to the existing summary draft","duration":0.8345999999999947,"failureMessages":[],"meta":{},"tags":[],"benchmarks":[]},{"ancestorTitles":["CRM interaction states"],"fullName":"CRM interaction states hides dismissed or empty briefs from the summary action","status":"passed","title":"hides dismissed or empty briefs from the summary action","duration":0.34850000000000136,"failureMessages":[],"meta":{},"tags":[],"benchmarks":[]}],"startTime":1789359646345,"endTime":1789359646348.3484,"status":"passed","message":"","name":"C:/Users/facun/OneDrive/Desktop/Personal/Vero Insta/Plan V/plan-v/src/components/crm/crm-interactions.test.ts"},{"assertionResults":[{"ancestorTitles":["CRM module patient actions"],"fullName":"CRM module patient actions opens appointment management from Agenda","status":"passed","title":"opens appointment management from Agenda","duration":2.6066999999999894,"failureMessages":[],"meta":{},"tags":[],"benchmarks":[]},{"ancestorTitles":["CRM module patient actions"],"fullName":"CRM module patient actions keeps the record action in non-scheduling modules","status":"passed","title":"keeps the record action in non-scheduling modules","duration":0.20980000000000132,"failureMessages":[],"meta":{},"tags":[],"benchmarks":[]}],"startTime":1789359646430,"endTime":1789359646433.2097,"status":"passed","message":"","name":"C:/Users/facun/OneDrive/Desktop/Personal/Vero Insta/Plan V/plan-v/src/components/crm/crm-module-actions.test.ts"},{"assertionResults":[{"ancestorTitles":["CRM patient directory helpers"],"fullName":"CRM patient directory helpers searches active patients by name, status and goal","status":"passed","title":"searches active patients by name, status and goal","duration":2.5581000000000245,"failureMessages":[],"meta":{},"tags":[],"benchmarks":[]},{"ancestorTitles":["CRM patient directory helpers"],"fullName":"CRM patient directory helpers separates active, attention and archived records","status":"passed","title":"separates active, attention and archived records","duration":0.5797999999999774,"failureMessages":[],"meta":{},"tags":[],"benchmarks":[]},{"ancestorTitles":["CRM patient directory helpers"],"fullName":"CRM patient directory helpers summarizes the directory without counting archived records as active","status":"passed","title":"summarizes the directory without counting archived records as active","duration":0.31330000000002656,"failureMessages":[],"meta":{},"tags":[],"benchmarks":[]}],"startTime":1789359646068,"endTime":1789359646071.3132,"status":"passed","message":"","name":"C:/Users/facun/OneDrive/Desktop/Personal/Vero Insta/Plan V/plan-v/src/components/crm/crm-patients.test.ts"},{"assertionResults":[{"ancestorTitles":["groupMealLogsForReview"],"fullName":"groupMealLogsForReview splits pending from reviewed and sorts newest first inside each group","status":"passed","title":"splits pending from reviewed and sorts newest first inside each group","duration":10.72120000000001,"failureMessages":[],"meta":{},"tags":[],"benchmarks":[]},{"ancestorTitles":["groupMealLogsForReview"],"fullName":"groupMealLogsForReview does not mutate the input array","status":"passed","title":"does not mutate the input array","duration":0.21389999999999532,"failureMessages":[],"meta":{},"tags":[],"benchmarks":[]}],"startTime":1789359645643,"endTime":1789359645653.7212,"status":"passed","message":"","name":"C:/Users/facun/OneDrive/Desktop/Personal/Vero Insta/Plan V/plan-v/src/components/crm/meal-history.test.ts"},{"assertionResults":[{"ancestorTitles":["meal review draft"],"fullName":"meal review draft creates an isolated editable copy of the estimated meal","status":"passed","title":"creates an isolated editable copy of the estimated meal","duration":1.6885000000000048,"failureMessages":[],"meta":{},"tags":[],"benchmarks":[]},{"ancestorTitles":["meal review draft"],"fullName":"meal review draft builds a trimmed adjusted review payload","status":"passed","title":"builds a trimmed adjusted review payload","duration":0.42480000000000473,"failureMessages":[],"meta":{},"tags":[],"benchmarks":[]},{"ancestorTitles":["meal review draft"],"fullName":"meal review draft rejects blank foods and invalid macro values before the request","status":"passed","title":"rejects blank foods and invalid macro values before the request","duration":0.24850000000000705,"failureMessages":[],"meta":{},"tags":[],"benchmarks":[]}],"startTime":1789359646393,"endTime":1789359646395.2485,"status":"passed","message":"","name":"C:/Users/facun/OneDrive/Desktop/Personal/Vero Insta/Plan V/plan-v/src/components/crm/meal-review-draft.test.ts"},{"assertionResults":[{"ancestorTitles":["availableSlotsForDay"],"fullName":"availableSlotsForDay returns every slot when the day has no meals","status":"passed","title":"returns every slot when the day has no meals","duration":1.8536000000000001,"failureMessages":[],"meta":{},"tags":[],"benchmarks":[]},{"ancestorTitles":["availableSlotsForDay"],"fullName":"availableSlotsForDay filters out slots already planned that day","status":"passed","title":"filters out slots already planned that day","duration":0.28489999999999327,"failureMessages":[],"meta":{},"tags":[],"benchmarks":[]},{"ancestorTitles":["availableSlotsForDay"],"fullName":"availableSlotsForDay returns an empty list when the day is full","status":"passed","title":"returns an empty list when the day is full","duration":0.15890000000001692,"failureMessages":[],"meta":{},"tags":[],"benchmarks":[]}],"startTime":1789359646328,"endTime":1789359646330.285,"status":"passed","message":"","name":"C:/Users/facun/OneDrive/Desktop/Personal/Vero Insta/Plan V/plan-v/src/components/crm/menu-editor-utils.test.ts"},{"assertionResults":[{"ancestorTitles":["resolveNextStepTarget"],"fullName":"resolveNextStepTarget opens the weekly menu editor on the most relevant available day","status":"passed","title":"opens the weekly menu editor on the most relevant available day","duration":2.3074000000000012,"failureMessages":[],"meta":{},"tags":[],"benchmarks":[]},{"ancestorTitles":["resolveNextStepTarget"],"fullName":"resolveNextStepTarget opens appointment preparation in edit mode","status":"passed","title":"opens appointment preparation in edit mode","duration":0.3083000000000027,"failureMessages":[],"meta":{},"tags":[],"benchmarks":[]},{"ancestorTitles":["resolveNextStepTarget"],"fullName":"resolveNextStepTarget falls back to the first available weekly day for menu edits","status":"passed","title":"falls back to the first available weekly day for menu edits","duration":0.13589999999999236,"failureMessages":[],"meta":{},"tags":[],"benchmarks":[]}],"startTime":1789359646339,"endTime":1789359646342.3083,"status":"passed","message":"","name":"C:/Users/facun/OneDrive/Desktop/Personal/Vero Insta/Plan V/plan-v/src/components/crm/next-step-target.test.ts"},{"assertionResults":[{"ancestorTitles":["mensajes operativos del diseño Nutrigo"],"fullName":"mensajes operativos del diseño Nutrigo envía texto limpio al paciente elegido y refresca sólo ese registro","status":"passed","title":"envía texto limpio al paciente elegido y refresca sólo ese registro","duration":3.21459999999999,"failureMessages":[],"meta":{},"tags":[],"benchmarks":[]},{"ancestorTitles":["mensajes operativos del diseño Nutrigo"],"fullName":"mensajes operativos del diseño Nutrigo la profesional envía como humana, nunca como sugerencia IA","status":"passed","title":"la profesional envía como humana, nunca como sugerencia IA","duration":0.5209000000000117,"failureMessages":[],"meta":{},"tags":[],"benchmarks":[]},{"ancestorTitles":["mensajes operativos del diseño Nutrigo"],"fullName":"mensajes operativos del diseño Nutrigo rechaza textos vacíos o demasiado largos","status":"passed","title":"rechaza textos vacíos o demasiado largos","duration":1.6384999999999934,"failureMessages":[],"meta":{},"tags":[],"benchmarks":[]},{"ancestorTitles":["mensajes operativos del diseño Nutrigo"],"fullName":"mensajes operativos del diseño Nutrigo rechaza textos vacíos o demasiado largos","status":"passed","title":"rechaza textos vacíos o demasiado largos","duration":0.5201000000000136,"failureMessages":[],"meta":{},"tags":[],"benchmarks":[]},{"ancestorTitles":["mensajes operativos del diseño Nutrigo"],"fullName":"mensajes operativos del diseño Nutrigo no refresca ni anuncia éxito si el envío falla","status":"passed","title":"no refresca ni anuncia éxito si el envío falla","duration":0.7120999999999924,"failureMessages":[],"meta":{},"tags":[],"benchmarks":[]},{"ancestorTitles":["mensajes operativos del diseño Nutrigo"],"fullName":"mensajes operativos del diseño Nutrigo distingue envío guardado de fallo de refresco para evitar reenvíos duplicados","status":"passed","title":"distingue envío guardado de fallo de refresco para evitar reenvíos duplicados","duration":0.4487000000000023,"failureMessages":[],"meta":{},"tags":[],"benchmarks":[]}],"startTime":1789359645951,"endTime":1789359645958.4487,"status":"passed","message":"","name":"C:/Users/facun/OneDrive/Desktop/Personal/Vero Insta/Plan V/plan-v/src/components/nutrigo/message-send.test.ts"},{"assertionResults":[{"ancestorTitles":["mensajería dentro del diseño Nutrigo"],"fullName":"mensajería dentro del diseño Nutrigo el paciente ve a su nutricionista y un compositor, no un aviso de solo lectura","status":"passed","title":"el paciente ve a su nutricionista y un compositor, no un aviso de solo lectura","duration":20.698300000000017,"failureMessages":[],"meta":{},"tags":[],"benchmarks":[]},{"ancestorTitles":["mensajería dentro del diseño Nutrigo"],"fullName":"mensajería dentro del diseño Nutrigo la profesional ve las conversaciones y el contexto de la persona seleccionada","status":"passed","title":"la profesional ve las conversaciones y el contexto de la persona seleccionada","duration":1.6145000000001346,"failureMessages":[],"meta":{},"tags":[],"benchmarks":[]},{"ancestorTitles":["mensajería dentro del diseño Nutrigo"],"fullName":"mensajería dentro del diseño Nutrigo no muestra otras personas en el modo paciente aunque se pasen a la lista","status":"passed","title":"no muestra otras personas en el modo paciente aunque se pasen a la lista","duration":1.4666999999999462,"failureMessages":[],"meta":{},"tags":[],"benchmarks":[]}],"startTime":1789359646587,"endTime":1789359646611.4668,"status":"passed","message":"","name":"C:/Users/facun/OneDrive/Desktop/Personal/Vero Insta/Plan V/plan-v/src/components/nutrigo/NutrigoMessages.test.tsx"},{"assertionResults":[{"ancestorTitles":["Dashboard paciente — composición Nutrigo"],"fullName":"Dashboard paciente — composición Nutrigo comparte la composición con el CRM sin tratar a la profesional como paciente","status":"passed","title":"comparte la composición con el CRM sin tratar a la profesional como paciente","duration":27.37609999999995,"failureMessages":[],"meta":{},"tags":[],"benchmarks":[]},{"ancestorTitles":["Dashboard paciente — composición Nutrigo"],"fullName":"Dashboard paciente — composición Nutrigo no mezcla el menú ni el contacto al cambiar el paciente profesional","status":"passed","title":"no mezcla el menú ni el contacto al cambiar el paciente profesional","duration":11.307199999999966,"failureMessages":[],"meta":{},"tags":[],"benchmarks":[]},{"ancestorTitles":["Dashboard paciente — composición Nutrigo"],"fullName":"Dashboard paciente — composición Nutrigo calcula distribución energética sin tratarla como meta prescrita","status":"passed","title":"calcula distribución energética sin tratarla como meta prescrita","duration":0.9312999999999647,"failureMessages":[],"meta":{},"tags":[],"benchmarks":[]},{"ancestorTitles":["Dashboard paciente — composición Nutrigo"],"fullName":"Dashboard paciente — composición Nutrigo conserva estados sin datos y no inventa peso, pasos ni objetivo calórico","status":"passed","title":"conserva estados sin datos y no inventa peso, pasos ni objetivo calórico","duration":5.233299999999872,"failureMessages":[],"meta":{},"tags":[],"benchmarks":[]},{"ancestorTitles":["Dashboard paciente — composición Nutrigo"],"fullName":"Dashboard paciente — composición Nutrigo presenta el menú existente y distingue las imágenes ilustrativas de registros reales","status":"passed","title":"presenta el menú existente y distingue las imágenes ilustrativas de registros reales","duration":4.7461000000000695,"failureMessages":[],"meta":{},"tags":[],"benchmarks":[]}],"startTime":1789359645725,"endTime":1789359645775.746,"status":"passed","message":"","name":"C:/Users/facun/OneDrive/Desktop/Personal/Vero Insta/Plan V/plan-v/src/components/nutrigo/PatientOverview.test.tsx"},{"assertionResults":[{"ancestorTitles":["resumen profesional del showroom"],"fullName":"resumen profesional del showroom agrega solo pacientes activos y registros del paciente correspondiente","status":"passed","title":"agrega solo pacientes activos y registros del paciente correspondiente","duration":2.214499999999987,"failureMessages":[],"meta":{},"tags":[],"benchmarks":[]},{"ancestorTitles":["resumen profesional del showroom"],"fullName":"resumen profesional del showroom distingue ausencia de datos de adherencia cero","status":"passed","title":"distingue ausencia de datos de adherencia cero","duration":0.4964000000000226,"failureMessages":[],"meta":{},"tags":[],"benchmarks":[]}],"startTime":1789359646134,"endTime":1789359646136.4963,"status":"passed","message":"","name":"C:/Users/facun/OneDrive/Desktop/Personal/Vero Insta/Plan V/plan-v/src/components/nutrigo/professional-summary.test.ts"},{"assertionResults":[{"ancestorTitles":["accesos profesionales del showroom"],"fullName":"accesos profesionales del showroom separa el resumen agregado de la barra compacta de trabajo, sin otra fila de tarjetas KPI","status":"passed","title":"separa el resumen agregado de la barra compacta de trabajo, sin otra fila de tarjetas KPI","duration":11.146999999999991,"failureMessages":[],"meta":{},"tags":[],"benchmarks":[]},{"ancestorTitles":["accesos profesionales del showroom"],"fullName":"accesos profesionales del showroom dirige cada acción al paciente seleccionado, nunca al primero de la lista","status":"passed","title":"dirige cada acción al paciente seleccionado, nunca al primero de la lista","duration":3.0213999999999714,"failureMessages":[],"meta":{},"tags":[],"benchmarks":[]},{"ancestorTitles":["accesos profesionales del showroom"],"fullName":"accesos profesionales del showroom deshabilita acciones sin selección activa en lugar de cambiar de paciente silenciosamente","status":"passed","title":"deshabilita acciones sin selección activa en lugar de cambiar de paciente silenciosamente","duration":1.8343999999999596,"failureMessages":[],"meta":{},"tags":[],"benchmarks":[]},{"ancestorTitles":["accesos profesionales del showroom"],"fullName":"accesos profesionales del showroom mantiene directorio activo, métricas opcionales y aviso de persistencia demo","status":"passed","title":"mantiene directorio activo, métricas opcionales y aviso de persistencia demo","duration":1.9904999999999973,"failureMessages":[],"meta":{},"tags":[],"benchmarks":[]}],"startTime":1789359645746,"endTime":1789359645763.9905,"status":"passed","message":"","name":"C:/Users/facun/OneDrive/Desktop/Personal/Vero Insta/Plan V/plan-v/src/components/nutrigo/ProfessionalActions.test.tsx"},{"assertionResults":[{"ancestorTitles":["Agenda profesional multipaciente en Nutrigo"],"fullName":"Agenda profesional multipaciente en Nutrigo deriva una única próxima ocurrencia por paciente y las ordena cronológicamente","status":"passed","title":"deriva una única próxima ocurrencia por paciente y las ordena cronológicamente","duration":2.198799999999892,"failureMessages":[],"meta":{},"tags":[],"benchmarks":[]},{"ancestorTitles":["Agenda profesional multipaciente en Nutrigo"],"fullName":"Agenda profesional multipaciente en Nutrigo agrupa varias consultas por día sin inventar historial longitudinal","status":"passed","title":"agrupa varias consultas por día sin inventar historial longitudinal","duration":17.65370000000007,"failureMessages":[],"meta":{},"tags":[],"benchmarks":[]},{"ancestorTitles":["Agenda profesional multipaciente en Nutrigo"],"fullName":"Agenda profesional multipaciente en Nutrigo muestra resumen, calendario, pacientes sin turno y acciones operativas","status":"passed","title":"muestra resumen, calendario, pacientes sin turno y acciones operativas","duration":12.504599999999982,"failureMessages":[],"meta":{},"tags":[],"benchmarks":[]},{"ancestorTitles":["Agenda profesional multipaciente en Nutrigo"],"fullName":"Agenda profesional multipaciente en Nutrigo declara el límite del modelo semanal actual","status":"passed","title":"declara el límite del modelo semanal actual","duration":3.912900000000036,"failureMessages":[],"meta":{},"tags":[],"benchmarks":[]}],"startTime":1789359646533,"endTime":1789359646568.9128,"status":"passed","message":"","name":"C:/Users/facun/OneDrive/Desktop/Personal/Vero Insta/Plan V/plan-v/src/components/nutrigo/showroom-agenda.test.tsx"},{"assertionResults":[{"ancestorTitles":["Consultas profesionales en Nutrigo"],"fullName":"Consultas profesionales en Nutrigo interpreta únicamente días y horarios válidos","status":"passed","title":"interpreta únicamente días y horarios válidos","duration":2.6898000000001048,"failureMessages":[],"meta":{},"tags":[],"benchmarks":[]},{"ancestorTitles":["Consultas profesionales en Nutrigo"],"fullName":"Consultas profesionales en Nutrigo deriva la próxima fecha sin convertir la cita semanal en historial inventado","status":"passed","title":"deriva la próxima fecha sin convertir la cita semanal en historial inventado","duration":14.145399999999881,"failureMessages":[],"meta":{},"tags":[],"benchmarks":[]},{"ancestorTitles":["Consultas profesionales en Nutrigo"],"fullName":"Consultas profesionales en Nutrigo renderiza métricas operativas, calendario, detalle seguro y selector multipaciente","status":"passed","title":"renderiza métricas operativas, calendario, detalle seguro y selector multipaciente","duration":12.996000000000095,"failureMessages":[],"meta":{},"tags":[],"benchmarks":[]},{"ancestorTitles":["Consultas profesionales en Nutrigo"],"fullName":"Consultas profesionales en Nutrigo muestra un editor y un vacío explícito cuando no existe consulta","status":"passed","title":"muestra un editor y un vacío explícito cuando no existe consulta","duration":5.000500000000102,"failureMessages":[],"meta":{},"tags":[],"benchmarks":[]},{"ancestorTitles":["Consultas profesionales en Nutrigo"],"fullName":"Consultas profesionales en Nutrigo no promete confirmación, historial ni datos clínicos inexistentes","status":"passed","title":"no promete confirmación, historial ni datos clínicos inexistentes","duration":3.8467000000000553,"failureMessages":[],"meta":{},"tags":[],"benchmarks":[]}],"startTime":1789359646522,"endTime":1789359646560.8467,"status":"passed","message":"","name":"C:/Users/facun/OneDrive/Desktop/Personal/Vero Insta/Plan V/plan-v/src/components/nutrigo/showroom-consultations.test.tsx"},{"assertionResults":[{"ancestorTitles":["Objetivos profesionales en Nutrigo"],"fullName":"Objetivos profesionales en Nutrigo resume estados y avance sin inventar métricas clínicas","status":"passed","title":"resume estados y avance sin inventar métricas clínicas","duration":1.8964000000000851,"failureMessages":[],"meta":{},"tags":[],"benchmarks":[]},{"ancestorTitles":["Objetivos profesionales en Nutrigo"],"fullName":"Objetivos profesionales en Nutrigo conserva el seguimiento multipaciente, filtros y acciones operativas","status":"passed","title":"conserva el seguimiento multipaciente, filtros y acciones operativas","duration":27.874499999999898,"failureMessages":[],"meta":{},"tags":[],"benchmarks":[]},{"ancestorTitles":["Objetivos profesionales en Nutrigo"],"fullName":"Objetivos profesionales en Nutrigo muestra el historial profesional sin sumar peso, IMC ni fotos inexistentes","status":"passed","title":"muestra el historial profesional sin sumar peso, IMC ni fotos inexistentes","duration":4.930899999999838,"failureMessages":[],"meta":{},"tags":[],"benchmarks":[]}],"startTime":1789359646522,"endTime":1789359646555.931,"status":"passed","message":"","name":"C:/Users/facun/OneDrive/Desktop/Personal/Vero Insta/Plan V/plan-v/src/components/nutrigo/showroom-goals.test.tsx"},{"assertionResults":[{"ancestorTitles":["Plan semanal profesional en Nutrigo"],"fullName":"Plan semanal profesional en Nutrigo construye los siete días en orden y conserva únicamente datos existentes","status":"passed","title":"construye los siete días en orden y conserva únicamente datos existentes","duration":2.13799999999992,"failureMessages":[],"meta":{},"tags":[],"benchmarks":[]},{"ancestorTitles":["Plan semanal profesional en Nutrigo"],"fullName":"Plan semanal profesional en Nutrigo renderiza una tabla editable con siete días y selección multipaciente","status":"passed","title":"renderiza una tabla editable con siete días y selección multipaciente","duration":10.628299999999854,"failureMessages":[],"meta":{},"tags":[],"benchmarks":[]},{"ancestorTitles":["Plan semanal profesional en Nutrigo"],"fullName":"Plan semanal profesional en Nutrigo muestra días vacíos y no inventa cantidades, calorías ni macros","status":"passed","title":"muestra días vacíos y no inventa cantidades, calorías ni macros","duration":3.588600000000042,"failureMessages":[],"meta":{},"tags":[],"benchmarks":[]},{"ancestorTitles":["Plan semanal profesional en Nutrigo"],"fullName":"Plan semanal profesional en Nutrigo filtra comidas por slot o título sin eliminar las siete filas del plan","status":"passed","title":"filtra comidas por slot o título sin eliminar las siete filas del plan","duration":3.2188999999998487,"failureMessages":[],"meta":{},"tags":[],"benchmarks":[]}],"startTime":1789359646534,"endTime":1789359646553.219,"status":"passed","message":"","name":"C:/Users/facun/OneDrive/Desktop/Personal/Vero Insta/Plan V/plan-v/src/components/nutrigo/showroom-meal-plan.test.tsx"},{"assertionResults":[{"ancestorTitles":["Comidas y hábitos en Nutrigo"],"fullName":"Comidas y hábitos en Nutrigo deriva métricas y registros solo del paciente seleccionado","status":"passed","title":"deriva métricas y registros solo del paciente seleccionado","duration":2.605600000000095,"failureMessages":[],"meta":{},"tags":[],"benchmarks":[]},{"ancestorTitles":["Comidas y hábitos en Nutrigo"],"fullName":"Comidas y hábitos en Nutrigo presenta cuatro métricas y una tabla operativa compacta","status":"passed","title":"presenta cuatro métricas y una tabla operativa compacta","duration":20.4849999999999,"failureMessages":[],"meta":{},"tags":[],"benchmarks":[]},{"ancestorTitles":["Comidas y hábitos en Nutrigo"],"fullName":"Comidas y hábitos en Nutrigo filtra por comida, detalle y estado sin inventar resultados","status":"passed","title":"filtra por comida, detalle y estado sin inventar resultados","duration":4.850299999999834,"failureMessages":[],"meta":{},"tags":[],"benchmarks":[]},{"ancestorTitles":["Comidas y hábitos en Nutrigo"],"fullName":"Comidas y hábitos en Nutrigo mantiene los hábitos como información declarada por la paciente","status":"passed","title":"mantiene los hábitos como información declarada por la paciente","duration":2.7472999999999956,"failureMessages":[],"meta":{},"tags":[],"benchmarks":[]}],"startTime":1789359645714,"endTime":1789359645744.7473,"status":"passed","message":"","name":"C:/Users/facun/OneDrive/Desktop/Personal/Vero Insta/Plan V/plan-v/src/components/nutrigo/showroom-meals.test.tsx"},{"assertionResults":[{"ancestorTitles":["modelo seguro del showroom"],"fullName":"modelo seguro del showroom excluye campos profesionales y no inventa un objetivo calórico","status":"passed","title":"excluye campos profesionales y no inventa un objetivo calórico","duration":12.794399999999996,"failureMessages":[],"meta":{},"tags":[],"benchmarks":[]},{"ancestorTitles":["modelo seguro del showroom"],"fullName":"modelo seguro del showroom suma únicamente comidas revisadas del día y del paciente elegido","status":"passed","title":"suma únicamente comidas revisadas del día y del paciente elegido","duration":1.9605999999998858,"failureMessages":[],"meta":{},"tags":[],"benchmarks":[]},{"ancestorTitles":["modelo seguro del showroom"],"fullName":"modelo seguro del showroom distingue macros ausentes de un valor cero efectivamente registrado","status":"passed","title":"distingue macros ausentes de un valor cero efectivamente registrado","duration":1.2947999999998956,"failureMessages":[],"meta":{},"tags":[],"benchmarks":[]},{"ancestorTitles":["modelo seguro del showroom"],"fullName":"modelo seguro del showroom solo muestra mensajes enviados de la persona elegida","status":"passed","title":"solo muestra mensajes enviados de la persona elegida","duration":0.6518000000000939,"failureMessages":[],"meta":{},"tags":[],"benchmarks":[]},{"ancestorTitles":["modelo seguro del showroom"],"fullName":"modelo seguro del showroom busca sin acentos y excluye archivados","status":"passed","title":"busca sin acentos y excluye archivados","duration":0.6243999999999232,"failureMessages":[],"meta":{},"tags":[],"benchmarks":[]},{"ancestorTitles":["componentes visuales Nutrigo / Plan V"],"fullName":"componentes visuales Nutrigo / Plan V mantiene contraste AA del texto secundario en todas las superficies claras","status":"passed","title":"mantiene contraste AA del texto secundario en todas las superficies claras","duration":5.843399999999974,"failureMessages":[],"meta":{},"tags":[],"benchmarks":[]},{"ancestorTitles":["componentes visuales Nutrigo / Plan V"],"fullName":"componentes visuales Nutrigo / Plan V evita submit implícito en botones de navegación","status":"passed","title":"evita submit implícito en botones de navegación","duration":5.345399999999927,"failureMessages":[],"meta":{},"tags":[],"benchmarks":[]},{"ancestorTitles":["componentes visuales Nutrigo / Plan V"],"fullName":"componentes visuales Nutrigo / Plan V limita progreso y anuncia valor accesible","status":"passed","title":"limita progreso y anuncia valor accesible","duration":1.2607000000000426,"failureMessages":[],"meta":{},"tags":[],"benchmarks":[]},{"ancestorTitles":["componentes visuales Nutrigo / Plan V"],"fullName":"componentes visuales Nutrigo / Plan V anuncia estados vacíos sin dibujar controles falsos","status":"passed","title":"anuncia estados vacíos sin dibujar controles falsos","duration":1.9132999999999356,"failureMessages":[],"meta":{},"tags":[],"benchmarks":[]}],"startTime":1789359645684,"endTime":1789359645715.9133,"status":"passed","message":"","name":"C:/Users/facun/OneDrive/Desktop/Personal/Vero Insta/Plan V/plan-v/src/components/nutrigo/showroom-model.test.tsx"},{"assertionResults":[{"ancestorTitles":["Ficha profesional en el showroom"],"fullName":"Ficha profesional en el showroom presenta identidad, estado, etapa, objetivo y próxima consulta","status":"passed","title":"presenta identidad, estado, etapa, objetivo y próxima consulta","duration":25.827800000000025,"failureMessages":[],"meta":{},"tags":[],"benchmarks":[]},{"ancestorTitles":["Ficha profesional en el showroom"],"fullName":"Ficha profesional en el showroom rotula y muestra únicamente notas profesionales del paciente seleccionado","status":"passed","title":"rotula y muestra únicamente notas profesionales del paciente seleccionado","duration":2.6339000000000397,"failureMessages":[],"meta":{},"tags":[],"benchmarks":[]},{"ancestorTitles":["Ficha profesional en el showroom"],"fullName":"Ficha profesional en el showroom aísla las observaciones de comidas por patient_id y ordena nuevas primero","status":"passed","title":"aísla las observaciones de comidas por patient_id y ordena nuevas primero","duration":1.1276000000000295,"failureMessages":[],"meta":{},"tags":[],"benchmarks":[]},{"ancestorTitles":["Ficha profesional en el showroom"],"fullName":"Ficha profesional en el showroom presenta historial clínico sin fabricar eventos cuando está vacío","status":"passed","title":"presenta historial clínico sin fabricar eventos cuando está vacío","duration":7.83849999999984,"failureMessages":[],"meta":{},"tags":[],"benchmarks":[]},{"ancestorTitles":["Ficha profesional en el showroom"],"fullName":"Ficha profesional en el showroom ofrece edición y accesos operativos sin prometer una nota nueva inexistente","status":"passed","title":"ofrece edición y accesos operativos sin prometer una nota nueva inexistente","duration":5.144700000000057,"failureMessages":[],"meta":{},"tags":[],"benchmarks":[]}],"startTime":1789359645714,"endTime":1789359645757.1448,"status":"passed","message":"","name":"C:/Users/facun/OneDrive/Desktop/Personal/Vero Insta/Plan V/plan-v/src/components/nutrigo/showroom-patient-record.test.tsx"},{"assertionResults":[{"ancestorTitles":["directorio de pacientes del showroom"],"fullName":"directorio de pacientes del showroom resume el directorio completo y muestra activos por defecto","status":"passed","title":"resume el directorio completo y muestra activos por defecto","duration":11.504599999999982,"failureMessages":[],"meta":{},"tags":[],"benchmarks":[]},{"ancestorTitles":["directorio de pacientes del showroom"],"fullName":"directorio de pacientes del showroom ofrece acciones accesibles por paciente activo","status":"passed","title":"ofrece acciones accesibles por paciente activo","duration":3.154399999999896,"failureMessages":[],"meta":{},"tags":[],"benchmarks":[]},{"ancestorTitles":["directorio de pacientes del showroom"],"fullName":"directorio de pacientes del showroom lista archivados con restaurar y sin acciones operativas","status":"passed","title":"lista archivados con restaurar y sin acciones operativas","duration":2.078999999999951,"failureMessages":[],"meta":{},"tags":[],"benchmarks":[]},{"ancestorTitles":["directorio de pacientes del showroom"],"fullName":"directorio de pacientes del showroom necesitan atención lista solo adherencias bajas activas","status":"passed","title":"necesitan atención lista solo adherencias bajas activas","duration":2.1205999999999676,"failureMessages":[],"meta":{},"tags":[],"benchmarks":[]},{"ancestorTitles":["directorio de pacientes del showroom"],"fullName":"directorio de pacientes del showroom aplica la búsqueda externa sobre nombre, estado u objetivo","status":"passed","title":"aplica la búsqueda externa sobre nombre, estado u objetivo","duration":4.9827000000000226,"failureMessages":[],"meta":{},"tags":[],"benchmarks":[]},{"ancestorTitles":["directorio de pacientes del showroom"],"fullName":"directorio de pacientes del showroom el alta nueva es un diálogo accesible y no promete envío de email","status":"passed","title":"el alta nueva es un diálogo accesible y no promete envío de email","duration":1.6227000000001226,"failureMessages":[],"meta":{},"tags":[],"benchmarks":[]},{"ancestorTitles":["directorio de pacientes del showroom"],"fullName":"directorio de pacientes del showroom el editor precarga la ficha operativa existente","status":"passed","title":"el editor precarga la ficha operativa existente","duration":1.697800000000143,"failureMessages":[],"meta":{},"tags":[],"benchmarks":[]}],"startTime":1789359646534,"endTime":1789359646561.6978,"status":"passed","message":"","name":"C:/Users/facun/OneDrive/Desktop/Personal/Vero Insta/Plan V/plan-v/src/components/nutrigo/showroom-patients.test.tsx"},{"assertionResults":[{"ancestorTitles":["Calendario semanal del menú"],"fullName":"Calendario semanal del menú muestra los siete días locales, de lunes a domingo, aunque no tengan plan","status":"passed","title":"muestra los siete días locales, de lunes a domingo, aunque no tengan plan","duration":2.486499999999978,"failureMessages":[],"meta":{},"tags":[],"benchmarks":[]},{"ancestorTitles":["Calendario semanal del menú"],"fullName":"Calendario semanal del menú mantiene la semana al cruzar el año y cuando hoy es domingo","status":"passed","title":"mantiene la semana al cruzar el año y cuando hoy es domingo","duration":0.36800000000005184,"failureMessages":[],"meta":{},"tags":[],"benchmarks":[]},{"ancestorTitles":["Calendario semanal del menú"],"fullName":"Calendario semanal del menú conserva el calendario local en años bisiestos","status":"passed","title":"conserva el calendario local en años bisiestos","duration":0.17660000000000764,"failureMessages":[],"meta":{},"tags":[],"benchmarks":[]},{"ancestorTitles":["Calendario semanal del menú"],"fullName":"Calendario semanal del menú resuelve el día por su nombre, no por la posición del plan incompleto","status":"passed","title":"resuelve el día por su nombre, no por la posición del plan incompleto","duration":0.3894000000000233,"failureMessages":[],"meta":{},"tags":[],"benchmarks":[]},{"ancestorTitles":["Calendario semanal del menú"],"fullName":"Calendario semanal del menú no sustituye un día sin plan por las comidas de hoy","status":"passed","title":"no sustituye un día sin plan por las comidas de hoy","duration":0.27110000000004675,"failureMessages":[],"meta":{},"tags":[],"benchmarks":[]},{"ancestorTitles":["Calendario semanal del menú"],"fullName":"Calendario semanal del menú Hoy y la fecha actual abren el mismo plan diario sin inventar horarios","status":"passed","title":"Hoy y la fecha actual abren el mismo plan diario sin inventar horarios","duration":0.24310000000002674,"failureMessages":[],"meta":{},"tags":[],"benchmarks":[]},{"ancestorTitles":["Calendario semanal del menú"],"fullName":"Calendario semanal del menú cambia el contenido con el paciente sin conservar comidas del anterior","status":"passed","title":"cambia el contenido con el paciente sin conservar comidas del anterior","duration":0.19510000000002492,"failureMessages":[],"meta":{},"tags":[],"benchmarks":[]},{"ancestorTitles":["Calendario semanal del menú"],"fullName":"Calendario semanal del menú identifica selección, fecha actual y fechas completas de manera accesible","status":"passed","title":"identifica selección, fecha actual y fechas completas de manera accesible","duration":25.179100000000062,"failureMessages":[],"meta":{},"tags":[],"benchmarks":[]}],"startTime":1789359645586,"endTime":1789359645615.1792,"status":"passed","message":"","name":"C:/Users/facun/OneDrive/Desktop/Personal/Vero Insta/Plan V/plan-v/src/components/nutrigo/weekly-plan-calendar.test.tsx"},{"assertionResults":[{"ancestorTitles":["buildDailyReminders"],"fullName":"buildDailyReminders marks past unlogged meals as missed and logged ones as done","status":"passed","title":"marks past unlogged meals as missed and logged ones as done","duration":1.969600000000014,"failureMessages":[],"meta":{},"tags":[],"benchmarks":[]},{"ancestorTitles":["buildDailyReminders"],"fullName":"buildDailyReminders marks a meal within the half-hour window as ahora","status":"passed","title":"marks a meal within the half-hour window as ahora","duration":0.33359999999993306,"failureMessages":[],"meta":{},"tags":[],"benchmarks":[]},{"ancestorTitles":["buildDailyReminders"],"fullName":"buildDailyReminders includes a water reminder only while the daily goal is incomplete","status":"passed","title":"includes a water reminder only while the daily goal is incomplete","duration":0.2276000000000522,"failureMessages":[],"meta":{},"tags":[],"benchmarks":[]},{"ancestorTitles":["buildDailyReminders"],"fullName":"buildDailyReminders includes the appointment only when it is scheduled for today","status":"passed","title":"includes the appointment only when it is scheduled for today","duration":13.413099999999986,"failureMessages":[],"meta":{},"tags":[],"benchmarks":[]},{"ancestorTitles":["buildDailyReminders"],"fullName":"buildDailyReminders keeps a sleep check-in at 22:30 and marks it done after the patient records rest","status":"passed","title":"keeps a sleep check-in at 22:30 and marks it done after the patient records rest","duration":1.5803000000000793,"failureMessages":[],"meta":{},"tags":[],"benchmarks":[]},{"ancestorTitles":["buildDailyReminders"],"fullName":"buildDailyReminders sorts timed reminders chronologically with the water nudge last","status":"passed","title":"sorts timed reminders chronologically with the water nudge last","duration":0.5647000000000162,"failureMessages":[],"meta":{},"tags":[],"benchmarks":[]}],"startTime":1789359645365,"endTime":1789359645383.5647,"status":"passed","message":"","name":"C:/Users/facun/OneDrive/Desktop/Personal/Vero Insta/Plan V/plan-v/src/components/patient/daily-reminders.test.ts"},{"assertionResults":[{"ancestorTitles":["buildJourneySummary"],"fullName":"buildJourneySummary builds seven local calendar days from oldest to today","status":"passed","title":"builds seven local calendar days from oldest to today","duration":19.72359999999992,"failureMessages":[],"meta":{},"tags":[],"benchmarks":[]},{"ancestorTitles":["buildJourneySummary"],"fullName":"buildJourneySummary keeps late-night records on the correct local day across UTC rollover","status":"passed","title":"keeps late-night records on the correct local day across UTC rollover","duration":1.5978000000000065,"failureMessages":[],"meta":{},"tags":[],"benchmarks":[]},{"ancestorTitles":["buildJourneySummary"],"fullName":"buildJourneySummary separates pending meals and ignores records outside the seven-day window","status":"passed","title":"separates pending meals and ignores records outside the seven-day window","duration":1.2265999999999622,"failureMessages":[],"meta":{},"tags":[],"benchmarks":[]},{"ancestorTitles":["buildJourneySummary"],"fullName":"buildJourneySummary averages water over all seven days and sleep only over recorded days","status":"passed","title":"averages water over all seven days and sleep only over recorded days","duration":1.1983000000000175,"failureMessages":[],"meta":{},"tags":[],"benchmarks":[]}],"startTime":1789359645359,"endTime":1789359645382.1982,"status":"passed","message":"","name":"C:/Users/facun/OneDrive/Desktop/Personal/Vero Insta/Plan V/plan-v/src/components/patient/journey-summary.test.ts"},{"assertionResults":[{"ancestorTitles":["buildShoppingList"],"fullName":"buildShoppingList derives grocery ingredients, groups them and deduplicates repeated meals","status":"passed","title":"derives grocery ingredients, groups them and deduplicates repeated meals","duration":10.69240000000002,"failureMessages":[],"meta":{},"tags":[],"benchmarks":[]},{"ancestorTitles":["buildShoppingList"],"fullName":"buildShoppingList returns an empty list for a week without meals","status":"passed","title":"returns an empty list for a week without meals","duration":0.34979999999995925,"failureMessages":[],"meta":{},"tags":[],"benchmarks":[]},{"ancestorTitles":["shopping checklist persistence and export"],"fullName":"shopping checklist persistence and export uses an isolated storage key per patient and week","status":"passed","title":"uses an isolated storage key per patient and week","duration":0.2681999999999789,"failureMessages":[],"meta":{},"tags":[],"benchmarks":[]},{"ancestorTitles":["shopping checklist persistence and export"],"fullName":"shopping checklist persistence and export exports every item with its check state and meal frequency","status":"passed","title":"exports every item with its check state and meal frequency","duration":0.6336999999999762,"failureMessages":[],"meta":{},"tags":[],"benchmarks":[]}],"startTime":1789359645684,"endTime":1789359645695.6338,"status":"passed","message":"","name":"C:/Users/facun/OneDrive/Desktop/Personal/Vero Insta/Plan V/plan-v/src/components/patient/shopping-list.test.ts"},{"assertionResults":[{"ancestorTitles":["sortThreadMessages"],"fullName":"sortThreadMessages filters unsent drafts and orders sent messages from oldest to newest","status":"passed","title":"filters unsent drafts and orders sent messages from oldest to newest","duration":2.844300000000004,"failureMessages":[],"meta":{},"tags":[],"benchmarks":[]}],"startTime":1789359646450,"endTime":1789359646452.8442,"status":"passed","message":"","name":"C:/Users/facun/OneDrive/Desktop/Personal/Vero Insta/Plan V/plan-v/src/components/shared/message-thread.test.ts"}]}