{"numTotalTestSuites":136,"numPassedTestSuites":136,"numFailedTestSuites":0,"numPendingTestSuites":0,"numTotalTests":319,"numPassedTests":319,"numFailedTests":0,"numPendingTests":0,"numTodoTests":0,"snapshot":{"added":0,"failure":false,"filesAdded":0,"filesRemoved":0,"filesRemovedList":[],"filesUnmatched":0,"filesUpdated":0,"matched":0,"total":0,"unchecked":0,"uncheckedKeysByFile":[],"unmatched":0,"updated":0,"didUpdate":false},"startTime":1789479434589,"success":true,"testResults":[{"assertionResults":[{"ancestorTitles":["patient activity API flow in memory mode"],"fullName":"patient activity API flow in memory mode stores a self-reported activity and returns a patient-safe view","status":"passed","title":"stores a self-reported activity and returns a patient-safe view","duration":9.825799999999958,"failureMessages":[],"meta":{},"tags":[],"benchmarks":[]},{"ancestorTitles":["patient activity API flow in memory mode"],"fullName":"patient activity API flow in memory mode validates duration, intensity and text, and returns 404 for unknown patients","status":"passed","title":"validates duration, intensity and text, and returns 404 for unknown patients","duration":2.6182000000000016,"failureMessages":[],"meta":{},"tags":[],"benchmarks":[]}],"startTime":1789479436265,"endTime":1789479436277.6182,"status":"passed","message":"","name":"C:/Users/facun/OneDrive/Desktop/Personal/Vero Insta/Plan V/plan-v/server/activity-flow.integration.test.ts"},{"assertionResults":[{"ancestorTitles":["calculateAdherence"],"fullName":"calculateAdherence does not count pending meals toward the score","status":"passed","title":"does not count pending meals toward the score","duration":19.147899999999993,"failureMessages":[],"meta":{},"tags":[],"benchmarks":[]},{"ancestorTitles":["calculateAdherence"],"fullName":"calculateAdherence counts confirmed and adjusted meals against the planned slots of the last 7 days","status":"passed","title":"counts confirmed and adjusted meals against the planned slots of the last 7 days","duration":1.2240000000000464,"failureMessages":[],"meta":{},"tags":[],"benchmarks":[]},{"ancestorTitles":["calculateAdherence"],"fullName":"calculateAdherence ignores reviewed meals older than the 7-day window","status":"passed","title":"ignores reviewed meals older than the 7-day window","duration":0.9142000000000507,"failureMessages":[],"meta":{},"tags":[],"benchmarks":[]},{"ancestorTitles":["calculateAdherence"],"fullName":"calculateAdherence averages the week hydration as 25% of the score, counting unlogged days as zero","status":"passed","title":"averages the week hydration as 25% of the score, counting unlogged days as zero","duration":0.7719999999999914,"failureMessages":[],"meta":{},"tags":[],"benchmarks":[]},{"ancestorTitles":["calculateAdherence"],"fullName":"calculateAdherence counts days without a habit log as zero water","status":"passed","title":"counts days without a habit log as zero water","duration":0.43439999999998236,"failureMessages":[],"meta":{},"tags":[],"benchmarks":[]},{"ancestorTitles":["calculateAdherence"],"fullName":"calculateAdherence treats an empty plan as fully covered and never divides by zero","status":"passed","title":"treats an empty plan as fully covered and never divides by zero","duration":0.24909999999999854,"failureMessages":[],"meta":{},"tags":[],"benchmarks":[]},{"ancestorTitles":["calculateAdherence"],"fullName":"calculateAdherence is deterministic for the same inputs","status":"passed","title":"is deterministic for the same inputs","duration":1.9834999999999923,"failureMessages":[],"meta":{},"tags":[],"benchmarks":[]}],"startTime":1789479435680,"endTime":1789479435704.9834,"status":"passed","message":"","name":"C:/Users/facun/OneDrive/Desktop/Personal/Vero Insta/Plan V/plan-v/server/adherence.test.ts"},{"assertionResults":[{"ancestorTitles":["appointment API flow in memory mode"],"fullName":"appointment API flow in memory mode schedules the next appointment and records a timeline event","status":"passed","title":"schedules the next appointment and records a timeline event","duration":13.365000000000009,"failureMessages":[],"meta":{},"tags":[],"benchmarks":[]},{"ancestorTitles":["appointment API flow in memory mode"],"fullName":"appointment API flow in memory mode cancels the appointment with a null payload","status":"passed","title":"cancels the appointment with a null payload","duration":1.9192000000000462,"failureMessages":[],"meta":{},"tags":[],"benchmarks":[]},{"ancestorTitles":["appointment API flow in memory mode"],"fullName":"appointment API flow in memory mode stores a safe HTTPS meeting link and rejects unsafe URLs","status":"passed","title":"stores a safe HTTPS meeting link and rejects unsafe URLs","duration":5.11830000000009,"failureMessages":[],"meta":{},"tags":[],"benchmarks":[]},{"ancestorTitles":["appointment API flow in memory mode"],"fullName":"appointment API flow in memory mode rejects invalid appointment payloads with 400","status":"passed","title":"rejects invalid appointment payloads with 400","duration":3.4101000000000568,"failureMessages":[],"meta":{},"tags":[],"benchmarks":[]}],"startTime":1789479435925,"endTime":1789479435949.4102,"status":"passed","message":"","name":"C:/Users/facun/OneDrive/Desktop/Personal/Vero Insta/Plan V/plan-v/server/appointment-flow.integration.test.ts"},{"assertionResults":[{"ancestorTitles":["billing flow in memory mode"],"fullName":"billing flow in memory mode marks a valid period active and records a non-clinical timeline event","status":"passed","title":"marks a valid period active and records a non-clinical timeline event","duration":8.364400000000046,"failureMessages":[],"meta":{},"tags":[],"benchmarks":[]},{"ancestorTitles":["billing flow in memory mode"],"fullName":"billing flow in memory mode supports an explicit waiver without inventing a billing period","status":"passed","title":"supports an explicit waiver without inventing a billing period","duration":1.1737999999999147,"failureMessages":[],"meta":{},"tags":[],"benchmarks":[]},{"ancestorTitles":["billing flow in memory mode"],"fullName":"billing flow in memory mode turns an already expired active period into past due","status":"passed","title":"turns an already expired active period into past due","duration":1.014599999999973,"failureMessages":[],"meta":{},"tags":[],"benchmarks":[]},{"ancestorTitles":["billing flow in memory mode"],"fullName":"billing flow in memory mode rejects malformed billing updates and missing patients","status":"passed","title":"rejects malformed billing updates and missing patients","duration":2.0167000000000144,"failureMessages":[],"meta":{},"tags":[],"benchmarks":[]}],"startTime":1789479436234,"endTime":1789479436247.0166,"status":"passed","message":"","name":"C:/Users/facun/OneDrive/Desktop/Personal/Vero Insta/Plan V/plan-v/server/billing-flow.integration.test.ts"},{"assertionResults":[{"ancestorTitles":["copilot brief dismissal in memory mode"],"fullName":"copilot brief dismissal in memory mode dismisses the current action and restores it only after regenerating the brief","status":"passed","title":"dismisses the current action and restores it only after regenerating the brief","duration":7.898400000000038,"failureMessages":[],"meta":{},"tags":[],"benchmarks":[]},{"ancestorTitles":["copilot brief dismissal in memory mode"],"fullName":"copilot brief dismissal in memory mode returns 404 for an unknown patient","status":"passed","title":"returns 404 for an unknown patient","duration":0.5581000000000813,"failureMessages":[],"meta":{},"tags":[],"benchmarks":[]}],"startTime":1789479436245,"endTime":1789479436253.558,"status":"passed","message":"","name":"C:/Users/facun/OneDrive/Desktop/Personal/Vero Insta/Plan V/plan-v/server/brief-dismiss.integration.test.ts"},{"assertionResults":[{"ancestorTitles":["016 draft contract v2"],"fullName":"016 draft contract v2 is explicitly marked as review-only and not applicable","status":"passed","title":"is explicitly marked as review-only and not applicable","duration":2.6083999999999605,"failureMessages":[],"meta":{},"tags":[],"benchmarks":[]},{"ancestorTitles":["016 draft contract v2"],"fullName":"016 draft contract v2 keeps patient-facing views free of internal professional fields","status":"passed","title":"keeps patient-facing views free of internal professional fields","duration":1.8120999999999867,"failureMessages":[],"meta":{},"tags":[],"benchmarks":[]},{"ancestorTitles":["016 draft contract v2"],"fullName":"016 draft contract v2 uses definer views with billing gates, not invoker views over revoked tables","status":"passed","title":"uses definer views with billing gates, not invoker views over revoked tables","duration":1.0932999999999993,"failureMessages":[],"meta":{},"tags":[],"benchmarks":[]},{"ancestorTitles":["016 draft contract v2"],"fullName":"016 draft contract v2 denies patients raw-table reads on tables with professional-only columns","status":"passed","title":"denies patients raw-table reads on tables with professional-only columns","duration":1.3360999999999876,"failureMessages":[],"meta":{},"tags":[],"benchmarks":[]},{"ancestorTitles":["016 draft contract v2"],"fullName":"016 draft contract v2 covers the demo features that need production persistence","status":"passed","title":"covers the demo features that need production persistence","duration":0.8855000000000359,"failureMessages":[],"meta":{},"tags":[],"benchmarks":[]},{"ancestorTitles":["016 draft contract v2"],"fullName":"016 draft contract v2 models the weekly menu as a recurring template, not dated rows","status":"passed","title":"models the weekly menu as a recurring template, not dated rows","duration":0.6419999999999959,"failureMessages":[],"meta":{},"tags":[],"benchmarks":[]},{"ancestorTitles":["016 draft contract v2"],"fullName":"016 draft contract v2 keeps the habit snapshot derived from habit_logs, not duplicated in patients","status":"passed","title":"keeps the habit snapshot derived from habit_logs, not duplicated in patients","duration":0.6800999999999817,"failureMessages":[],"meta":{},"tags":[],"benchmarks":[]},{"ancestorTitles":["016 draft contract v2"],"fullName":"016 draft contract v2 matches current domain shapes: text source ids and appointment reminders","status":"passed","title":"matches current domain shapes: text source ids and appointment reminders","duration":0.5969000000000051,"failureMessages":[],"meta":{},"tags":[],"benchmarks":[]},{"ancestorTitles":["016 draft contract v2"],"fullName":"016 draft contract v2 prevents authenticated users from changing roles, billing or auth links","status":"passed","title":"prevents authenticated users from changing roles, billing or auth links","duration":1.0885999999999854,"failureMessages":[],"meta":{},"tags":[],"benchmarks":[]},{"ancestorTitles":["016 draft contract v2"],"fullName":"016 draft contract v2 enforces patient and nutritionist tenant pairs in every duplicated relation","status":"passed","title":"enforces patient and nutritionist tenant pairs in every duplicated relation","duration":0.669399999999996,"failureMessages":[],"meta":{},"tags":[],"benchmarks":[]},{"ancestorTitles":["016 draft contract v2"],"fullName":"016 draft contract v2 validates message authors with a trigger and caller binding, not a check subquery","status":"passed","title":"validates message authors with a trigger and caller binding, not a check subquery","duration":0.6803999999999633,"failureMessages":[],"meta":{},"tags":[],"benchmarks":[]},{"ancestorTitles":["016 draft contract v2"],"fullName":"016 draft contract v2 keeps messages immutable and invite/payment transitions backend-only","status":"passed","title":"keeps messages immutable and invite/payment transitions backend-only","duration":0.6268999999999778,"failureMessages":[],"meta":{},"tags":[],"benchmarks":[]},{"ancestorTitles":["016 draft contract v2"],"fullName":"016 draft contract v2 restricts security-definer helpers and keeps billing checks scoped to self","status":"passed","title":"restricts security-definer helpers and keeps billing checks scoped to self","duration":0.433400000000006,"failureMessages":[],"meta":{},"tags":[],"benchmarks":[]},{"ancestorTitles":["016 draft contract v2"],"fullName":"016 draft contract v2 defines an atomic invite acceptance that requires a confirmed matching Auth email","status":"passed","title":"defines an atomic invite acceptance that requires a confirmed matching Auth email","duration":0.39809999999999945,"failureMessages":[],"meta":{},"tags":[],"benchmarks":[]},{"ancestorTitles":["016 draft contract v2"],"fullName":"016 draft contract v2 keeps nutritionist provisioning restricted to service role","status":"passed","title":"keeps nutritionist provisioning restricted to service role","duration":0.34660000000002356,"failureMessages":[],"meta":{},"tags":[],"benchmarks":[]},{"ancestorTitles":["016 draft contract v2"],"fullName":"016 draft contract v2 defines invite lifecycle with history, not one mutable row","status":"passed","title":"defines invite lifecycle with history, not one mutable row","duration":0.5425999999999931,"failureMessages":[],"meta":{},"tags":[],"benchmarks":[]},{"ancestorTitles":["016 draft contract v2"],"fullName":"016 draft contract v2 hardens payments: idempotency, read-only nutri and financial retention","status":"passed","title":"hardens payments: idempotency, read-only nutri and financial retention","duration":0.537399999999991,"failureMessages":[],"meta":{},"tags":[],"benchmarks":[]},{"ancestorTitles":["016 draft contract v2"],"fullName":"016 draft contract v2 hardens storage: forced bucket config, canonical paths and paid reads","status":"passed","title":"hardens storage: forced bucket config, canonical paths and paid reads","duration":1.203800000000001,"failureMessages":[],"meta":{},"tags":[],"benchmarks":[]}],"startTime":1789479434966,"endTime":1789479434983.2039,"status":"passed","message":"","name":"C:/Users/facun/OneDrive/Desktop/Personal/Vero Insta/Plan V/plan-v/server/contracts-016.test.ts"},{"assertionResults":[{"ancestorTitles":["goal API flow in memory mode"],"fullName":"goal API flow in memory mode updates the goal, progress and status while recording history","status":"passed","title":"updates the goal, progress and status while recording history","duration":15.907100000000014,"failureMessages":[],"meta":{},"tags":[],"benchmarks":[]},{"ancestorTitles":["goal API flow in memory mode"],"fullName":"goal API flow in memory mode keeps the newest goal changes first and supports pausing a goal","status":"passed","title":"keeps the newest goal changes first and supports pausing a goal","duration":3.4769000000000005,"failureMessages":[],"meta":{},"tags":[],"benchmarks":[]},{"ancestorTitles":["goal API flow in memory mode"],"fullName":"goal API flow in memory mode rejects invalid or empty goal updates","status":"passed","title":"rejects invalid or empty goal updates","duration":7.267500000000041,"failureMessages":[],"meta":{},"tags":[],"benchmarks":[]}],"startTime":1789479436057,"endTime":1789479436084.2676,"status":"passed","message":"","name":"C:/Users/facun/OneDrive/Desktop/Personal/Vero Insta/Plan V/plan-v/server/goal-flow.integration.test.ts"},{"assertionResults":[{"ancestorTitles":["habit history API flow in memory mode"],"fullName":"habit history API flow in memory mode upserts today's habit log and keeps a single entry per day","status":"passed","title":"upserts today's habit log and keeps a single entry per day","duration":39.18020000000001,"failureMessages":[],"meta":{},"tags":[],"benchmarks":[]},{"ancestorTitles":["habit history API flow in memory mode"],"fullName":"habit history API flow in memory mode keeps older habit logs of the week for the adherence average","status":"passed","title":"keeps older habit logs of the week for the adherence average","duration":0.7751000000000658,"failureMessages":[],"meta":{},"tags":[],"benchmarks":[]}],"startTime":1789479435925,"endTime":1789479435965.7751,"status":"passed","message":"","name":"C:/Users/facun/OneDrive/Desktop/Personal/Vero Insta/Plan V/plan-v/server/habit-history.integration.test.ts"},{"assertionResults":[{"ancestorTitles":["meal review API flow in memory mode"],"fullName":"meal review API flow in memory mode keeps a new meal pending until the professional adjusts it","status":"passed","title":"keeps a new meal pending until the professional adjusts it","duration":47.456699999999955,"failureMessages":[],"meta":{},"tags":[],"benchmarks":[]},{"ancestorTitles":["meal review API flow in memory mode"],"fullName":"meal review API flow in memory mode never accepts pending_review as a professional review result","status":"passed","title":"never accepts pending_review as a professional review result","duration":2.836900000000014,"failureMessages":[],"meta":{},"tags":[],"benchmarks":[]}],"startTime":1789479435922,"endTime":1789479435971.837,"status":"passed","message":"","name":"C:/Users/facun/OneDrive/Desktop/Personal/Vero Insta/Plan V/plan-v/server/meal-flow.integration.test.ts"},{"assertionResults":[{"ancestorTitles":["weekly menu API flow in memory mode"],"fullName":"weekly menu API flow in memory mode updates an existing menu slot and records a timeline event","status":"passed","title":"updates an existing menu slot and records a timeline event","duration":32.001599999999826,"failureMessages":[],"meta":{},"tags":[],"benchmarks":[]},{"ancestorTitles":["weekly menu API flow in memory mode"],"fullName":"weekly menu API flow in memory mode creates missing days and keeps canonical order","status":"passed","title":"creates missing days and keeps canonical order","duration":5.286800000000085,"failureMessages":[],"meta":{},"tags":[],"benchmarks":[]},{"ancestorTitles":["weekly menu API flow in memory mode"],"fullName":"weekly menu API flow in memory mode rejects invalid menu updates with 400","status":"passed","title":"rejects invalid menu updates with 400","duration":4.698699999999917,"failureMessages":[],"meta":{},"tags":[],"benchmarks":[]},{"ancestorTitles":["weekly menu API flow in memory mode"],"fullName":"weekly menu API flow in memory mode adds a new slot to an existing day and recomputes adherence","status":"passed","title":"adds a new slot to an existing day and recomputes adherence","duration":4.203800000000001,"failureMessages":[],"meta":{},"tags":[],"benchmarks":[]},{"ancestorTitles":["weekly menu API flow in memory mode"],"fullName":"weekly menu API flow in memory mode removes a menu slot and records the removal in the timeline","status":"passed","title":"removes a menu slot and records the removal in the timeline","duration":5.2422999999998865,"failureMessages":[],"meta":{},"tags":[],"benchmarks":[]},{"ancestorTitles":["weekly menu API flow in memory mode"],"fullName":"weekly menu API flow in memory mode returns 404 when removing a slot that does not exist and 400 for invalid params","status":"passed","title":"returns 404 when removing a slot that does not exist and 400 for invalid params","duration":3.240000000000009,"failureMessages":[],"meta":{},"tags":[],"benchmarks":[]}],"startTime":1789479435926,"endTime":1789479435981.24,"status":"passed","message":"","name":"C:/Users/facun/OneDrive/Desktop/Personal/Vero Insta/Plan V/plan-v/server/menu-flow.integration.test.ts"},{"assertionResults":[{"ancestorTitles":["message API flow in memory mode"],"fullName":"message API flow in memory mode stores a patient message as human-authored and returns a patient-safe view","status":"passed","title":"stores a patient message as human-authored and returns a patient-safe view","duration":16.027099999999905,"failureMessages":[],"meta":{},"tags":[],"benchmarks":[]},{"ancestorTitles":["message API flow in memory mode"],"fullName":"message API flow in memory mode keeps the AI-origin flag only for a professional message","status":"passed","title":"keeps the AI-origin flag only for a professional message","duration":2.1492000000000644,"failureMessages":[],"meta":{},"tags":[],"benchmarks":[]},{"ancestorTitles":["message API flow in memory mode"],"fullName":"message API flow in memory mode rejects blank messages and returns 404 for an unknown patient","status":"passed","title":"rejects blank messages and returns 404 for an unknown patient","duration":2.897299999999973,"failureMessages":[],"meta":{},"tags":[],"benchmarks":[]}],"startTime":1789479436116,"endTime":1789479436136.8972,"status":"passed","message":"","name":"C:/Users/facun/OneDrive/Desktop/Personal/Vero Insta/Plan V/plan-v/server/message-flow.integration.test.ts"},{"assertionResults":[{"ancestorTitles":["patient onboarding in memory mode"],"fullName":"patient onboarding in memory mode creates a pending patient and a separate unsent invitation","status":"passed","title":"creates a pending patient and a separate unsent invitation","duration":9.785200000000032,"failureMessages":[],"meta":{},"tags":[],"benchmarks":[]},{"ancestorTitles":["patient onboarding in memory mode"],"fullName":"patient onboarding in memory mode rejects malformed fields and duplicate pending invitation emails","status":"passed","title":"rejects malformed fields and duplicate pending invitation emails","duration":2.1926999999999452,"failureMessages":[],"meta":{},"tags":[],"benchmarks":[]}],"startTime":1789479436246,"endTime":1789479436258.1926,"status":"passed","message":"","name":"C:/Users/facun/OneDrive/Desktop/Personal/Vero Insta/Plan V/plan-v/server/patient-onboarding.integration.test.ts"},{"assertionResults":[{"ancestorTitles":["patient profile API flow in memory mode"],"fullName":"patient profile API flow in memory mode updates the editable patient profile and recalculates initials","status":"passed","title":"updates the editable patient profile and recalculates initials","duration":13.554100000000062,"failureMessages":[],"meta":{},"tags":[],"benchmarks":[]},{"ancestorTitles":["patient profile API flow in memory mode"],"fullName":"patient profile API flow in memory mode archives and restores a patient without deleting the record","status":"passed","title":"archives and restores a patient without deleting the record","duration":3.825599999999895,"failureMessages":[],"meta":{},"tags":[],"benchmarks":[]},{"ancestorTitles":["patient profile API flow in memory mode"],"fullName":"patient profile API flow in memory mode rejects empty or invalid profile and archive payloads","status":"passed","title":"rejects empty or invalid profile and archive payloads","duration":5.887399999999843,"failureMessages":[],"meta":{},"tags":[],"benchmarks":[]}],"startTime":1789479435926,"endTime":1789479435949.8875,"status":"passed","message":"","name":"C:/Users/facun/OneDrive/Desktop/Personal/Vero Insta/Plan V/plan-v/server/patient-profile-flow.integration.test.ts"},{"assertionResults":[{"ancestorTitles":["resource assignment API flow in memory mode"],"fullName":"resource assignment API flow in memory mode assigns one editorial guide to one or many patients without duplicates","status":"passed","title":"assigns one editorial guide to one or many patients without duplicates","duration":16.62060000000008,"failureMessages":[],"meta":{},"tags":[],"benchmarks":[]},{"ancestorTitles":["resource assignment API flow in memory mode"],"fullName":"resource assignment API flow in memory mode marks only an assigned guide as read and returns a patient-safe view","status":"passed","title":"marks only an assigned guide as read and returns a patient-safe view","duration":4.073400000000106,"failureMessages":[],"meta":{},"tags":[],"benchmarks":[]},{"ancestorTitles":["resource assignment API flow in memory mode"],"fullName":"resource assignment API flow in memory mode rejects unknown guides, duplicate patient ids and partial bulk writes","status":"passed","title":"rejects unknown guides, duplicate patient ids and partial bulk writes","duration":4.41840000000002,"failureMessages":[],"meta":{},"tags":[],"benchmarks":[]}],"startTime":1789479436075,"endTime":1789479436100.4185,"status":"passed","message":"","name":"C:/Users/facun/OneDrive/Desktop/Personal/Vero Insta/Plan V/plan-v/server/resource-assignment-flow.integration.test.ts"},{"assertionResults":[{"ancestorTitles":["API input schemas"],"fullName":"API input schemas requires a supported slot and either a description or an image","status":"passed","title":"requires a supported slot and either a description or an image","duration":4.1182999999999765,"failureMessages":[],"meta":{},"tags":[],"benchmarks":[]},{"ancestorTitles":["API input schemas"],"fullName":"API input schemas rejects oversized meal descriptions and image payloads","status":"passed","title":"rejects oversized meal descriptions and image payloads","duration":3.0067000000000235,"failureMessages":[],"meta":{},"tags":[],"benchmarks":[]},{"ancestorTitles":["API input schemas"],"fullName":"API input schemas only accepts professional review states","status":"passed","title":"only accepts professional review states","duration":2.02170000000001,"failureMessages":[],"meta":{},"tags":[],"benchmarks":[]},{"ancestorTitles":["API input schemas"],"fullName":"API input schemas requires bounded food or macro changes for an adjusted review","status":"passed","title":"requires bounded food or macro changes for an adjusted review","duration":0.6539999999999964,"failureMessages":[],"meta":{},"tags":[],"benchmarks":[]},{"ancestorTitles":["API input schemas"],"fullName":"API input schemas trims messages and rejects empty or oversized text","status":"passed","title":"trims messages and rejects empty or oversized text","duration":0.7426000000000386,"failureMessages":[],"meta":{},"tags":[],"benchmarks":[]},{"ancestorTitles":["API input schemas"],"fullName":"API input schemas normalizes patient onboarding fields and rejects invalid contact data","status":"passed","title":"normalizes patient onboarding fields and rejects invalid contact data","duration":1.3862000000000307,"failureMessages":[],"meta":{},"tags":[],"benchmarks":[]},{"ancestorTitles":["API input schemas"],"fullName":"API input schemas validates patient profile edits and archive state","status":"passed","title":"validates patient profile edits and archive state","duration":1.607499999999959,"failureMessages":[],"meta":{},"tags":[],"benchmarks":[]},{"ancestorTitles":["API input schemas"],"fullName":"API input schemas bounds habit and nutritionist setup values","status":"passed","title":"bounds habit and nutritionist setup values","duration":1.6009000000000242,"failureMessages":[],"meta":{},"tags":[],"benchmarks":[]},{"ancestorTitles":["API input schemas"],"fullName":"API input schemas validates weekly menu slot updates","status":"passed","title":"validates weekly menu slot updates","duration":2.68100000000004,"failureMessages":[],"meta":{},"tags":[],"benchmarks":[]},{"ancestorTitles":["API input schemas"],"fullName":"API input schemas validates appointment scheduling and cancellation","status":"passed","title":"validates appointment scheduling and cancellation","duration":1.6545000000000982,"failureMessages":[],"meta":{},"tags":[],"benchmarks":[]},{"ancestorTitles":["API input schemas"],"fullName":"API input schemas accepts only HTTPS meeting links when present","status":"passed","title":"accepts only HTTPS meeting links when present","duration":1.4934999999999263,"failureMessages":[],"meta":{},"tags":[],"benchmarks":[]},{"ancestorTitles":["API input schemas"],"fullName":"API input schemas requires an inclusive end date only when billing is active","status":"passed","title":"requires an inclusive end date only when billing is active","duration":1.334600000000023,"failureMessages":[],"meta":{},"tags":[],"benchmarks":[]},{"ancestorTitles":["API input schemas"],"fullName":"API input schemas validates complete goal updates","status":"passed","title":"validates complete goal updates","duration":0.6293999999999187,"failureMessages":[],"meta":{},"tags":[],"benchmarks":[]}],"startTime":1789479435481,"endTime":1789479435504.6294,"status":"passed","message":"","name":"C:/Users/facun/OneDrive/Desktop/Personal/Vero Insta/Plan V/plan-v/server/schemas.test.ts"},{"assertionResults":[{"ancestorTitles":["timeline emission in Supabase mode (parity with memory)"],"fullName":"timeline emission in Supabase mode (parity with memory) emits meal_logged when a patient meal is analyzed and stored","status":"passed","title":"emits meal_logged when a patient meal is analyzed and stored","duration":33.90129999999999,"failureMessages":[],"meta":{},"tags":[],"benchmarks":[]},{"ancestorTitles":["timeline emission in Supabase mode (parity with memory)"],"fullName":"timeline emission in Supabase mode (parity with memory) emits meal_logged confirmado with foods and kcal on review","status":"passed","title":"emits meal_logged confirmado with foods and kcal on review","duration":2.7959999999998217,"failureMessages":[],"meta":{},"tags":[],"benchmarks":[]},{"ancestorTitles":["timeline emission in Supabase mode (parity with memory)"],"fullName":"timeline emission in Supabase mode (parity with memory) emits meal_logged ajustado when the review adjusts","status":"passed","title":"emits meal_logged ajustado when the review adjusts","duration":2.37519999999995,"failureMessages":[],"meta":{},"tags":[],"benchmarks":[]},{"ancestorTitles":["timeline emission in Supabase mode (parity with memory)"],"fullName":"timeline emission in Supabase mode (parity with memory) does not emit timeline events on habit updates (memory parity)","status":"passed","title":"does not emit timeline events on habit updates (memory parity)","duration":2.0060000000000855,"failureMessages":[],"meta":{},"tags":[],"benchmarks":[]}],"startTime":1789479435926,"endTime":1789479435967.006,"status":"passed","message":"","name":"C:/Users/facun/OneDrive/Desktop/Personal/Vero Insta/Plan V/plan-v/server/timeline-emission.integration.test.ts"},{"assertionResults":[{"ancestorTitles":["patient billing access"],"fullName":"patient billing access unlocks waived and active patients whose period includes today","status":"passed","title":"unlocks waived and active patients whose period includes today","duration":1.0947000000000173,"failureMessages":[],"meta":{},"tags":[],"benchmarks":[]},{"ancestorTitles":["patient billing access"],"fullName":"patient billing access locks pending patients and resolves expired active periods as past due","status":"passed","title":"locks pending patients and resolves expired active periods as past due","duration":0.2109999999999843,"failureMessages":[],"meta":{},"tags":[],"benchmarks":[]}],"startTime":1789479436196,"endTime":1789479436197.211,"status":"passed","message":"","name":"C:/Users/facun/OneDrive/Desktop/Personal/Vero Insta/Plan V/plan-v/src/billing.test.ts"},{"assertionResults":[{"ancestorTitles":["identidad visual de Plan V"],"fullName":"identidad visual de Plan V expone la paleta principal tomada del isotipo oficial","status":"passed","title":"expone la paleta principal tomada del isotipo oficial","duration":2.0528999999999655,"failureMessages":[],"meta":{},"tags":[],"benchmarks":[]},{"ancestorTitles":["identidad visual de Plan V"],"fullName":"identidad visual de Plan V renderiza el isotipo oficial como marca compartida","status":"passed","title":"renderiza el isotipo oficial como marca compartida","duration":6.865000000000009,"failureMessages":[],"meta":{},"tags":[],"benchmarks":[]}],"startTime":1789479436011,"endTime":1789479436019.865,"status":"passed","message":"","name":"C:/Users/facun/OneDrive/Desktop/Personal/Vero Insta/Plan V/plan-v/src/brand.test.tsx"},{"assertionResults":[{"ancestorTitles":["theme preference"],"fullName":"theme preference restores a stored dark theme","status":"passed","title":"restores a stored dark theme","duration":1.3631000000000029,"failureMessages":[],"meta":{},"tags":[],"benchmarks":[]},{"ancestorTitles":["theme preference"],"fullName":"theme preference falls back to the system preference when storage is empty","status":"passed","title":"falls back to the system preference when storage is empty","duration":0.2827999999999804,"failureMessages":[],"meta":{},"tags":[],"benchmarks":[]},{"ancestorTitles":["theme preference"],"fullName":"theme preference survives unavailable storage and persists the selected theme","status":"passed","title":"survives unavailable storage and persists the selected theme","duration":0.6338000000000079,"failureMessages":[],"meta":{},"tags":[],"benchmarks":[]}],"startTime":1789479435996,"endTime":1789479435998.6338,"status":"passed","message":"","name":"C:/Users/facun/OneDrive/Desktop/Personal/Vero Insta/Plan V/plan-v/src/theme-preference.test.ts"},{"assertionResults":[{"ancestorTitles":["authorizePatientAction"],"fullName":"authorizePatientAction returns the actor when the relation and action are allowed","status":"passed","title":"returns the actor when the relation and action are allowed","duration":2.510499999999979,"failureMessages":[],"meta":{},"tags":[],"benchmarks":[]},{"ancestorTitles":["authorizePatientAction"],"fullName":"authorizePatientAction separates professional assignment from patient read tracking","status":"passed","title":"separates professional assignment from patient read tracking","duration":0.6148999999999774,"failureMessages":[],"meta":{},"tags":[],"benchmarks":[]},{"ancestorTitles":["authorizePatientAction"],"fullName":"authorizePatientAction fails closed for a cross-nutritionist patient","status":"passed","title":"fails closed for a cross-nutritionist patient","duration":0.23980000000000246,"failureMessages":[],"meta":{},"tags":[],"benchmarks":[]},{"ancestorTitles":["authorizePatientAction"],"fullName":"authorizePatientAction fails closed when the profile or patient relation cannot be resolved","status":"passed","title":"fails closed when the profile or patient relation cannot be resolved","duration":0.317799999999977,"failureMessages":[],"meta":{},"tags":[],"benchmarks":[]}],"startTime":1789479435970,"endTime":1789479435974.3179,"status":"passed","message":"","name":"C:/Users/facun/OneDrive/Desktop/Personal/Vero Insta/Plan V/plan-v/server/security/authorization.test.ts"},{"assertionResults":[{"ancestorTitles":["resolveRequestAuth"],"fullName":"resolveRequestAuth keeps local demo mode available when Supabase is disabled","status":"passed","title":"keeps local demo mode available when Supabase is disabled","duration":1.931100000000015,"failureMessages":[],"meta":{},"tags":[],"benchmarks":[]},{"ancestorTitles":["resolveRequestAuth"],"fullName":"resolveRequestAuth rejects unauthenticated protected requests when Supabase is enabled","status":"passed","title":"rejects unauthenticated protected requests when Supabase is enabled","duration":0.29630000000003065,"failureMessages":[],"meta":{},"tags":[],"benchmarks":[]},{"ancestorTitles":["resolveRequestAuth"],"fullName":"resolveRequestAuth keeps health public when Supabase is enabled","status":"passed","title":"keeps health public when Supabase is enabled","duration":0.18299999999999272,"failureMessages":[],"meta":{},"tags":[],"benchmarks":[]},{"ancestorTitles":["resolveRequestAuth"],"fullName":"resolveRequestAuth accepts a verified Supabase user","status":"passed","title":"accepts a verified Supabase user","duration":0.21949999999998226,"failureMessages":[],"meta":{},"tags":[],"benchmarks":[]},{"ancestorTitles":["canAccessPatient"],"fullName":"canAccessPatient allows a patient to perform read_self only on their own record","status":"passed","title":"allows a patient to perform read_self only on their own record","duration":0.374499999999955,"failureMessages":[],"meta":{},"tags":[],"benchmarks":[]},{"ancestorTitles":["canAccessPatient"],"fullName":"canAccessPatient allows a patient to perform read_patient only on their own record","status":"passed","title":"allows a patient to perform read_patient only on their own record","duration":0.1208000000000311,"failureMessages":[],"meta":{},"tags":[],"benchmarks":[]},{"ancestorTitles":["canAccessPatient"],"fullName":"canAccessPatient allows a patient to perform analyze_meal only on their own record","status":"passed","title":"allows a patient to perform analyze_meal only on their own record","duration":0.999499999999955,"failureMessages":[],"meta":{},"tags":[],"benchmarks":[]},{"ancestorTitles":["canAccessPatient"],"fullName":"canAccessPatient allows a patient to perform update_habits only on their own record","status":"passed","title":"allows a patient to perform update_habits only on their own record","duration":0.15960000000001173,"failureMessages":[],"meta":{},"tags":[],"benchmarks":[]},{"ancestorTitles":["canAccessPatient"],"fullName":"canAccessPatient allows a patient to perform log_activity only on their own record","status":"passed","title":"allows a patient to perform log_activity only on their own record","duration":0.5298999999999978,"failureMessages":[],"meta":{},"tags":[],"benchmarks":[]},{"ancestorTitles":["canAccessPatient"],"fullName":"canAccessPatient allows a patient to perform read_resource only on their own record","status":"passed","title":"allows a patient to perform read_resource only on their own record","duration":0.2547999999999888,"failureMessages":[],"meta":{},"tags":[],"benchmarks":[]},{"ancestorTitles":["canAccessPatient"],"fullName":"canAccessPatient allows a patient to perform send_message only on their own record","status":"passed","title":"allows a patient to perform send_message only on their own record","duration":0.2219000000000051,"failureMessages":[],"meta":{},"tags":[],"benchmarks":[]},{"ancestorTitles":["canAccessPatient"],"fullName":"canAccessPatient does not allow a patient to perform the professional action read_clinical","status":"passed","title":"does not allow a patient to perform the professional action read_clinical","duration":0.1098999999999819,"failureMessages":[],"meta":{},"tags":[],"benchmarks":[]},{"ancestorTitles":["canAccessPatient"],"fullName":"canAccessPatient does not allow a patient to perform the professional action review_meal","status":"passed","title":"does not allow a patient to perform the professional action review_meal","duration":0.1413000000000011,"failureMessages":[],"meta":{},"tags":[],"benchmarks":[]},{"ancestorTitles":["canAccessPatient"],"fullName":"canAccessPatient does not allow a patient to perform the professional action generate_copilot","status":"passed","title":"does not allow a patient to perform the professional action generate_copilot","duration":0.04719999999997526,"failureMessages":[],"meta":{},"tags":[],"benchmarks":[]},{"ancestorTitles":["canAccessPatient"],"fullName":"canAccessPatient does not allow a patient to perform the professional action edit_patient","status":"passed","title":"does not allow a patient to perform the professional action edit_patient","duration":0.12529999999998154,"failureMessages":[],"meta":{},"tags":[],"benchmarks":[]},{"ancestorTitles":["canAccessPatient"],"fullName":"canAccessPatient does not allow a patient to perform the professional action archive_patient","status":"passed","title":"does not allow a patient to perform the professional action archive_patient","duration":0.07780000000002474,"failureMessages":[],"meta":{},"tags":[],"benchmarks":[]},{"ancestorTitles":["canAccessPatient"],"fullName":"canAccessPatient does not allow a patient to perform the professional action edit_menu","status":"passed","title":"does not allow a patient to perform the professional action edit_menu","duration":0.052300000000002456,"failureMessages":[],"meta":{},"tags":[],"benchmarks":[]},{"ancestorTitles":["canAccessPatient"],"fullName":"canAccessPatient does not allow a patient to perform the professional action edit_appointment","status":"passed","title":"does not allow a patient to perform the professional action edit_appointment","duration":0.051000000000044565,"failureMessages":[],"meta":{},"tags":[],"benchmarks":[]},{"ancestorTitles":["canAccessPatient"],"fullName":"canAccessPatient does not allow a patient to perform the professional action edit_goal","status":"passed","title":"does not allow a patient to perform the professional action edit_goal","duration":0.051999999999964075,"failureMessages":[],"meta":{},"tags":[],"benchmarks":[]},{"ancestorTitles":["canAccessPatient"],"fullName":"canAccessPatient does not allow a patient to perform the professional action edit_billing","status":"passed","title":"does not allow a patient to perform the professional action edit_billing","duration":0.039299999999968804,"failureMessages":[],"meta":{},"tags":[],"benchmarks":[]},{"ancestorTitles":["canAccessPatient"],"fullName":"canAccessPatient does not allow a patient to perform the professional action assign_resource","status":"passed","title":"does not allow a patient to perform the professional action assign_resource","duration":0.06090000000000373,"failureMessages":[],"meta":{},"tags":[],"benchmarks":[]},{"ancestorTitles":["canAccessPatient"],"fullName":"canAccessPatient allows a nutritionist to access only their assigned patients","status":"passed","title":"allows a nutritionist to access only their assigned patients","duration":0.5331999999999653,"failureMessages":[],"meta":{},"tags":[],"benchmarks":[]},{"ancestorTitles":["canAccessPatient"],"fullName":"canAccessPatient only lets nutritionists create patients","status":"passed","title":"only lets nutritionists create patients","duration":0.21439999999995507,"failureMessages":[],"meta":{},"tags":[],"benchmarks":[]},{"ancestorTitles":["canAccessPatient"],"fullName":"canAccessPatient lets a locked patient read their minimal view and messages but blocks health mutations","status":"passed","title":"lets a locked patient read their minimal view and messages but blocks health mutations","duration":0.2259999999999991,"failureMessages":[],"meta":{},"tags":[],"benchmarks":[]},{"ancestorTitles":["toPatientSelfView"],"fullName":"toPatientSelfView removes professional-only fields and unsent messages","status":"passed","title":"removes professional-only fields and unsent messages","duration":1.373199999999997,"failureMessages":[],"meta":{},"tags":[],"benchmarks":[]},{"ancestorTitles":["toPatientSelfView"],"fullName":"toPatientSelfView removes professional notes from direct meal-analysis responses","status":"passed","title":"removes professional notes from direct meal-analysis responses","duration":0.21649999999999636,"failureMessages":[],"meta":{},"tags":[],"benchmarks":[]},{"ancestorTitles":["toPatientSelfView"],"fullName":"toPatientSelfView does not mutate the internal patient record","status":"passed","title":"does not mutate the internal patient record","duration":1.0055999999999585,"failureMessages":[],"meta":{},"tags":[],"benchmarks":[]},{"ancestorTitles":["toPatientSelfView"],"fullName":"toPatientSelfView returns only identity, billing state and sent messages when access is locked","status":"passed","title":"returns only identity, billing state and sent messages when access is locked","duration":0.7665000000000077,"failureMessages":[],"meta":{},"tags":[],"benchmarks":[]}],"startTime":1789479435922,"endTime":1789479435932.7666,"status":"passed","message":"","name":"C:/Users/facun/OneDrive/Desktop/Personal/Vero Insta/Plan V/plan-v/server/security/contracts.test.ts"},{"assertionResults":[{"ancestorTitles":["mapMessage"],"fullName":"mapMessage derives message direction from the author profile role","status":"passed","title":"derives message direction from the author profile role","duration":3.0289000000000215,"failureMessages":[],"meta":{},"tags":[],"benchmarks":[]},{"ancestorTitles":["mapMessage"],"fullName":"mapMessage fails closed when the author role is missing or invalid","status":"passed","title":"fails closed when the author role is missing or invalid","duration":0.5121000000000322,"failureMessages":[],"meta":{},"tags":[],"benchmarks":[]},{"ancestorTitles":["sbAddMessage (016 v2)"],"fullName":"sbAddMessage (016 v2) persists sent messages with sent_at so the patient thread can see them","status":"passed","title":"persists sent messages with sent_at so the patient thread can see them","duration":1.9151000000000522,"failureMessages":[],"meta":{},"tags":[],"benchmarks":[]},{"ancestorTitles":["sbAddMealLog (016 v2)"],"fullName":"sbAddMealLog (016 v2) writes photo_path (never photo_url) per the 016 v2 schema","status":"passed","title":"writes photo_path (never photo_url) per the 016 v2 schema","duration":1.3220000000000027,"failureMessages":[],"meta":{},"tags":[],"benchmarks":[]},{"ancestorTitles":["sbAddMealLog (016 v2)"],"fullName":"sbAddMealLog (016 v2) rejects inline data URLs: photos must go through the Storage contract first","status":"passed","title":"rejects inline data URLs: photos must go through the Storage contract first","duration":2.3074000000000296,"failureMessages":[],"meta":{},"tags":[],"benchmarks":[]},{"ancestorTitles":["weekly menu mapping (016 v2)"],"fullName":"weekly menu mapping (016 v2) maps meal_slots rows into weekPlan day groups and derives todayPlan","status":"passed","title":"maps meal_slots rows into weekPlan day groups and derives todayPlan","duration":1.8628999999999678,"failureMessages":[],"meta":{},"tags":[],"benchmarks":[]},{"ancestorTitles":["weekly menu mapping (016 v2)"],"fullName":"weekly menu mapping (016 v2) upserts slots by (patient_id, weekday, slot) using contract enums","status":"passed","title":"upserts slots by (patient_id, weekday, slot) using contract enums","duration":0.5356000000000449,"failureMessages":[],"meta":{},"tags":[],"benchmarks":[]},{"ancestorTitles":["weekly menu mapping (016 v2)"],"fullName":"weekly menu mapping (016 v2) deletes slots by (patient_id, weekday, slot)","status":"passed","title":"deletes slots by (patient_id, weekday, slot)","duration":2.574799999999982,"failureMessages":[],"meta":{},"tags":[],"benchmarks":[]},{"ancestorTitles":["menuWeekdayIndex"],"fullName":"menuWeekdayIndex uses Monday=0 … Sunday=6 with local dates","status":"passed","title":"uses Monday=0 … Sunday=6 with local dates","duration":1.177599999999984,"failureMessages":[],"meta":{},"tags":[],"benchmarks":[]},{"ancestorTitles":["ai_briefs dismissal (016 v2)"],"fullName":"ai_briefs dismissal (016 v2) maps a pending brief as visible (not dismissed)","status":"passed","title":"maps a pending brief as visible (not dismissed)","duration":0.8885999999999967,"failureMessages":[],"meta":{},"tags":[],"benchmarks":[]},{"ancestorTitles":["ai_briefs dismissal (016 v2)"],"fullName":"ai_briefs dismissal (016 v2) maps a dismissed latest brief with briefDismissed=true, keeping it internal","status":"passed","title":"maps a dismissed latest brief with briefDismissed=true, keeping it internal","duration":0.9226999999999634,"failureMessages":[],"meta":{},"tags":[],"benchmarks":[]},{"ancestorTitles":["ai_briefs dismissal (016 v2)"],"fullName":"ai_briefs dismissal (016 v2) hides briefs whose latest status is done or missing","status":"passed","title":"hides briefs whose latest status is done or missing","duration":2.379099999999994,"failureMessages":[],"meta":{},"tags":[],"benchmarks":[]},{"ancestorTitles":["ai_briefs dismissal (016 v2)"],"fullName":"ai_briefs dismissal (016 v2) dismisses only the pending brief, with actor and timestamp","status":"passed","title":"dismisses only the pending brief, with actor and timestamp","duration":2.0353999999999814,"failureMessages":[],"meta":{},"tags":[],"benchmarks":[]},{"ancestorTitles":["appointments (016 v2)"],"fullName":"appointments (016 v2) computes the next weekday occurrence at the patient wall time","status":"passed","title":"computes the next weekday occurrence at the patient wall time","duration":20.750499999999988,"failureMessages":[],"meta":{},"tags":[],"benchmarks":[]},{"ancestorTitles":["appointments (016 v2)"],"fullName":"appointments (016 v2) uses the same day when the wall time is still ahead","status":"passed","title":"uses the same day when the wall time is still ahead","duration":0.5298000000000229,"failureMessages":[],"meta":{},"tags":[],"benchmarks":[]},{"ancestorTitles":["appointments (016 v2)"],"fullName":"appointments (016 v2) rolls to next week when the wall time already passed","status":"passed","title":"rolls to next week when the wall time already passed","duration":0.46839999999997417,"failureMessages":[],"meta":{},"tags":[],"benchmarks":[]},{"ancestorTitles":["appointments (016 v2)"],"fullName":"appointments (016 v2) formats starts_at back to the domain display string","status":"passed","title":"formats starts_at back to the domain display string","duration":0.5183000000000675,"failureMessages":[],"meta":{},"tags":[],"benchmarks":[]},{"ancestorTitles":["appointments (016 v2)"],"fullName":"appointments (016 v2) replaces the scheduled appointment and persists starts_at","status":"passed","title":"replaces the scheduled appointment and persists starts_at","duration":0.9375,"failureMessages":[],"meta":{},"tags":[],"benchmarks":[]},{"ancestorTitles":["appointments (016 v2)"],"fullName":"appointments (016 v2) clears the scheduled appointment without inserting when null","status":"passed","title":"clears the scheduled appointment without inserting when null","duration":0.18219999999996617,"failureMessages":[],"meta":{},"tags":[],"benchmarks":[]},{"ancestorTitles":["appointments (016 v2)"],"fullName":"appointments (016 v2) maps the next scheduled appointment into the domain patient","status":"passed","title":"maps the next scheduled appointment into the domain patient","duration":0.5545000000000755,"failureMessages":[],"meta":{},"tags":[],"benchmarks":[]},{"ancestorTitles":["appointments (016 v2)"],"fullName":"appointments (016 v2) leaves appointment null without scheduled rows","status":"passed","title":"leaves appointment null without scheduled rows","duration":0.29849999999999,"failureMessages":[],"meta":{},"tags":[],"benchmarks":[]},{"ancestorTitles":["timeline_events (016 v2)"],"fullName":"timeline_events (016 v2) inserts timeline events with professional visibility by default","status":"passed","title":"inserts timeline events with professional visibility by default","duration":0.37419999999997344,"failureMessages":[],"meta":{},"tags":[],"benchmarks":[]},{"ancestorTitles":["timeline_events (016 v2)"],"fullName":"timeline_events (016 v2) allows explicit patient visibility for patient-safe events","status":"passed","title":"allows explicit patient visibility for patient-safe events","duration":0.7458000000000311,"failureMessages":[],"meta":{},"tags":[],"benchmarks":[]},{"ancestorTitles":["timeline_events (016 v2)"],"fullName":"timeline_events (016 v2) maps persisted events with HOY/AYER/date labels, newest first","status":"passed","title":"maps persisted events with HOY/AYER/date labels, newest first","duration":9.039999999999964,"failureMessages":[],"meta":{},"tags":[],"benchmarks":[]},{"ancestorTitles":["timeline_events (016 v2)"],"fullName":"timeline_events (016 v2) returns an empty timeline without fabricating events from meal logs","status":"passed","title":"returns an empty timeline without fabricating events from meal logs","duration":0.4896999999999707,"failureMessages":[],"meta":{},"tags":[],"benchmarks":[]},{"ancestorTitles":["reminders (016 v2)"],"fullName":"reminders (016 v2) upserts reminder config with contract enums and conflict key","status":"passed","title":"upserts reminder config with contract enums and conflict key","duration":0.3283999999999878,"failureMessages":[],"meta":{},"tags":[],"benchmarks":[]},{"ancestorTitles":["reminders (016 v2)"],"fullName":"reminders (016 v2) maps all domain kinds: comida, agua, consulta, sueno","status":"passed","title":"maps all domain kinds: comida, agua, consulta, sueno","duration":0.20519999999999072,"failureMessages":[],"meta":{},"tags":[],"benchmarks":[]},{"ancestorTitles":["reminders (016 v2)"],"fullName":"reminders (016 v2) deletes reminder config by (patient_id, kind, time_local)","status":"passed","title":"deletes reminder config by (patient_id, kind, time_local)","duration":0.484299999999962,"failureMessages":[],"meta":{},"tags":[],"benchmarks":[]},{"ancestorTitles":["reminders (016 v2)"],"fullName":"reminders (016 v2) rejects unknown kinds without touching the database","status":"passed","title":"rejects unknown kinds without touching the database","duration":0.6029999999999518,"failureMessages":[],"meta":{},"tags":[],"benchmarks":[]},{"ancestorTitles":["reminders (016 v2)"],"fullName":"reminders (016 v2) loads reminder config with domain labels and HH:MM times","status":"passed","title":"loads reminder config with domain labels and HH:MM times","duration":0.29909999999995307,"failureMessages":[],"meta":{},"tags":[],"benchmarks":[]},{"ancestorTitles":["localDateId"],"fullName":"localDateId formats the local calendar date, never UTC","status":"passed","title":"formats the local calendar date, never UTC","duration":0.23969999999997071,"failureMessages":[],"meta":{},"tags":[],"benchmarks":[]},{"ancestorTitles":["habit_logs (016 v2)"],"fullName":"habit_logs (016 v2) derives today snapshot (hydration, energy, sleep) from the local-day habit log","status":"passed","title":"derives today snapshot (hydration, energy, sleep) from the local-day habit log","duration":0.6512000000000171,"failureMessages":[],"meta":{},"tags":[],"benchmarks":[]},{"ancestorTitles":["habit_logs (016 v2)"],"fullName":"habit_logs (016 v2) defaults the snapshot when there is no habit log for today","status":"passed","title":"defaults the snapshot when there is no habit log for today","duration":0.20319999999992433,"failureMessages":[],"meta":{},"tags":[],"benchmarks":[]},{"ancestorTitles":["habit_logs (016 v2)"],"fullName":"habit_logs (016 v2) upserts habit logs by (patient_id, date) merging with the existing row","status":"passed","title":"upserts habit logs by (patient_id, date) merging with the existing row","duration":0.5679999999999836,"failureMessages":[],"meta":{},"tags":[],"benchmarks":[]},{"ancestorTitles":["habit_logs (016 v2)"],"fullName":"habit_logs (016 v2) inserts a fresh row when the day has no log yet","status":"passed","title":"inserts a fresh row when the day has no log yet","duration":0.48730000000000473,"failureMessages":[],"meta":{},"tags":[],"benchmarks":[]}],"startTime":1789479435557,"endTime":1789479435619.4873,"status":"passed","message":"","name":"C:/Users/facun/OneDrive/Desktop/Personal/Vero Insta/Plan V/plan-v/server/db/supabase-repo.test.ts"},{"assertionResults":[{"ancestorTitles":["entrada al diseño de la demo local"],"fullName":"entrada al diseño de la demo local abre Nutrigo en la raíz sin exigir una query","status":"passed","title":"abre Nutrigo en la raíz sin exigir una query","duration":1.6335000000000264,"failureMessages":[],"meta":{},"tags":[],"benchmarks":[]},{"ancestorTitles":["entrada al diseño de la demo local"],"fullName":"entrada al diseño de la demo local conserva el enlace explícito al nuevo diseño","status":"passed","title":"conserva el enlace explícito al nuevo diseño","duration":0.3254000000000019,"failureMessages":[],"meta":{},"tags":[],"benchmarks":[]},{"ancestorTitles":["entrada al diseño de la demo local"],"fullName":"entrada al diseño de la demo local permite abrir la versión anterior de forma explícita","status":"passed","title":"permite abrir la versión anterior de forma explícita","duration":0.19389999999998508,"failureMessages":[],"meta":{},"tags":[],"benchmarks":[]},{"ancestorTitles":["entrada al diseño de la demo local"],"fullName":"entrada al diseño de la demo local no habilita el diseño demo fuera de sus guardas: {\"development\":false}","status":"passed","title":"no habilita el diseño demo fuera de sus guardas: {\"development\":false}","duration":0.20500000000004093,"failureMessages":[],"meta":{},"tags":[],"benchmarks":[]},{"ancestorTitles":["entrada al diseño de la demo local"],"fullName":"entrada al diseño de la demo local no habilita el diseño demo fuera de sus guardas: {\"demoMode\":false}","status":"passed","title":"no habilita el diseño demo fuera de sus guardas: {\"demoMode\":false}","duration":0.15320000000002665,"failureMessages":[],"meta":{},"tags":[],"benchmarks":[]},{"ancestorTitles":["entrada al diseño de la demo local"],"fullName":"entrada al diseño de la demo local no habilita el diseño demo fuera de sus guardas: {\"hasSession\":true}","status":"passed","title":"no habilita el diseño demo fuera de sus guardas: {\"hasSession\":true}","duration":0.18149999999997135,"failureMessages":[],"meta":{},"tags":[],"benchmarks":[]},{"ancestorTitles":["entrada al diseño de la demo local"],"fullName":"entrada al diseño de la demo local no habilita el diseño demo fuera de sus guardas: {\"supabaseEnabled\":true}","status":"passed","title":"no habilita el diseño demo fuera de sus guardas: {\"supabaseEnabled\":true}","duration":0.15430000000003474,"failureMessages":[],"meta":{},"tags":[],"benchmarks":[]}],"startTime":1789479436179,"endTime":1789479436182.1543,"status":"passed","message":"","name":"C:/Users/facun/OneDrive/Desktop/Personal/Vero Insta/Plan V/plan-v/src/components/design-entry.test.ts"},{"assertionResults":[{"ancestorTitles":["PlanVExperience initial-load boundary"],"fullName":"PlanVExperience initial-load boundary loads patient and CRM surfaces only on demand","status":"passed","title":"loads patient and CRM surfaces only on demand","duration":4.077200000000005,"failureMessages":[],"meta":{},"tags":[],"benchmarks":[]}],"startTime":1789479435663,"endTime":1789479435667.0771,"status":"passed","message":"","name":"C:/Users/facun/OneDrive/Desktop/Personal/Vero Insta/Plan V/plan-v/src/components/PlanVExperience.perf.test.ts"},{"assertionResults":[{"ancestorTitles":["auth middleware"],"fullName":"auth middleware returns 401 instead of exposing demo data when Supabase is enabled","status":"passed","title":"returns 401 instead of exposing demo data when Supabase is enabled","duration":26.93610000000001,"failureMessages":[],"meta":{},"tags":[],"benchmarks":[]},{"ancestorTitles":["auth middleware"],"fullName":"auth middleware allows the public health endpoint without a token","status":"passed","title":"allows the public health endpoint without a token","duration":1.052000000000021,"failureMessages":[],"meta":{},"tags":[],"benchmarks":[]},{"ancestorTitles":["auth middleware"],"fullName":"auth middleware passes a verified user through to protected routes","status":"passed","title":"passes a verified user through to protected routes","duration":0.9800999999999931,"failureMessages":[],"meta":{},"tags":[],"benchmarks":[]},{"ancestorTitles":["auth middleware"],"fullName":"auth middleware keeps demo access when no Supabase service role is configured","status":"passed","title":"keeps demo access when no Supabase service role is configured","duration":1.4800000000000182,"failureMessages":[],"meta":{},"tags":[],"benchmarks":[]}],"startTime":1789479435825,"endTime":1789479435855.48,"status":"passed","message":"","name":"C:/Users/facun/OneDrive/Desktop/Personal/Vero Insta/Plan V/plan-v/server/middleware/auth.test.ts"},{"assertionResults":[{"ancestorTitles":["entrada contextual al CRM"],"fullName":"entrada contextual al CRM abre la ficha del paciente solicitado, no la primera de la lista","status":"passed","title":"abre la ficha del paciente solicitado, no la primera de la lista","duration":1.9773999999999887,"failureMessages":[],"meta":{},"tags":[],"benchmarks":[]},{"ancestorTitles":["entrada contextual al CRM"],"fullName":"entrada contextual al CRM conserva el destino de revisión, plan o consultas","status":"passed","title":"conserva el destino de revisión, plan o consultas","duration":0.5201000000000136,"failureMessages":[],"meta":{},"tags":[],"benchmarks":[]},{"ancestorTitles":["entrada contextual al CRM"],"fullName":"entrada contextual al CRM abre los módulos existentes sin heredar una pestaña de ficha","status":"passed","title":"abre los módulos existentes sin heredar una pestaña de ficha","duration":0.20499999999998408,"failureMessages":[],"meta":{},"tags":[],"benchmarks":[]},{"ancestorTitles":["entrada contextual al CRM"],"fullName":"entrada contextual al CRM rechaza un paciente eliminado o archivado en vez de abrir otro","status":"passed","title":"rechaza un paciente eliminado o archivado en vez de abrir otro","duration":0.20769999999998845,"failureMessages":[],"meta":{},"tags":[],"benchmarks":[]},{"ancestorTitles":["entrada contextual al CRM"],"fullName":"entrada contextual al CRM mantiene entrada tradicional y maneja una lista vacía","status":"passed","title":"mantiene entrada tradicional y maneja una lista vacía","duration":0.2604000000000042,"failureMessages":[],"meta":{},"tags":[],"benchmarks":[]}],"startTime":1789479435990,"endTime":1789479435993.2605,"status":"passed","message":"","name":"C:/Users/facun/OneDrive/Desktop/Personal/Vero Insta/Plan V/plan-v/src/components/crm/crm-entry.test.ts"},{"assertionResults":[{"ancestorTitles":["CRM goal helpers"],"fullName":"CRM goal helpers normalizes legacy patients as active goals without invented progress","status":"passed","title":"normalizes legacy patients as active goals without invented progress","duration":2.063600000000008,"failureMessages":[],"meta":{},"tags":[],"benchmarks":[]},{"ancestorTitles":["CRM goal helpers"],"fullName":"CRM goal helpers preserves stored goal state and history","status":"passed","title":"preserves stored goal state and history","duration":0.3859000000000208,"failureMessages":[],"meta":{},"tags":[],"benchmarks":[]},{"ancestorTitles":["CRM goal helpers"],"fullName":"CRM goal helpers filters goal rows by their normalized status","status":"passed","title":"filters goal rows by their normalized status","duration":0.4364000000000203,"failureMessages":[],"meta":{},"tags":[],"benchmarks":[]}],"startTime":1789479436206,"endTime":1789479436209.4363,"status":"passed","message":"","name":"C:/Users/facun/OneDrive/Desktop/Personal/Vero Insta/Plan V/plan-v/src/components/crm/crm-goals.test.ts"},{"assertionResults":[{"ancestorTitles":["CRM interaction states"],"fullName":"CRM interaction states opens appointment preparation directly in editing mode","status":"passed","title":"opens appointment preparation directly in editing mode","duration":1.7117000000000075,"failureMessages":[],"meta":{},"tags":[],"benchmarks":[]},{"ancestorTitles":["CRM interaction states"],"fullName":"CRM interaction states routes the commandbar message action to the existing summary draft","status":"passed","title":"routes the commandbar message action to the existing summary draft","duration":0.8100000000000023,"failureMessages":[],"meta":{},"tags":[],"benchmarks":[]},{"ancestorTitles":["CRM interaction states"],"fullName":"CRM interaction states hides dismissed or empty briefs from the summary action","status":"passed","title":"hides dismissed or empty briefs from the summary action","duration":0.24450000000001637,"failureMessages":[],"meta":{},"tags":[],"benchmarks":[]}],"startTime":1789479436169,"endTime":1789479436172.2444,"status":"passed","message":"","name":"C:/Users/facun/OneDrive/Desktop/Personal/Vero Insta/Plan V/plan-v/src/components/crm/crm-interactions.test.ts"},{"assertionResults":[{"ancestorTitles":["CRM module patient actions"],"fullName":"CRM module patient actions opens appointment management from Agenda","status":"passed","title":"opens appointment management from Agenda","duration":1.3083999999999776,"failureMessages":[],"meta":{},"tags":[],"benchmarks":[]},{"ancestorTitles":["CRM module patient actions"],"fullName":"CRM module patient actions keeps the record action in non-scheduling modules","status":"passed","title":"keeps the record action in non-scheduling modules","duration":0.16260000000002606,"failureMessages":[],"meta":{},"tags":[],"benchmarks":[]}],"startTime":1789479436213,"endTime":1789479436215.1626,"status":"passed","message":"","name":"C:/Users/facun/OneDrive/Desktop/Personal/Vero Insta/Plan V/plan-v/src/components/crm/crm-module-actions.test.ts"},{"assertionResults":[{"ancestorTitles":["CRM patient directory helpers"],"fullName":"CRM patient directory helpers searches active patients by name, status and goal","status":"passed","title":"searches active patients by name, status and goal","duration":2.610600000000005,"failureMessages":[],"meta":{},"tags":[],"benchmarks":[]},{"ancestorTitles":["CRM patient directory helpers"],"fullName":"CRM patient directory helpers separates active, attention and archived records","status":"passed","title":"separates active, attention and archived records","duration":0.5838999999999999,"failureMessages":[],"meta":{},"tags":[],"benchmarks":[]},{"ancestorTitles":["CRM patient directory helpers"],"fullName":"CRM patient directory helpers summarizes the directory without counting archived records as active","status":"passed","title":"summarizes the directory without counting archived records as active","duration":0.4385000000000048,"failureMessages":[],"meta":{},"tags":[],"benchmarks":[]}],"startTime":1789479436009,"endTime":1789479436012.584,"status":"passed","message":"","name":"C:/Users/facun/OneDrive/Desktop/Personal/Vero Insta/Plan V/plan-v/src/components/crm/crm-patients.test.ts"},{"assertionResults":[{"ancestorTitles":["groupMealLogsForReview"],"fullName":"groupMealLogsForReview splits pending from reviewed and sorts newest first inside each group","status":"passed","title":"splits pending from reviewed and sorts newest first inside each group","duration":11.389200000000017,"failureMessages":[],"meta":{},"tags":[],"benchmarks":[]},{"ancestorTitles":["groupMealLogsForReview"],"fullName":"groupMealLogsForReview does not mutate the input array","status":"passed","title":"does not mutate the input array","duration":0.36369999999999436,"failureMessages":[],"meta":{},"tags":[],"benchmarks":[]}],"startTime":1789479435847,"endTime":1789479435858.3892,"status":"passed","message":"","name":"C:/Users/facun/OneDrive/Desktop/Personal/Vero Insta/Plan V/plan-v/src/components/crm/meal-history.test.ts"},{"assertionResults":[{"ancestorTitles":["meal review draft"],"fullName":"meal review draft creates an isolated editable copy of the estimated meal","status":"passed","title":"creates an isolated editable copy of the estimated meal","duration":2.2357000000000085,"failureMessages":[],"meta":{},"tags":[],"benchmarks":[]},{"ancestorTitles":["meal review draft"],"fullName":"meal review draft builds a trimmed adjusted review payload","status":"passed","title":"builds a trimmed adjusted review payload","duration":0.5317999999999756,"failureMessages":[],"meta":{},"tags":[],"benchmarks":[]},{"ancestorTitles":["meal review draft"],"fullName":"meal review draft rejects blank foods and invalid macro values before the request","status":"passed","title":"rejects blank foods and invalid macro values before the request","duration":0.22270000000000323,"failureMessages":[],"meta":{},"tags":[],"benchmarks":[]}],"startTime":1789479436188,"endTime":1789479436191.2227,"status":"passed","message":"","name":"C:/Users/facun/OneDrive/Desktop/Personal/Vero Insta/Plan V/plan-v/src/components/crm/meal-review-draft.test.ts"},{"assertionResults":[{"ancestorTitles":["availableSlotsForDay"],"fullName":"availableSlotsForDay returns every slot when the day has no meals","status":"passed","title":"returns every slot when the day has no meals","duration":1.9531999999999812,"failureMessages":[],"meta":{},"tags":[],"benchmarks":[]},{"ancestorTitles":["availableSlotsForDay"],"fullName":"availableSlotsForDay filters out slots already planned that day","status":"passed","title":"filters out slots already planned that day","duration":0.5700000000000216,"failureMessages":[],"meta":{},"tags":[],"benchmarks":[]},{"ancestorTitles":["availableSlotsForDay"],"fullName":"availableSlotsForDay returns an empty list when the day is full","status":"passed","title":"returns an empty list when the day is full","duration":0.12479999999999336,"failureMessages":[],"meta":{},"tags":[],"benchmarks":[]}],"startTime":1789479436128,"endTime":1789479436130.57,"status":"passed","message":"","name":"C:/Users/facun/OneDrive/Desktop/Personal/Vero Insta/Plan V/plan-v/src/components/crm/menu-editor-utils.test.ts"},{"assertionResults":[{"ancestorTitles":["resolveNextStepTarget"],"fullName":"resolveNextStepTarget opens the weekly menu editor on the most relevant available day","status":"passed","title":"opens the weekly menu editor on the most relevant available day","duration":2.2819999999999823,"failureMessages":[],"meta":{},"tags":[],"benchmarks":[]},{"ancestorTitles":["resolveNextStepTarget"],"fullName":"resolveNextStepTarget opens appointment preparation in edit mode","status":"passed","title":"opens appointment preparation in edit mode","duration":0.34159999999997126,"failureMessages":[],"meta":{},"tags":[],"benchmarks":[]},{"ancestorTitles":["resolveNextStepTarget"],"fullName":"resolveNextStepTarget falls back to the first available weekly day for menu edits","status":"passed","title":"falls back to the first available weekly day for menu edits","duration":0.19519999999999982,"failureMessages":[],"meta":{},"tags":[],"benchmarks":[]}],"startTime":1789479436144,"endTime":1789479436147.3416,"status":"passed","message":"","name":"C:/Users/facun/OneDrive/Desktop/Personal/Vero Insta/Plan V/plan-v/src/components/crm/next-step-target.test.ts"},{"assertionResults":[{"ancestorTitles":["buildDailyReminders"],"fullName":"buildDailyReminders marks past unlogged meals as missed and logged ones as done","status":"passed","title":"marks past unlogged meals as missed and logged ones as done","duration":2.101699999999994,"failureMessages":[],"meta":{},"tags":[],"benchmarks":[]},{"ancestorTitles":["buildDailyReminders"],"fullName":"buildDailyReminders marks a meal within the half-hour window as ahora","status":"passed","title":"marks a meal within the half-hour window as ahora","duration":0.41449999999997544,"failureMessages":[],"meta":{},"tags":[],"benchmarks":[]},{"ancestorTitles":["buildDailyReminders"],"fullName":"buildDailyReminders includes a water reminder only while the daily goal is incomplete","status":"passed","title":"includes a water reminder only while the daily goal is incomplete","duration":0.263499999999965,"failureMessages":[],"meta":{},"tags":[],"benchmarks":[]},{"ancestorTitles":["buildDailyReminders"],"fullName":"buildDailyReminders includes the appointment only when it is scheduled for today","status":"passed","title":"includes the appointment only when it is scheduled for today","duration":16.049500000000023,"failureMessages":[],"meta":{},"tags":[],"benchmarks":[]},{"ancestorTitles":["buildDailyReminders"],"fullName":"buildDailyReminders keeps a sleep check-in at 22:30 and marks it done after the patient records rest","status":"passed","title":"keeps a sleep check-in at 22:30 and marks it done after the patient records rest","duration":1.2352999999999952,"failureMessages":[],"meta":{},"tags":[],"benchmarks":[]},{"ancestorTitles":["buildDailyReminders"],"fullName":"buildDailyReminders sorts timed reminders chronologically with the water nudge last","status":"passed","title":"sorts timed reminders chronologically with the water nudge last","duration":0.7683000000000106,"failureMessages":[],"meta":{},"tags":[],"benchmarks":[]}],"startTime":1789479435853,"endTime":1789479435873.7683,"status":"passed","message":"","name":"C:/Users/facun/OneDrive/Desktop/Personal/Vero Insta/Plan V/plan-v/src/components/patient/daily-reminders.test.ts"},{"assertionResults":[{"ancestorTitles":["buildJourneySummary"],"fullName":"buildJourneySummary builds seven local calendar days from oldest to today","status":"passed","title":"builds seven local calendar days from oldest to today","duration":15.437100000000044,"failureMessages":[],"meta":{},"tags":[],"benchmarks":[]},{"ancestorTitles":["buildJourneySummary"],"fullName":"buildJourneySummary keeps late-night records on the correct local day across UTC rollover","status":"passed","title":"keeps late-night records on the correct local day across UTC rollover","duration":1.815300000000036,"failureMessages":[],"meta":{},"tags":[],"benchmarks":[]},{"ancestorTitles":["buildJourneySummary"],"fullName":"buildJourneySummary separates pending meals and ignores records outside the seven-day window","status":"passed","title":"separates pending meals and ignores records outside the seven-day window","duration":1.3303999999999974,"failureMessages":[],"meta":{},"tags":[],"benchmarks":[]},{"ancestorTitles":["buildJourneySummary"],"fullName":"buildJourneySummary averages water over all seven days and sleep only over recorded days","status":"passed","title":"averages water over all seven days and sleep only over recorded days","duration":1.2049000000000092,"failureMessages":[],"meta":{},"tags":[],"benchmarks":[]}],"startTime":1789479435212,"endTime":1789479435232.2048,"status":"passed","message":"","name":"C:/Users/facun/OneDrive/Desktop/Personal/Vero Insta/Plan V/plan-v/src/components/patient/journey-summary.test.ts"},{"assertionResults":[{"ancestorTitles":["buildShoppingList"],"fullName":"buildShoppingList derives grocery ingredients, groups them and deduplicates repeated meals","status":"passed","title":"derives grocery ingredients, groups them and deduplicates repeated meals","duration":12.416099999999972,"failureMessages":[],"meta":{},"tags":[],"benchmarks":[]},{"ancestorTitles":["buildShoppingList"],"fullName":"buildShoppingList returns an empty list for a week without meals","status":"passed","title":"returns an empty list for a week without meals","duration":0.32269999999999754,"failureMessages":[],"meta":{},"tags":[],"benchmarks":[]},{"ancestorTitles":["shopping checklist persistence and export"],"fullName":"shopping checklist persistence and export uses an isolated storage key per patient and week","status":"passed","title":"uses an isolated storage key per patient and week","duration":0.290800000000047,"failureMessages":[],"meta":{},"tags":[],"benchmarks":[]},{"ancestorTitles":["shopping checklist persistence and export"],"fullName":"shopping checklist persistence and export exports every item with its check state and meal frequency","status":"passed","title":"exports every item with its check state and meal frequency","duration":0.7387999999999693,"failureMessages":[],"meta":{},"tags":[],"benchmarks":[]}],"startTime":1789479435823,"endTime":1789479435836.7388,"status":"passed","message":"","name":"C:/Users/facun/OneDrive/Desktop/Personal/Vero Insta/Plan V/plan-v/src/components/patient/shopping-list.test.ts"},{"assertionResults":[{"ancestorTitles":["mensajes operativos del diseño Nutrigo"],"fullName":"mensajes operativos del diseño Nutrigo envía texto limpio al paciente elegido y refresca sólo ese registro","status":"passed","title":"envía texto limpio al paciente elegido y refresca sólo ese registro","duration":3.011099999999999,"failureMessages":[],"meta":{},"tags":[],"benchmarks":[]},{"ancestorTitles":["mensajes operativos del diseño Nutrigo"],"fullName":"mensajes operativos del diseño Nutrigo la profesional envía como humana, nunca como sugerencia IA","status":"passed","title":"la profesional envía como humana, nunca como sugerencia IA","duration":0.433400000000006,"failureMessages":[],"meta":{},"tags":[],"benchmarks":[]},{"ancestorTitles":["mensajes operativos del diseño Nutrigo"],"fullName":"mensajes operativos del diseño Nutrigo rechaza textos vacíos o demasiado largos","status":"passed","title":"rechaza textos vacíos o demasiado largos","duration":1.4952000000000112,"failureMessages":[],"meta":{},"tags":[],"benchmarks":[]},{"ancestorTitles":["mensajes operativos del diseño Nutrigo"],"fullName":"mensajes operativos del diseño Nutrigo rechaza textos vacíos o demasiado largos","status":"passed","title":"rechaza textos vacíos o demasiado largos","duration":0.44700000000000273,"failureMessages":[],"meta":{},"tags":[],"benchmarks":[]},{"ancestorTitles":["mensajes operativos del diseño Nutrigo"],"fullName":"mensajes operativos del diseño Nutrigo no refresca ni anuncia éxito si el envío falla","status":"passed","title":"no refresca ni anuncia éxito si el envío falla","duration":0.6391999999999882,"failureMessages":[],"meta":{},"tags":[],"benchmarks":[]},{"ancestorTitles":["mensajes operativos del diseño Nutrigo"],"fullName":"mensajes operativos del diseño Nutrigo distingue envío guardado de fallo de refresco para evitar reenvíos duplicados","status":"passed","title":"distingue envío guardado de fallo de refresco para evitar reenvíos duplicados","duration":0.3645999999999958,"failureMessages":[],"meta":{},"tags":[],"benchmarks":[]}],"startTime":1789479435883,"endTime":1789479435889.6392,"status":"passed","message":"","name":"C:/Users/facun/OneDrive/Desktop/Personal/Vero Insta/Plan V/plan-v/src/components/nutrigo/message-send.test.ts"},{"assertionResults":[{"ancestorTitles":["mensajería dentro del diseño Nutrigo"],"fullName":"mensajería dentro del diseño Nutrigo el paciente ve a su nutricionista y un compositor, no un aviso de solo lectura","status":"passed","title":"el paciente ve a su nutricionista y un compositor, no un aviso de solo lectura","duration":40.755300000000034,"failureMessages":[],"meta":{},"tags":[],"benchmarks":[]},{"ancestorTitles":["mensajería dentro del diseño Nutrigo"],"fullName":"mensajería dentro del diseño Nutrigo la profesional ve las conversaciones y el contexto de la persona seleccionada","status":"passed","title":"la profesional ve las conversaciones y el contexto de la persona seleccionada","duration":2.572900000000004,"failureMessages":[],"meta":{},"tags":[],"benchmarks":[]},{"ancestorTitles":["mensajería dentro del diseño Nutrigo"],"fullName":"mensajería dentro del diseño Nutrigo no muestra otras personas en el modo paciente aunque se pasen a la lista","status":"passed","title":"no muestra otras personas en el modo paciente aunque se pasen a la lista","duration":1.7799999999999727,"failureMessages":[],"meta":{},"tags":[],"benchmarks":[]}],"startTime":1789479435647,"endTime":1789479435692.78,"status":"passed","message":"","name":"C:/Users/facun/OneDrive/Desktop/Personal/Vero Insta/Plan V/plan-v/src/components/nutrigo/NutrigoMessages.test.tsx"},{"assertionResults":[{"ancestorTitles":["Dashboard paciente — composición Nutrigo"],"fullName":"Dashboard paciente — composición Nutrigo comparte la composición con el CRM sin tratar a la profesional como paciente","status":"passed","title":"comparte la composición con el CRM sin tratar a la profesional como paciente","duration":34.5619999999999,"failureMessages":[],"meta":{},"tags":[],"benchmarks":[]},{"ancestorTitles":["Dashboard paciente — composición Nutrigo"],"fullName":"Dashboard paciente — composición Nutrigo no mezcla el menú ni el contacto al cambiar el paciente profesional","status":"passed","title":"no mezcla el menú ni el contacto al cambiar el paciente profesional","duration":13.373199999999997,"failureMessages":[],"meta":{},"tags":[],"benchmarks":[]},{"ancestorTitles":["Dashboard paciente — composición Nutrigo"],"fullName":"Dashboard paciente — composición Nutrigo calcula distribución energética sin tratarla como meta prescrita","status":"passed","title":"calcula distribución energética sin tratarla como meta prescrita","duration":0.9850000000000136,"failureMessages":[],"meta":{},"tags":[],"benchmarks":[]},{"ancestorTitles":["Dashboard paciente — composición Nutrigo"],"fullName":"Dashboard paciente — composición Nutrigo conserva estados sin datos y no inventa peso, pasos ni objetivo calórico","status":"passed","title":"conserva estados sin datos y no inventa peso, pasos ni objetivo calórico","duration":12.92310000000009,"failureMessages":[],"meta":{},"tags":[],"benchmarks":[]},{"ancestorTitles":["Dashboard paciente — composición Nutrigo"],"fullName":"Dashboard paciente — composición Nutrigo presenta el menú existente y distingue las imágenes ilustrativas de registros reales","status":"passed","title":"presenta el menú existente y distingue las imágenes ilustrativas de registros reales","duration":9.190800000000081,"failureMessages":[],"meta":{},"tags":[],"benchmarks":[]}],"startTime":1789479435331,"endTime":1789479435403.191,"status":"passed","message":"","name":"C:/Users/facun/OneDrive/Desktop/Personal/Vero Insta/Plan V/plan-v/src/components/nutrigo/PatientOverview.test.ts
[...]
e de sólo lectura y un enlace HTTPS endurecido","duration":12.948599999999942,"failureMessages":[],"meta":{},"tags":[],"benchmarks":[]},{"ancestorTitles":["Agenda paciente Nutrigo"],"fullName":"Agenda paciente Nutrigo rechaza enlaces inseguros y no inventa una fecha desde un valor inválido","status":"passed","title":"rechaza enlaces inseguros y no inventa una fecha desde un valor inválido","duration":3.4120000000000346,"failureMessages":[],"meta":{},"tags":[],"benchmarks":[]},{"ancestorTitles":["Agenda paciente Nutrigo"],"fullName":"Agenda paciente Nutrigo ofrece contactar a la nutricionista cuando no hay consulta","status":"passed","title":"ofrece contactar a la nutricionista cuando no hay consulta","duration":1.628400000000056,"failureMessages":[],"meta":{},"tags":[],"benchmarks":[]}],"startTime":1789479435532,"endTime":1789479435569.6284,"status":"passed","message":"","name":"C:/Users/facun/OneDrive/Desktop/Personal/Vero Insta/Plan V/plan-v/src/components/nutrigo/showroom-patient-agenda.test.tsx"},{"assertionResults":[{"ancestorTitles":["Diario del paciente dentro de Nutrigo"],"fullName":"Diario del paciente dentro de Nutrigo resume y filtra estados sin contar otras ventanas","status":"passed","title":"resume y filtra estados sin contar otras ventanas","duration":4.058700000000044,"failureMessages":[],"meta":{},"tags":[],"benchmarks":[]},{"ancestorTitles":["Diario del paciente dentro de Nutrigo"],"fullName":"Diario del paciente dentro de Nutrigo muestra registros y macros confirmados, pero no estimaciones pendientes","status":"passed","title":"muestra registros y macros confirmados, pero no estimaciones pendientes","duration":38.671299999999974,"failureMessages":[],"meta":{},"tags":[],"benchmarks":[]},{"ancestorTitles":["Diario del paciente dentro de Nutrigo"],"fullName":"Diario del paciente dentro de Nutrigo conecta el CTA de registro y mantiene estados vacíos explícitos","status":"passed","title":"conecta el CTA de registro y mantiene estados vacíos explícitos","duration":2.910000000000082,"failureMessages":[],"meta":{},"tags":[],"benchmarks":[]},{"ancestorTitles":["Diario del paciente dentro de Nutrigo"],"fullName":"Diario del paciente dentro de Nutrigo no renderiza notas profesionales aunque se inyecten como propiedades extra","status":"passed","title":"no renderiza notas profesionales aunque se inyecten como propiedades extra","duration":3.120900000000006,"failureMessages":[],"meta":{},"tags":[],"benchmarks":[]}],"startTime":1789479435289,"endTime":1789479435338.1208,"status":"passed","message":"","name":"C:/Users/facun/OneDrive/Desktop/Personal/Vero Insta/Plan V/plan-v/src/components/nutrigo/showroom-patient-diary.test.tsx"},{"assertionResults":[{"ancestorTitles":["Plan semanal paciente Nutrigo"],"fullName":"Plan semanal paciente Nutrigo ordena los siete días y usa horas reales sólo para el día actual","status":"passed","title":"ordena los siete días y usa horas reales sólo para el día actual","duration":3.7005000000000337,"failureMessages":[],"meta":{},"tags":[],"benchmarks":[]},{"ancestorTitles":["Plan semanal paciente Nutrigo"],"fullName":"Plan semanal paciente Nutrigo muestra el plan publicado como lectura y permite elegir los siete días","status":"passed","title":"muestra el plan publicado como lectura y permite elegir los siete días","duration":27.616199999999935,"failureMessages":[],"meta":{},"tags":[],"benchmarks":[]},{"ancestorTitles":["Plan semanal paciente Nutrigo"],"fullName":"Plan semanal paciente Nutrigo busca en toda la semana sin inventar recetas, porciones ni macros","status":"passed","title":"busca en toda la semana sin inventar recetas, porciones ni macros","duration":2.2525000000000546,"failureMessages":[],"meta":{},"tags":[],"benchmarks":[]},{"ancestorTitles":["Plan semanal paciente Nutrigo"],"fullName":"Plan semanal paciente Nutrigo presenta un vacío honesto cuando no existe un plan publicado","status":"passed","title":"presenta un vacío honesto cuando no existe un plan publicado","duration":0.8048999999999751,"failureMessages":[],"meta":{},"tags":[],"benchmarks":[]}],"startTime":1789479435294,"endTime":1789479435327.805,"status":"passed","message":"","name":"C:/Users/facun/OneDrive/Desktop/Personal/Vero Insta/Plan V/plan-v/src/components/nutrigo/showroom-patient-plan.test.tsx"},{"assertionResults":[{"ancestorTitles":["Ficha profesional en el showroom"],"fullName":"Ficha profesional en el showroom presenta identidad, estado, etapa, objetivo y próxima consulta","status":"passed","title":"presenta identidad, estado, etapa, objetivo y próxima consulta","duration":33.936500000000024,"failureMessages":[],"meta":{},"tags":[],"benchmarks":[]},{"ancestorTitles":["Ficha profesional en el showroom"],"fullName":"Ficha profesional en el showroom rotula y muestra únicamente notas profesionales del paciente seleccionado","status":"passed","title":"rotula y muestra únicamente notas profesionales del paciente seleccionado","duration":3.481999999999971,"failureMessages":[],"meta":{},"tags":[],"benchmarks":[]},{"ancestorTitles":["Ficha profesional en el showroom"],"fullName":"Ficha profesional en el showroom aísla las observaciones de comidas por patient_id y ordena nuevas primero","status":"passed","title":"aísla las observaciones de comidas por patient_id y ordena nuevas primero","duration":1.9489000000000942,"failureMessages":[],"meta":{},"tags":[],"benchmarks":[]},{"ancestorTitles":["Ficha profesional en el showroom"],"fullName":"Ficha profesional en el showroom presenta historial clínico sin fabricar eventos cuando está vacío","status":"passed","title":"presenta historial clínico sin fabricar eventos cuando está vacío","duration":10.815300000000093,"failureMessages":[],"meta":{},"tags":[],"benchmarks":[]},{"ancestorTitles":["Ficha profesional en el showroom"],"fullName":"Ficha profesional en el showroom ofrece edición y accesos operativos sin prometer una nota nueva inexistente","status":"passed","title":"ofrece edición y accesos operativos sin prometer una nota nueva inexistente","duration":5.496399999999994,"failureMessages":[],"meta":{},"tags":[],"benchmarks":[]}],"startTime":1789479435286,"endTime":1789479435342.4963,"status":"passed","message":"","name":"C:/Users/facun/OneDrive/Desktop/Personal/Vero Insta/Plan V/plan-v/src/components/nutrigo/showroom-patient-record.test.tsx"},{"assertionResults":[{"ancestorTitles":["directorio de pacientes del showroom"],"fullName":"directorio de pacientes del showroom resume el directorio completo y muestra activos por defecto","status":"passed","title":"resume el directorio completo y muestra activos por defecto","duration":12.211399999999912,"failureMessages":[],"meta":{},"tags":[],"benchmarks":[]},{"ancestorTitles":["directorio de pacientes del showroom"],"fullName":"directorio de pacientes del showroom ofrece acciones accesibles por paciente activo","status":"passed","title":"ofrece acciones accesibles por paciente activo","duration":3.3497999999999593,"failureMessages":[],"meta":{},"tags":[],"benchmarks":[]},{"ancestorTitles":["directorio de pacientes del showroom"],"fullName":"directorio de pacientes del showroom lista archivados con restaurar y sin acciones operativas","status":"passed","title":"lista archivados con restaurar y sin acciones operativas","duration":1.7463999999999942,"failureMessages":[],"meta":{},"tags":[],"benchmarks":[]},{"ancestorTitles":["directorio de pacientes del showroom"],"fullName":"directorio de pacientes del showroom necesitan atención lista solo adherencias bajas activas","status":"passed","title":"necesitan atención lista solo adherencias bajas activas","duration":1.544399999999996,"failureMessages":[],"meta":{},"tags":[],"benchmarks":[]},{"ancestorTitles":["directorio de pacientes del showroom"],"fullName":"directorio de pacientes del showroom aplica la búsqueda externa sobre nombre, estado u objetivo","status":"passed","title":"aplica la búsqueda externa sobre nombre, estado u objetivo","duration":5.093399999999974,"failureMessages":[],"meta":{},"tags":[],"benchmarks":[]},{"ancestorTitles":["directorio de pacientes del showroom"],"fullName":"directorio de pacientes del showroom el alta nueva es un diálogo accesible y no promete envío de email","status":"passed","title":"el alta nueva es un diálogo accesible y no promete envío de email","duration":1.6638000000000375,"failureMessages":[],"meta":{},"tags":[],"benchmarks":[]},{"ancestorTitles":["directorio de pacientes del showroom"],"fullName":"directorio de pacientes del showroom el editor precarga la ficha operativa existente","status":"passed","title":"el editor precarga la ficha operativa existente","duration":1.8840000000000146,"failureMessages":[],"meta":{},"tags":[],"benchmarks":[]}],"startTime":1789479435553,"endTime":1789479435580.884,"status":"passed","message":"","name":"C:/Users/facun/OneDrive/Desktop/Personal/Vero Insta/Plan V/plan-v/src/components/nutrigo/showroom-patients.test.tsx"},{"assertionResults":[{"ancestorTitles":["Progreso paciente dentro de Nutrigo"],"fullName":"Progreso paciente dentro de Nutrigo deriva sólo datos registrados de los últimos siete días","status":"passed","title":"deriva sólo datos registrados de los últimos siete días","duration":3.00870000000009,"failureMessages":[],"meta":{},"tags":[],"benchmarks":[]},{"ancestorTitles":["Progreso paciente dentro de Nutrigo"],"fullName":"Progreso paciente dentro de Nutrigo presenta adherencia, objetivo, agua, descanso y actividad semanal","status":"passed","title":"presenta adherencia, objetivo, agua, descanso y actividad semanal","duration":60.344100000000026,"failureMessages":[],"meta":{},"tags":[],"benchmarks":[]},{"ancestorTitles":["Progreso paciente dentro de Nutrigo"],"fullName":"Progreso paciente dentro de Nutrigo no presenta medidas, inferencias clínicas ni campos profesionales","status":"passed","title":"no presenta medidas, inferencias clínicas ni campos profesionales","duration":8.070600000000013,"failureMessages":[],"meta":{},"tags":[],"benchmarks":[]}],"startTime":1789479435287,"endTime":1789479435358.0706,"status":"passed","message":"","name":"C:/Users/facun/OneDrive/Desktop/Personal/Vero Insta/Plan V/plan-v/src/components/nutrigo/showroom-progress.test.tsx"},{"assertionResults":[{"ancestorTitles":["ShowroomResources"],"fullName":"ShowroomResources publica sólo guías operativas internas con rutas válidas y relaciones resolubles","status":"passed","title":"publica sólo guías operativas internas con rutas válidas y relaciones resolubles","duration":3.5364000000000146,"failureMessages":[],"meta":{},"tags":[],"benchmarks":[]},{"ancestorTitles":["ShowroomResources"],"fullName":"ShowroomResources busca por título, categoría, resumen y etiquetas sin inventar coincidencias","status":"passed","title":"busca por título, categoría, resumen y etiquetas sin inventar coincidencias","duration":1.5096999999999525,"failureMessages":[],"meta":{},"tags":[],"benchmarks":[]},{"ancestorTitles":["ShowroomResources"],"fullName":"ShowroomResources muestra fechas de asignación y lectura sin depender de la zona horaria del navegador","status":"passed","title":"muestra fechas de asignación y lectura sin depender de la zona horaria del navegador","duration":0.317100000000039,"failureMessages":[],"meta":{},"tags":[],"benchmarks":[]},{"ancestorTitles":["ShowroomResources"],"fullName":"ShowroomResources renderiza biblioteca, filtros, guardado local explícito y acceso a detalle","status":"passed","title":"renderiza biblioteca, filtros, guardado local explícito y acceso a detalle","duration":13.668600000000026,"failureMessages":[],"meta":{},"tags":[],"benchmarks":[]},{"ancestorTitles":["ShowroomResources"],"fullName":"ShowroomResources distingue recursos asignados por la nutricionista del guardado local","status":"passed","title":"distingue recursos asignados por la nutricionista del guardado local","duration":4.929399999999987,"failureMessages":[],"meta":{},"tags":[],"benchmarks":[]},{"ancestorTitles":["ShowroomResources"],"fullName":"ShowroomResources construye y valida enlaces profundos sin perder el selector de diseño","status":"passed","title":"construye y valida enlaces profundos sin perder el selector de diseño","duration":0.5421000000000049,"failureMessages":[],"meta":{},"tags":[],"benchmarks":[]},{"ancestorTitles":["ShowroomResources"],"fullName":"ShowroomResources comparte con Web Share y degrada a copiar el enlace estable","status":"passed","title":"comparte con Web Share y degrada a copiar el enlace estable","duration":1.9950000000000045,"failureMessages":[],"meta":{},"tags":[],"benchmarks":[]}],"startTime":1789479435392,"endTime":1789479435417.995,"status":"passed","message":"","name":"C:/Users/facun/OneDrive/Desktop/Personal/Vero Insta/Plan V/plan-v/src/components/nutrigo/showroom-resources.test.tsx"},{"assertionResults":[{"ancestorTitles":["Centro de trabajo profesional Nutrigo"],"fullName":"Centro de trabajo profesional Nutrigo calcula sólo indicadores presentes en los registros activos","status":"passed","title":"calcula sólo indicadores presentes en los registros activos","duration":3.0230999999999995,"failureMessages":[],"meta":{},"tags":[],"benchmarks":[]},{"ancestorTitles":["Centro de trabajo profesional Nutrigo"],"fullName":"Centro de trabajo profesional Nutrigo ordena el seguimiento por necesidad real sin inventar un score nuevo","status":"passed","title":"ordena el seguimiento por necesidad real sin inventar un score nuevo","duration":0.4500000000000455,"failureMessages":[],"meta":{},"tags":[],"benchmarks":[]},{"ancestorTitles":["Centro de trabajo profesional Nutrigo"],"fullName":"Centro de trabajo profesional Nutrigo conserva el orden relativo provisto por la ficha al combinar actividad reciente","status":"passed","title":"conserva el orden relativo provisto por la ficha al combinar actividad reciente","duration":0.3102000000000089,"failureMessages":[],"meta":{},"tags":[],"benchmarks":[]},{"ancestorTitles":["Centro de trabajo profesional Nutrigo"],"fullName":"Centro de trabajo profesional Nutrigo renderiza reciente como superficie Nutrigo operativa","status":"passed","title":"renderiza reciente como superficie Nutrigo operativa","duration":8.809799999999996,"failureMessages":[],"meta":{},"tags":[],"benchmarks":[]},{"ancestorTitles":["Centro de trabajo profesional Nutrigo"],"fullName":"Centro de trabajo profesional Nutrigo renderiza guardado como superficie Nutrigo operativa","status":"passed","title":"renderiza guardado como superficie Nutrigo operativa","duration":4.778800000000047,"failureMessages":[],"meta":{},"tags":[],"benchmarks":[]},{"ancestorTitles":["Centro de trabajo profesional Nutrigo"],"fullName":"Centro de trabajo profesional Nutrigo renderiza seguimiento como superficie Nutrigo operativa","status":"passed","title":"renderiza seguimiento como superficie Nutrigo operativa","duration":1.960800000000063,"failureMessages":[],"meta":{},"tags":[],"benchmarks":[]},{"ancestorTitles":["Centro de trabajo profesional Nutrigo"],"fullName":"Centro de trabajo profesional Nutrigo renderiza paneles como superficie Nutrigo operativa","status":"passed","title":"renderiza paneles como superficie Nutrigo operativa","duration":2.7404000000000224,"failureMessages":[],"meta":{},"tags":[],"benchmarks":[]},{"ancestorTitles":["Centro de trabajo profesional Nutrigo"],"fullName":"Centro de trabajo profesional Nutrigo renderiza videollamadas como superficie Nutrigo operativa","status":"passed","title":"renderiza videollamadas como superficie Nutrigo operativa","duration":18.21410000000003,"failureMessages":[],"meta":{},"tags":[],"benchmarks":[]},{"ancestorTitles":["Centro de trabajo profesional Nutrigo"],"fullName":"Centro de trabajo profesional Nutrigo permite preparar asignaciones individuales o masivas sin ocultar los Planes B existentes","status":"passed","title":"permite preparar asignaciones individuales o masivas sin ocultar los Planes B existentes","duration":5.436500000000024,"failureMessages":[],"meta":{},"tags":[],"benchmarks":[]},{"ancestorTitles":["Centro de trabajo profesional Nutrigo"],"fullName":"Centro de trabajo profesional Nutrigo separa acciones por flujo y protege los enlaces externos","status":"passed","title":"separa acciones por flujo y protege los enlaces externos","duration":3.6788999999999987,"failureMessages":[],"meta":{},"tags":[],"benchmarks":[]}],"startTime":1789479435557,"endTime":1789479435606.679,"status":"passed","message":"","name":"C:/Users/facun/OneDrive/Desktop/Personal/Vero Insta/Plan V/plan-v/src/components/nutrigo/showroom-work-center.test.tsx"},{"assertionResults":[{"ancestorTitles":["Calendario semanal del menú"],"fullName":"Calendario semanal del menú muestra los siete días locales, de lunes a domingo, aunque no tengan plan","status":"passed","title":"muestra los siete días locales, de lunes a domingo, aunque no tengan plan","duration":2.5077999999999747,"failureMessages":[],"meta":{},"tags":[],"benchmarks":[]},{"ancestorTitles":["Calendario semanal del menú"],"fullName":"Calendario semanal del menú mantiene la semana al cruzar el año y cuando hoy es domingo","status":"passed","title":"mantiene la semana al cruzar el año y cuando hoy es domingo","duration":0.3172999999999888,"failureMessages":[],"meta":{},"tags":[],"benchmarks":[]},{"ancestorTitles":["Calendario semanal del menú"],"fullName":"Calendario semanal del menú conserva el calendario local en años bisiestos","status":"passed","title":"conserva el calendario local en años bisiestos","duration":0.151299999999992,"failureMessages":[],"meta":{},"tags":[],"benchmarks":[]},{"ancestorTitles":["Calendario semanal del menú"],"fullName":"Calendario semanal del menú resuelve el día por su nombre, no por la posición del plan incompleto","status":"passed","title":"resuelve el día por su nombre, no por la posición del plan incompleto","duration":0.3675000000000068,"failureMessages":[],"meta":{},"tags":[],"benchmarks":[]},{"ancestorTitles":["Calendario semanal del menú"],"fullName":"Calendario semanal del menú no sustituye un día sin plan por las comidas de hoy","status":"passed","title":"no sustituye un día sin plan por las comidas de hoy","duration":0.2219000000000051,"failureMessages":[],"meta":{},"tags":[],"benchmarks":[]},{"ancestorTitles":["Calendario semanal del menú"],"fullName":"Calendario semanal del menú Hoy y la fecha actual abren el mismo plan diario sin inventar horarios","status":"passed","title":"Hoy y la fecha actual abren el mismo plan diario sin inventar horarios","duration":0.2215999999999667,"failureMessages":[],"meta":{},"tags":[],"benchmarks":[]},{"ancestorTitles":["Calendario semanal del menú"],"fullName":"Calendario semanal del menú cambia el contenido con el paciente sin conservar comidas del anterior","status":"passed","title":"cambia el contenido con el paciente sin conservar comidas del anterior","duration":0.22129999999998518,"failureMessages":[],"meta":{},"tags":[],"benchmarks":[]},{"ancestorTitles":["Calendario semanal del menú"],"fullName":"Calendario semanal del menú identifica selección, fecha actual y fechas completas de manera accesible","status":"passed","title":"identifica selección, fecha actual y fechas completas de manera accesible","duration":23.10499999999996,"failureMessages":[],"meta":{},"tags":[],"benchmarks":[]}],"startTime":1789479435242,"endTime":1789479435269.105,"status":"passed","message":"","name":"C:/Users/facun/OneDrive/Desktop/Personal/Vero Insta/Plan V/plan-v/src/components/nutrigo/weekly-plan-calendar.test.tsx"},{"assertionResults":[{"ancestorTitles":["sortThreadMessages"],"fullName":"sortThreadMessages filters unsent drafts and orders sent messages from oldest to newest","status":"passed","title":"filters unsent drafts and orders sent messages from oldest to newest","duration":1.4705999999999904,"failureMessages":[],"meta":{},"tags":[],"benchmarks":[]}],"startTime":1789479436197,"endTime":1789479436198.4707,"status":"passed","message":"","name":"C:/Users/facun/OneDrive/Desktop/Personal/Vero Insta/Plan V/plan-v/src/components/shared/message-thread.test.ts"}]}