{"numTotalTestSuites":136,"numPassedTestSuites":136,"numFailedTestSuites":0,"numPendingTestSuites":0,"numTotalTests":319,"numPassedTests":319,"numFailedTests":0,"numPendingTests":0,"numTodoTests":0,"snapshot":{"added":0,"failure":false,"filesAdded":0,"filesRemoved":0,"filesRemovedList":[],"filesUnmatched":0,"filesUpdated":0,"matched":0,"total":0,"unchecked":0,"uncheckedKeysByFile":[],"unmatched":0,"updated":0,"didUpdate":false},"startTime":1789481986540,"success":true,"testResults":[{"assertionResults":[{"ancestorTitles":["patient billing access"],"fullName":"patient billing access unlocks waived and active patients whose period includes today","status":"passed","title":"unlocks waived and active patients whose period includes today","duration":1.1180000000000234,"failureMessages":[],"meta":{},"tags":[],"benchmarks":[]},{"ancestorTitles":["patient billing access"],"fullName":"patient billing access locks pending patients and resolves expired active periods as past due","status":"passed","title":"locks pending patients and resolves expired active periods as past due","duration":0.2120999999999924,"failureMessages":[],"meta":{},"tags":[],"benchmarks":[]}],"startTime":1789481988989,"endTime":1789481988990.2122,"status":"passed","message":"","name":"C:/Users/facun/OneDrive/Desktop/Personal/Vero Insta/Plan V/plan-v/src/billing.test.ts"},{"assertionResults":[{"ancestorTitles":["identidad visual de Plan V"],"fullName":"identidad visual de Plan V expone la paleta principal tomada del isotipo oficial","status":"passed","title":"expone la paleta principal tomada del isotipo oficial","duration":1.2477999999999838,"failureMessages":[],"meta":{},"tags":[],"benchmarks":[]},{"ancestorTitles":["identidad visual de Plan V"],"fullName":"identidad visual de Plan V renderiza el isotipo oficial como marca compartida","status":"passed","title":"renderiza el isotipo oficial como marca compartida","duration":4.9199999999999875,"failureMessages":[],"meta":{},"tags":[],"benchmarks":[]}],"startTime":1789481988427,"endTime":1789481988432.92,"status":"passed","message":"","name":"C:/Users/facun/OneDrive/Desktop/Personal/Vero Insta/Plan V/plan-v/src/brand.test.tsx"},{"assertionResults":[{"ancestorTitles":["theme preference"],"fullName":"theme preference restores a stored dark theme","status":"passed","title":"restores a stored dark theme","duration":1.5903999999999883,"failureMessages":[],"meta":{},"tags":[],"benchmarks":[]},{"ancestorTitles":["theme preference"],"fullName":"theme preference falls back to the system preference when storage is empty","status":"passed","title":"falls back to the system preference when storage is empty","duration":0.33490000000000464,"failureMessages":[],"meta":{},"tags":[],"benchmarks":[]},{"ancestorTitles":["theme preference"],"fullName":"theme preference survives unavailable storage and persists the selected theme","status":"passed","title":"survives unavailable storage and persists the selected theme","duration":0.761400000000009,"failureMessages":[],"meta":{},"tags":[],"benchmarks":[]}],"startTime":1789481988827,"endTime":1789481988829.7615,"status":"passed","message":"","name":"C:/Users/facun/OneDrive/Desktop/Personal/Vero Insta/Plan V/plan-v/src/theme-preference.test.ts"},{"assertionResults":[{"ancestorTitles":["patient activity API flow in memory mode"],"fullName":"patient activity API flow in memory mode stores a self-reported activity and returns a patient-safe view","status":"passed","title":"stores a self-reported activity and returns a patient-safe view","duration":11.995200000000068,"failureMessages":[],"meta":{},"tags":[],"benchmarks":[]},{"ancestorTitles":["patient activity API flow in memory mode"],"fullName":"patient activity API flow in memory mode validates duration, intensity and text, and returns 404 for unknown patients","status":"passed","title":"validates duration, intensity and text, and returns 404 for unknown patients","duration":3.026499999999942,"failureMessages":[],"meta":{},"tags":[],"benchmarks":[]}],"startTime":1789481989148,"endTime":1789481989163.0266,"status":"passed","message":"","name":"C:/Users/facun/OneDrive/Desktop/Personal/Vero Insta/Plan V/plan-v/server/activity-flow.integration.test.ts"},{"assertionResults":[{"ancestorTitles":["calculateAdherence"],"fullName":"calculateAdherence does not count pending meals toward the score","status":"passed","title":"does not count pending meals toward the score","duration":15.921400000000062,"failureMessages":[],"meta":{},"tags":[],"benchmarks":[]},{"ancestorTitles":["calculateAdherence"],"fullName":"calculateAdherence counts confirmed and adjusted meals against the planned slots of the last 7 days","status":"passed","title":"counts confirmed and adjusted meals against the planned slots of the last 7 days","duration":1.018699999999967,"failureMessages":[],"meta":{},"tags":[],"benchmarks":[]},{"ancestorTitles":["calculateAdherence"],"fullName":"calculateAdherence ignores reviewed meals older than the 7-day window","status":"passed","title":"ignores reviewed meals older than the 7-day window","duration":0.9820000000000846,"failureMessages":[],"meta":{},"tags":[],"benchmarks":[]},{"ancestorTitles":["calculateAdherence"],"fullName":"calculateAdherence averages the week hydration as 25% of the score, counting unlogged days as zero","status":"passed","title":"averages the week hydration as 25% of the score, counting unlogged days as zero","duration":0.8395999999999049,"failureMessages":[],"meta":{},"tags":[],"benchmarks":[]},{"ancestorTitles":["calculateAdherence"],"fullName":"calculateAdherence counts days without a habit log as zero water","status":"passed","title":"counts days without a habit log as zero water","duration":0.38020000000005894,"failureMessages":[],"meta":{},"tags":[],"benchmarks":[]},{"ancestorTitles":["calculateAdherence"],"fullName":"calculateAdherence treats an empty plan as fully covered and never divides by zero","status":"passed","title":"treats an empty plan as fully covered and never divides by zero","duration":0.2336999999999989,"failureMessages":[],"meta":{},"tags":[],"benchmarks":[]},{"ancestorTitles":["calculateAdherence"],"fullName":"calculateAdherence is deterministic for the same inputs","status":"passed","title":"is deterministic for the same inputs","duration":2.1437000000000808,"failureMessages":[],"meta":{},"tags":[],"benchmarks":[]}],"startTime":1789481987440,"endTime":1789481987462.1438,"status":"passed","message":"","name":"C:/Users/facun/OneDrive/Desktop/Personal/Vero Insta/Plan V/plan-v/server/adherence.test.ts"},{"assertionResults":[{"ancestorTitles":["appointment API flow in memory mode"],"fullName":"appointment API flow in memory mode schedules the next appointment and records a timeline event","status":"passed","title":"schedules the next appointment and records a timeline event","duration":10.527799999999843,"failureMessages":[],"meta":{},"tags":[],"benchmarks":[]},{"ancestorTitles":["appointment API flow in memory mode"],"fullName":"appointment API flow in memory mode cancels the appointment with a null payload","status":"passed","title":"cancels the appointment with a null payload","duration":1.5061000000000604,"failureMessages":[],"meta":{},"tags":[],"benchmarks":[]},{"ancestorTitles":["appointment API flow in memory mode"],"fullName":"appointment API flow in memory mode stores a safe HTTPS meeting link and rejects unsafe URLs","status":"passed","title":"stores a safe HTTPS meeting link and rejects unsafe URLs","duration":3.9728000000000065,"failureMessages":[],"meta":{},"tags":[],"benchmarks":[]},{"ancestorTitles":["appointment API flow in memory mode"],"fullName":"appointment API flow in memory mode rejects invalid appointment payloads with 400","status":"passed","title":"rejects invalid appointment payloads with 400","duration":2.1586999999999534,"failureMessages":[],"meta":{},"tags":[],"benchmarks":[]}],"startTime":1789481989155,"endTime":1789481989173.1587,"status":"passed","message":"","name":"C:/Users/facun/OneDrive/Desktop/Personal/Vero Insta/Plan V/plan-v/server/appointment-flow.integration.test.ts"},{"assertionResults":[{"ancestorTitles":["billing flow in memory mode"],"fullName":"billing flow in memory mode marks a valid period active and records a non-clinical timeline event","status":"passed","title":"marks a valid period active and records a non-clinical timeline event","duration":10.578600000000051,"failureMessages":[],"meta":{},"tags":[],"benchmarks":[]},{"ancestorTitles":["billing flow in memory mode"],"fullName":"billing flow in memory mode supports an explicit waiver without inventing a billing period","status":"passed","title":"supports an explicit waiver without inventing a billing period","duration":1.8158000000000811,"failureMessages":[],"meta":{},"tags":[],"benchmarks":[]},{"ancestorTitles":["billing flow in memory mode"],"fullName":"billing flow in memory mode turns an already expired active period into past due","status":"passed","title":"turns an already expired active period into past due","duration":1.6311000000000604,"failureMessages":[],"meta":{},"tags":[],"benchmarks":[]},{"ancestorTitles":["billing flow in memory mode"],"fullName":"billing flow in memory mode rejects malformed billing updates and missing patients","status":"passed","title":"rejects malformed billing updates and missing patients","duration":2.7451999999998407,"failureMessages":[],"meta":{},"tags":[],"benchmarks":[]}],"startTime":1789481989132,"endTime":1789481989148.745,"status":"passed","message":"","name":"C:/Users/facun/OneDrive/Desktop/Personal/Vero Insta/Plan V/plan-v/server/billing-flow.integration.test.ts"},{"assertionResults":[{"ancestorTitles":["copilot brief dismissal in memory mode"],"fullName":"copilot brief dismissal in memory mode dismisses the current action and restores it only after regenerating the brief","status":"passed","title":"dismisses the current action and restores it only after regenerating the brief","duration":8.787199999999984,"failureMessages":[],"meta":{},"tags":[],"benchmarks":[]},{"ancestorTitles":["copilot brief dismissal in memory mode"],"fullName":"copilot brief dismissal in memory mode returns 404 for an unknown patient","status":"passed","title":"returns 404 for an unknown patient","duration":0.6121000000000549,"failureMessages":[],"meta":{},"tags":[],"benchmarks":[]}],"startTime":1789481989145,"endTime":1789481989153.787,"status":"passed","message":"","name":"C:/Users/facun/OneDrive/Desktop/Personal/Vero Insta/Plan V/plan-v/server/brief-dismiss.integration.test.ts"},{"assertionResults":[{"ancestorTitles":["016 draft contract v2"],"fullName":"016 draft contract v2 is explicitly marked as review-only and not applicable","status":"passed","title":"is explicitly marked as review-only and not applicable","duration":11.86190000000002,"failureMessages":[],"meta":{},"tags":[],"benchmarks":[]},{"ancestorTitles":["016 draft contract v2"],"fullName":"016 draft contract v2 keeps patient-facing views free of internal professional fields","status":"passed","title":"keeps patient-facing views free of internal professional fields","duration":2.921299999999974,"failureMessages":[],"meta":{},"tags":[],"benchmarks":[]},{"ancestorTitles":["016 draft contract v2"],"fullName":"016 draft contract v2 uses definer views with billing gates, not invoker views over revoked tables","status":"passed","title":"uses definer views with billing gates, not invoker views over revoked tables","duration":1.8770000000000095,"failureMessages":[],"meta":{},"tags":[],"benchmarks":[]},{"ancestorTitles":["016 draft contract v2"],"fullName":"016 draft contract v2 denies patients raw-table reads on tables with professional-only columns","status":"passed","title":"denies patients raw-table reads on tables with professional-only columns","duration":0.8580000000000041,"failureMessages":[],"meta":{},"tags":[],"benchmarks":[]},{"ancestorTitles":["016 draft contract v2"],"fullName":"016 draft contract v2 covers the demo features that need production persistence","status":"passed","title":"covers the demo features that need production persistence","duration":0.9797000000000367,"failureMessages":[],"meta":{},"tags":[],"benchmarks":[]},{"ancestorTitles":["016 draft contract v2"],"fullName":"016 draft contract v2 models the weekly menu as a recurring template, not dated rows","status":"passed","title":"models the weekly menu as a recurring template, not dated rows","duration":1.0962999999999852,"failureMessages":[],"meta":{},"tags":[],"benchmarks":[]},{"ancestorTitles":["016 draft contract v2"],"fullName":"016 draft contract v2 keeps the habit snapshot derived from habit_logs, not duplicated in patients","status":"passed","title":"keeps the habit snapshot derived from habit_logs, not duplicated in patients","duration":0.9493999999999687,"failureMessages":[],"meta":{},"tags":[],"benchmarks":[]},{"ancestorTitles":["016 draft contract v2"],"fullName":"016 draft contract v2 matches current domain shapes: text source ids and appointment reminders","status":"passed","title":"matches current domain shapes: text source ids and appointment reminders","duration":0.6300000000000523,"failureMessages":[],"meta":{},"tags":[],"benchmarks":[]},{"ancestorTitles":["016 draft contract v2"],"fullName":"016 draft contract v2 prevents authenticated users from changing roles, billing or auth links","status":"passed","title":"prevents authenticated users from changing roles, billing or auth links","duration":1.3292000000000144,"failureMessages":[],"meta":{},"tags":[],"benchmarks":[]},{"ancestorTitles":["016 draft contract v2"],"fullName":"016 draft contract v2 enforces patient and nutritionist tenant pairs in every duplicated relation","status":"passed","title":"enforces patient and nutritionist tenant pairs in every duplicated relation","duration":1.151200000000017,"failureMessages":[],"meta":{},"tags":[],"benchmarks":[]},{"ancestorTitles":["016 draft contract v2"],"fullName":"016 draft contract v2 validates message authors with a trigger and caller binding, not a check subquery","status":"passed","title":"validates message authors with a trigger and caller binding, not a check subquery","duration":1.304300000000012,"failureMessages":[],"meta":{},"tags":[],"benchmarks":[]},{"ancestorTitles":["016 draft contract v2"],"fullName":"016 draft contract v2 keeps messages immutable and invite/payment transitions backend-only","status":"passed","title":"keeps messages immutable and invite/payment transitions backend-only","duration":0.9803999999999746,"failureMessages":[],"meta":{},"tags":[],"benchmarks":[]},{"ancestorTitles":["016 draft contract v2"],"fullName":"016 draft contract v2 restricts security-definer helpers and keeps billing checks scoped to self","status":"passed","title":"restricts security-definer helpers and keeps billing checks scoped to self","duration":0.8781000000000176,"failureMessages":[],"meta":{},"tags":[],"benchmarks":[]},{"ancestorTitles":["016 draft contract v2"],"fullName":"016 draft contract v2 defines an atomic invite acceptance that requires a confirmed matching Auth email","status":"passed","title":"defines an atomic invite acceptance that requires a confirmed matching Auth email","duration":0.5409000000000219,"failureMessages":[],"meta":{},"tags":[],"benchmarks":[]},{"ancestorTitles":["016 draft contract v2"],"fullName":"016 draft contract v2 keeps nutritionist provisioning restricted to service role","status":"passed","title":"keeps nutritionist provisioning restricted to service role","duration":0.5390000000000441,"failureMessages":[],"meta":{},"tags":[],"benchmarks":[]},{"ancestorTitles":["016 draft contract v2"],"fullName":"016 draft contract v2 defines invite lifecycle with history, not one mutable row","status":"passed","title":"defines invite lifecycle with history, not one mutable row","duration":0.9477000000000544,"failureMessages":[],"meta":{},"tags":[],"benchmarks":[]},{"ancestorTitles":["016 draft contract v2"],"fullName":"016 draft contract v2 hardens payments: idempotency, read-only nutri and financial retention","status":"passed","title":"hardens payments: idempotency, read-only nutri and financial retention","duration":0.4802999999999997,"failureMessages":[],"meta":{},"tags":[],"benchmarks":[]},{"ancestorTitles":["016 draft contract v2"],"fullName":"016 draft contract v2 hardens storage: forced bucket config, canonical paths and paid reads","status":"passed","title":"hardens storage: forced bucket config, canonical paths and paid reads","duration":0.446200000000033,"failureMessages":[],"meta":{},"tags":[],"benchmarks":[]}],"startTime":1789481987739,"endTime":1789481987769.4463,"status":"passed","message":"","name":"C:/Users/facun/OneDrive/Desktop/Personal/Vero Insta/Plan V/plan-v/server/contracts-016.test.ts"},{"assertionResults":[{"ancestorTitles":["goal API flow in memory mode"],"fullName":"goal API flow in memory mode updates the goal, progress and status while recording history","status":"passed","title":"updates the goal, progress and status while recording history","duration":11.569500000000062,"failureMessages":[],"meta":{},"tags":[],"benchmarks":[]},{"ancestorTitles":["goal API flow in memory mode"],"fullName":"goal API flow in memory mode keeps the newest goal changes first and supports pausing a goal","status":"passed","title":"keeps the newest goal changes first and supports pausing a goal","duration":3.1508999999996377,"failureMessages":[],"meta":{},"tags":[],"benchmarks":[]},{"ancestorTitles":["goal API flow in memory mode"],"fullName":"goal API flow in memory mode rejects invalid or empty goal updates","status":"passed","title":"rejects invalid or empty goal updates","duration":4.734200000000328,"failureMessages":[],"meta":{},"tags":[],"benchmarks":[]}],"startTime":1789481989154,"endTime":1789481989173.7341,"status":"passed","message":"","name":"C:/Users/facun/OneDrive/Desktop/Personal/Vero Insta/Plan V/plan-v/server/goal-flow.integration.test.ts"},{"assertionResults":[{"ancestorTitles":["habit history API flow in memory mode"],"fullName":"habit history API flow in memory mode upserts today's habit log and keeps a single entry per day","status":"passed","title":"upserts today's habit log and keeps a single entry per day","duration":29.430599999999686,"failureMessages":[],"meta":{},"tags":[],"benchmarks":[]},{"ancestorTitles":["habit history API flow in memory mode"],"fullName":"habit history API flow in memory mode keeps older habit logs of the week for the adherence average","status":"passed","title":"keeps older habit logs of the week for the adherence average","duration":0.8095000000002983,"failureMessages":[],"meta":{},"tags":[],"benchmarks":[]}],"startTime":1789481989152,"endTime":1789481989181.8096,"status":"passed","message":"","name":"C:/Users/facun/OneDrive/Desktop/Personal/Vero Insta/Plan V/plan-v/server/habit-history.integration.test.ts"},{"assertionResults":[{"ancestorTitles":["meal review API flow in memory mode"],"fullName":"meal review API flow in memory mode keeps a new meal pending until the professional adjusts it","status":"passed","title":"keeps a new meal pending until the professional adjusts it","duration":32.33969999999999,"failureMessages":[],"meta":{},"tags":[],"benchmarks":[]},{"ancestorTitles":["meal review API flow in memory mode"],"fullName":"meal review API flow in memory mode never accepts pending_review as a professional review result","status":"passed","title":"never accepts pending_review as a professional review result","duration":1.6331999999997606,"failureMessages":[],"meta":{},"tags":[],"benchmarks":[]}],"startTime":1789481989156,"endTime":1789481989190.6333,"status":"passed","message":"","name":"C:/Users/facun/OneDrive/Desktop/Personal/Vero Insta/Plan V/plan-v/server/meal-flow.integration.test.ts"},{"assertionResults":[{"ancestorTitles":["weekly menu API flow in memory mode"],"fullName":"weekly menu API flow in memory mode updates an existing menu slot and records a timeline event","status":"passed","title":"updates an existing menu slot and records a timeline event","duration":23.732800000000225,"failureMessages":[],"meta":{},"tags":[],"benchmarks":[]},{"ancestorTitles":["weekly menu API flow in memory mode"],"fullName":"weekly menu API flow in memory mode creates missing days and keeps canonical order","status":"passed","title":"creates missing days and keeps canonical order","duration":2.966399999999794,"failureMessages":[],"meta":{},"tags":[],"benchmarks":[]},{"ancestorTitles":["weekly menu API flow in memory mode"],"fullName":"weekly menu API flow in memory mode rejects invalid menu updates with 400","status":"passed","title":"rejects invalid menu updates with 400","duration":2.618800000000192,"failureMessages":[],"meta":{},"tags":[],"benchmarks":[]},{"ancestorTitles":["weekly menu API flow in memory mode"],"fullName":"weekly menu API flow in memory mode adds a new slot to an existing day and recomputes adherence","status":"passed","title":"adds a new slot to an existing day and recomputes adherence","duration":2.0815999999999804,"failureMessages":[],"meta":{},"tags":[],"benchmarks":[]},{"ancestorTitles":["weekly menu API flow in memory mode"],"fullName":"weekly menu API flow in memory mode removes a menu slot and records the removal in the timeline","status":"passed","title":"removes a menu slot and records the removal in the timeline","duration":3.00630000000001,"failureMessages":[],"meta":{},"tags":[],"benchmarks":[]},{"ancestorTitles":["weekly menu API flow in memory mode"],"fullName":"weekly menu API flow in memory mode returns 404 when removing a slot that does not exist and 400 for invalid params","status":"passed","title":"returns 404 when removing a slot that does not exist and 400 for invalid params","duration":1.4864999999999782,"failureMessages":[],"meta":{},"tags":[],"benchmarks":[]}],"startTime":1789481989149,"endTime":1789481989185.4866,"status":"passed","message":"","name":"C:/Users/facun/OneDrive/Desktop/Personal/Vero Insta/Plan V/plan-v/server/menu-flow.integration.test.ts"},{"assertionResults":[{"ancestorTitles":["message API flow in memory mode"],"fullName":"message API flow in memory mode stores a patient message as human-authored and returns a patient-safe view","status":"passed","title":"stores a patient message as human-authored and returns a patient-safe view","duration":12.151299999999992,"failureMessages":[],"meta":{},"tags":[],"benchmarks":[]},{"ancestorTitles":["message API flow in memory mode"],"fullName":"message API flow in memory mode keeps the AI-origin flag only for a professional message","status":"passed","title":"keeps the AI-origin flag only for a professional message","duration":1.2165999999999713,"failureMessages":[],"meta":{},"tags":[],"benchmarks":[]},{"ancestorTitles":["message API flow in memory mode"],"fullName":"message API flow in memory mode rejects blank messages and returns 404 for an unknown patient","status":"passed","title":"rejects blank messages and returns 404 for an unknown patient","duration":2.1961999999998625,"failureMessages":[],"meta":{},"tags":[],"benchmarks":[]}],"startTime":1789481989151,"endTime":1789481989166.1963,"status":"passed","message":"","name":"C:/Users/facun/OneDrive/Desktop/Personal/Vero Insta/Plan V/plan-v/server/message-flow.integration.test.ts"},{"assertionResults":[{"ancestorTitles":["patient onboarding in memory mode"],"fullName":"patient onboarding in memory mode creates a pending patient and a separate unsent invitation","status":"passed","title":"creates a pending patient and a separate unsent invitation","duration":13.411899999999946,"failureMessages":[],"meta":{},"tags":[],"benchmarks":[]},{"ancestorTitles":["patient onboarding in memory mode"],"fullName":"patient onboarding in memory mode rejects malformed fields and duplicate pending invitation emails","status":"passed","title":"rejects malformed fields and duplicate pending invitation emails","duration":3.9297000000000253,"failureMessages":[],"meta":{},"tags":[],"benchmarks":[]}],"startTime":1789481989151,"endTime":1789481989167.9297,"status":"passed","message":"","name":"C:/Users/facun/OneDrive/Desktop/Personal/Vero Insta/Plan V/plan-v/server/patient-onboarding.integration.test.ts"},{"assertionResults":[{"ancestorTitles":["patient profile API flow in memory mode"],"fullName":"patient profile API flow in memory mode updates the editable patient profile and recalculates initials","status":"passed","title":"updates the editable patient profile and recalculates initials","duration":13.66150000000016,"failureMessages":[],"meta":{},"tags":[],"benchmarks":[]},{"ancestorTitles":["patient profile API flow in memory mode"],"fullName":"patient profile API flow in memory mode archives and restores a patient without deleting the record","status":"passed","title":"archives and restores a patient without deleting the record","duration":3.541500000000042,"failureMessages":[],"meta":{},"tags":[],"benchmarks":[]},{"ancestorTitles":["patient profile API flow in memory mode"],"fullName":"patient profile API flow in memory mode rejects empty or invalid profile and archive payloads","status":"passed","title":"rejects empty or invalid profile and archive payloads","duration":5.457900000000109,"failureMessages":[],"meta":{},"tags":[],"benchmarks":[]}],"startTime":1789481989138,"endTime":1789481989160.458,"status":"passed","message":"","name":"C:/Users/facun/OneDrive/Desktop/Personal/Vero Insta/Plan V/plan-v/server/patient-profile-flow.integration.test.ts"},{"assertionResults":[{"ancestorTitles":["resource assignment API flow in memory mode"],"fullName":"resource assignment API flow in memory mode assigns one editorial guide to one or many patients without duplicates","status":"passed","title":"assigns one editorial guide to one or many patients without duplicates","duration":12.60629999999992,"failureMessages":[],"meta":{},"tags":[],"benchmarks":[]},{"ancestorTitles":["resource assignment API flow in memory mode"],"fullName":"resource assignment API flow in memory mode marks only an assigned guide as read and returns a patient-safe view","status":"passed","title":"marks only an assigned guide as read and returns a patient-safe view","duration":3.0057999999999083,"failureMessages":[],"meta":{},"tags":[],"benchmarks":[]},{"ancestorTitles":["resource assignment API flow in memory mode"],"fullName":"resource assignment API flow in memory mode rejects unknown guides, duplicate patient ids and partial bulk writes","status":"passed","title":"rejects unknown guides, duplicate patient ids and partial bulk writes","duration":2.3623999999999796,"failureMessages":[],"meta":{},"tags":[],"benchmarks":[]}],"startTime":1789481989153,"endTime":1789481989171.3623,"status":"passed","message":"","name":"C:/Users/facun/OneDrive/Desktop/Personal/Vero Insta/Plan V/plan-v/server/resource-assignment-flow.integration.test.ts"},{"assertionResults":[{"ancestorTitles":["API input schemas"],"fullName":"API input schemas requires a supported slot and either a description or an image","status":"passed","title":"requires a supported slot and either a description or an image","duration":4.288099999999986,"failureMessages":[],"meta":{},"tags":[],"benchmarks":[]},{"ancestorTitles":["API input schemas"],"fullName":"API input schemas rejects oversized meal descriptions and image payloads","status":"passed","title":"rejects oversized meal descriptions and image payloads","duration":2.8425000000000864,"failureMessages":[],"meta":{},"tags":[],"benchmarks":[]},{"ancestorTitles":["API input schemas"],"fullName":"API input schemas only accepts professional review states","status":"passed","title":"only accepts professional review states","duration":1.9494999999999436,"failureMessages":[],"meta":{},"tags":[],"benchmarks":[]},{"ancestorTitles":["API input schemas"],"fullName":"API input schemas requires bounded food or macro changes for an adjusted review","status":"passed","title":"requires bounded food or macro changes for an adjusted review","duration":0.7199000000000524,"failureMessages":[],"meta":{},"tags":[],"benchmarks":[]},{"ancestorTitles":["API input schemas"],"fullName":"API input schemas trims messages and rejects empty or oversized text","status":"passed","title":"trims messages and rejects empty or oversized text","duration":0.532100000000014,"failureMessages":[],"meta":{},"tags":[],"benchmarks":[]},{"ancestorTitles":["API input schemas"],"fullName":"API input schemas normalizes patient onboarding fields and rejects invalid contact data","status":"passed","title":"normalizes patient onboarding fields and rejects invalid contact data","duration":1.5394000000000005,"failureMessages":[],"meta":{},"tags":[],"benchmarks":[]},{"ancestorTitles":["API input schemas"],"fullName":"API input schemas validates patient profile edits and archive state","status":"passed","title":"validates patient profile edits and archive state","duration":1.5155999999999494,"failureMessages":[],"meta":{},"tags":[],"benchmarks":[]},{"ancestorTitles":["API input schemas"],"fullName":"API input schemas bounds habit and nutritionist setup values","status":"passed","title":"bounds habit and nutritionist setup values","duration":1.508899999999926,"failureMessages":[],"meta":{},"tags":[],"benchmarks":[]},{"ancestorTitles":["API input schemas"],"fullName":"API input schemas validates weekly menu slot updates","status":"passed","title":"validates weekly menu slot updates","duration":0.8600000000000136,"failureMessages":[],"meta":{},"tags":[],"benchmarks":[]},{"ancestorTitles":["API input schemas"],"fullName":"API input schemas validates appointment scheduling and cancellation","status":"passed","title":"validates appointment scheduling and cancellation","duration":0.9012000000000171,"failureMessages":[],"meta":{},"tags":[],"benchmarks":[]},{"ancestorTitles":["API input schemas"],"fullName":"API input schemas accepts only HTTPS meeting links when present","status":"passed","title":"accepts only HTTPS meeting links when present","duration":0.7627999999999702,"failureMessages":[],"meta":{},"tags":[],"benchmarks":[]},{"ancestorTitles":["API input schemas"],"fullName":"API input schemas requires an inclusive end date only when billing is active","status":"passed","title":"requires an inclusive end date only when billing is active","duration":0.9157000000000153,"failureMessages":[],"meta":{},"tags":[],"benchmarks":[]},{"ancestorTitles":["API input schemas"],"fullName":"API input schemas validates complete goal updates","status":"passed","title":"validates complete goal updates","duration":0.4738999999999578,"failureMessages":[],"meta":{},"tags":[],"benchmarks":[]}],"startTime":1789481988854,"endTime":1789481988873.4739,"status":"passed","message":"","name":"C:/Users/facun/OneDrive/Desktop/Personal/Vero Insta/Plan V/plan-v/server/schemas.test.ts"},{"assertionResults":[{"ancestorTitles":["timeline emission in Supabase mode (parity with memory)"],"fullName":"timeline emission in Supabase mode (parity with memory) emits meal_logged when a patient meal is analyzed and stored","status":"passed","title":"emits meal_logged when a patient meal is analyzed and stored","duration":21.961299999999937,"failureMessages":[],"meta":{},"tags":[],"benchmarks":[]},{"ancestorTitles":["timeline emission in Supabase mode (parity with memory)"],"fullName":"timeline emission in Supabase mode (parity with memory) emits meal_logged confirmado with foods and kcal on review","status":"passed","title":"emits meal_logged confirmado with foods and kcal on review","duration":1.9472999999998137,"failureMessages":[],"meta":{},"tags":[],"benchmarks":[]},{"ancestorTitles":["timeline emission in Supabase mode (parity with memory)"],"fullName":"timeline emission in Supabase mode (parity with memory) emits meal_logged ajustado when the review adjusts","status":"passed","title":"emits meal_logged ajustado when the review adjusts","duration":2.211500000000342,"failureMessages":[],"meta":{},"tags":[],"benchmarks":[]},{"ancestorTitles":["timeline emission in Supabase mode (parity with memory)"],"fullName":"timeline emission in Supabase mode (parity with memory) does not emit timeline events on habit updates (memory parity)","status":"passed","title":"does not emit timeline events on habit updates (memory parity)","duration":1.1938000000000102,"failureMessages":[],"meta":{},"tags":[],"benchmarks":[]}],"startTime":1789481989100,"endTime":1789481989127.1938,"status":"passed","message":"","name":"C:/Users/facun/OneDrive/Desktop/Personal/Vero Insta/Plan V/plan-v/server/timeline-emission.integration.test.ts"},{"assertionResults":[{"ancestorTitles":["entrada al diseño de la demo local"],"fullName":"entrada al diseño de la demo local abre Nutrigo en la raíz sin exigir una query","status":"passed","title":"abre Nutrigo en la raíz sin exigir una query","duration":1.174900000000008,"failureMessages":[],"meta":{},"tags":[],"benchmarks":[]},{"ancestorTitles":["entrada al diseño de la demo local"],"fullName":"entrada al diseño de la demo local conserva el enlace explícito al nuevo diseño","status":"passed","title":"conserva el enlace explícito al nuevo diseño","duration":0.1974999999999909,"failureMessages":[],"meta":{},"tags":[],"benchmarks":[]},{"ancestorTitles":["entrada al diseño de la demo local"],"fullName":"entrada al diseño de la demo local permite abrir la versión anterior de forma explícita","status":"passed","title":"permite abrir la versión anterior de forma explícita","duration":0.10310000000001196,"failureMessages":[],"meta":{},"tags":[],"benchmarks":[]},{"ancestorTitles":["entrada al diseño de la demo local"],"fullName":"entrada al diseño de la demo local no habilita el diseño demo fuera de sus guardas: {\"development\":false}","status":"passed","title":"no habilita el diseño demo fuera de sus guardas: {\"development\":false}","duration":0.12950000000000728,"failureMessages":[],"meta":{},"tags":[],"benchmarks":[]},{"ancestorTitles":["entrada al diseño de la demo local"],"fullName":"entrada al diseño de la demo local no habilita el diseño demo fuera de sus guardas: {\"demoMode\":false}","status":"passed","title":"no habilita el diseño demo fuera de sus guardas: {\"demoMode\":false}","duration":0.07269999999999754,"failureMessages":[],"meta":{},"tags":[],"benchmarks":[]},{"ancestorTitles":["entrada al diseño de la demo local"],"fullName":"entrada al diseño de la demo local no habilita el diseño demo fuera de sus guardas: {\"hasSession\":true}","status":"passed","title":"no habilita el diseño demo fuera de sus guardas: {\"hasSession\":true}","duration":0.08969999999999345,"failureMessages":[],"meta":{},"tags":[],"benchmarks":[]},{"ancestorTitles":["entrada al diseño de la demo local"],"fullName":"entrada al diseño de la demo local no habilita el diseño demo fuera de sus guardas: {\"supabaseEnabled\":true}","status":"passed","title":"no habilita el diseño demo fuera de sus guardas: {\"supabaseEnabled\":true}","duration":0.07380000000000564,"failureMessages":[],"meta":{},"tags":[],"benchmarks":[]}],"startTime":1789481988946,"endTime":1789481988948.1294,"status":"passed","message":"","name":"C:/Users/facun/OneDrive/Desktop/Personal/Vero Insta/Plan V/plan-v/src/components/design-entry.test.ts"},{"assertionResults":[{"ancestorTitles":["PlanVExperience initial-load boundary"],"fullName":"PlanVExperience initial-load boundary loads patient and CRM surfaces only on demand","status":"passed","title":"loads patient and CRM surfaces only on demand","duration":13.98599999999999,"failureMessages":[],"meta":{},"tags":[],"benchmarks":[]}],"startTime":1789481988768,"endTime":1789481988781.986,"status":"passed","message":"","name":"C:/Users/facun/OneDrive/Desktop/Personal/Vero Insta/Plan V/plan-v/src/components/PlanVExperience.perf.test.ts"},{"assertionResults":[{"ancestorTitles":["authorizePatientAction"],"fullName":"authorizePatientAction returns the actor when the relation and action are allowed","status":"passed","title":"returns the actor when the relation and action are allowed","duration":2.449399999999997,"failureMessages":[],"meta":{},"tags":[],"benchmarks":[]},{"ancestorTitles":["authorizePatientAction"],"fullName":"authorizePatientAction separates professional assignment from patient read tracking","status":"passed","title":"separates professional assignment from patient read tracking","duration":0.6483000000000061,"failureMessages":[],"meta":{},"tags":[],"benchmarks":[]},{"ancestorTitles":["authorizePatientAction"],"fullName":"authorizePatientAction fails closed for a cross-nutritionist patient","status":"passed","title":"fails closed for a cross-nutritionist patient","duration":0.2108000000000061,"failureMessages":[],"meta":{},"tags":[],"benchmarks":[]},{"ancestorTitles":["authorizePatientAction"],"fullName":"authorizePatientAction fails closed when the profile or patient relation cannot be resolved","status":"passed","title":"fails closed when the profile or patient relation cannot be resolved","duration":0.27760000000000673,"failureMessages":[],"meta":{},"tags":[],"benchmarks":[]}],"startTime":1789481988617,"endTime":1789481988620.2776,"status":"passed","message":"","name":"C:/Users/facun/OneDrive/Desktop/Personal/Vero Insta/Plan V/plan-v/server/security/authorization.test.ts"},{"assertionResults":[{"ancestorTitles":["resolveRequestAuth"],"fullName":"resolveRequestAuth keeps local demo mode available when Supabase is disabled","status":"passed","title":"keeps local demo mode available when Supabase is disabled","duration":1.2813000000000159,"failureMessages":[],"meta":{},"tags":[],"benchmarks":[]},{"ancestorTitles":["resolveRequestAuth"],"fullName":"resolveRequestAuth rejects unauthenticated protected requests when Supabase is enabled","status":"passed","title":"rejects unauthenticated protected requests when Supabase is enabled","duration":0.16480000000001382,"failureMessages":[],"meta":{},"tags":[],"benchmarks":[]},{"ancestorTitles":["resolveRequestAuth"],"fullName":"resolveRequestAuth keeps health public when Supabase is enabled","status":"passed","title":"keeps health public when Supabase is enabled","duration":0.09569999999999368,"failureMessages":[],"meta":{},"tags":[],"benchmarks":[]},{"ancestorTitles":["resolveRequestAuth"],"fullName":"resolveRequestAuth accepts a verified Supabase user","status":"passed","title":"accepts a verified Supabase user","duration":0.1262999999999863,"failureMessages":[],"meta":{},"tags":[],"benchmarks":[]},{"ancestorTitles":["canAccessPatient"],"fullName":"canAccessPatient allows a patient to perform read_self only on their own record","status":"passed","title":"allows a patient to perform read_self only on their own record","duration":0.23599999999999,"failureMessages":[],"meta":{},"tags":[],"benchmarks":[]},{"ancestorTitles":["canAccessPatient"],"fullName":"canAccessPatient allows a patient to perform read_patient only on their own record","status":"passed","title":"allows a patient to perform read_patient only on their own record","duration":0.07900000000000773,"failureMessages":[],"meta":{},"tags":[],"benchmarks":[]},{"ancestorTitles":["canAccessPatient"],"fullName":"canAccessPatient allows a patient to perform analyze_meal only on their own record","status":"passed","title":"allows a patient to perform analyze_meal only on their own record","duration":0.6588999999999885,"failureMessages":[],"meta":{},"tags":[],"benchmarks":[]},{"ancestorTitles":["canAccessPatient"],"fullName":"canAccessPatient allows a patient to perform update_habits only on their own record","status":"passed","title":"allows a patient to perform update_habits only on their own record","duration":0.10519999999999641,"failureMessages":[],"meta":{},"tags":[],"benchmarks":[]},{"ancestorTitles":["canAccessPatient"],"fullName":"canAccessPatient allows a patient to perform log_activity only on their own record","status":"passed","title":"allows a patient to perform log_activity only on their own record","duration":0.32789999999999964,"failureMessages":[],"meta":{},"tags":[],"benchmarks":[]},{"ancestorTitles":["canAccessPatient"],"fullName":"canAccessPatient allows a patient to perform read_resource only on their own record","status":"passed","title":"allows a patient to perform read_resource only on their own record","duration":0.1092000000000155,"failureMessages":[],"meta":{},"tags":[],"benchmarks":[]},{"ancestorTitles":["canAccessPatient"],"fullName":"canAccessPatient allows a patient to perform send_message only on their own record","status":"passed","title":"allows a patient to perform send_message only on their own record","duration":0.08640000000002601,"failureMessages":[],"meta":{},"tags":[],"benchmarks":[]},{"ancestorTitles":["canAccessPatient"],"fullName":"canAccessPatient does not allow a patient to perform the professional action read_clinical","status":"passed","title":"does not allow a patient to perform the professional action read_clinical","duration":0.0719999999999743,"failureMessages":[],"meta":{},"tags":[],"benchmarks":[]},{"ancestorTitles":["canAccessPatient"],"fullName":"canAccessPatient does not allow a patient to perform the professional action review_meal","status":"passed","title":"does not allow a patient to perform the professional action review_meal","duration":0.03170000000000073,"failureMessages":[],"meta":{},"tags":[],"benchmarks":[]},{"ancestorTitles":["canAccessPatient"],"fullName":"canAccessPatient does not allow a patient to perform the professional action generate_copilot","status":"passed","title":"does not allow a patient to perform the professional action generate_copilot","duration":0.03630000000001132,"failureMessages":[],"meta":{},"tags":[],"benchmarks":[]},{"ancestorTitles":["canAccessPatient"],"fullName":"canAccessPatient does not allow a patient to perform the professional action edit_patient","status":"passed","title":"does not allow a patient to perform the professional action edit_patient","duration":0.052500000000009095,"failureMessages":[],"meta":{},"tags":[],"benchmarks":[]},{"ancestorTitles":["canAccessPatient"],"fullName":"canAccessPatient does not allow a patient to perform the professional action archive_patient","status":"passed","title":"does not allow a patient to perform the professional action archive_patient","duration":0.023099999999999454,"failureMessages":[],"meta":{},"tags":[],"benchmarks":[]},{"ancestorTitles":["canAccessPatient"],"fullName":"canAccessPatient does not allow a patient to perform the professional action edit_menu","status":"passed","title":"does not allow a patient to perform the professional action edit_menu","duration":0.03130000000001587,"failureMessages":[],"meta":{},"tags":[],"benchmarks":[]},{"ancestorTitles":["canAccessPatient"],"fullName":"canAccessPatient does not allow a patient to perform the professional action edit_appointment","status":"passed","title":"does not allow a patient to perform the professional action edit_appointment","duration":0.018799999999998818,"failureMessages":[],"meta":{},"tags":[],"benchmarks":[]},{"ancestorTitles":["canAccessPatient"],"fullName":"canAccessPatient does not allow a patient to perform the professional action edit_goal","status":"passed","title":"does not allow a patient to perform the professional action edit_goal","duration":0.02760000000000673,"failureMessages":[],"meta":{},"tags":[],"benchmarks":[]},{"ancestorTitles":["canAccessPatient"],"fullName":"canAccessPatient does not allow a patient to perform the professional action edit_billing","status":"passed","title":"does not allow a patient to perform the professional action edit_billing","duration":0.019700000000000273,"failureMessages":[],"meta":{},"tags":[],"benchmarks":[]},{"ancestorTitles":["canAccessPatient"],"fullName":"canAccessPatient does not allow a patient to perform the professional action assign_resource","status":"passed","title":"does not allow a patient to perform the professional action assign_resource","duration":0.021700000000009823,"failureMessages":[],"meta":{},"tags":[],"benchmarks":[]},{"ancestorTitles":["canAccessPatient"],"fullName":"canAccessPatient allows a nutritionist to access only their assigned patients","status":"passed","title":"allows a nutritionist to access only their assigned patients","duration":0.21009999999998286,"failureMessages":[],"meta":{},"tags":[],"benchmarks":[]},{"ancestorTitles":["canAccessPatient"],"fullName":"canAccessPatient only lets nutritionists create patients","status":"passed","title":"only lets nutritionists create patients","duration":0.10550000000000637,"failureMessages":[],"meta":{},"tags":[],"benchmarks":[]},{"ancestorTitles":["canAccessPatient"],"fullName":"canAccessPatient lets a locked patient read their minimal view and messages but blocks health mutations","status":"passed","title":"lets a locked patient read their minimal view and messages but blocks health mutations","duration":0.10880000000000223,"failureMessages":[],"meta":{},"tags":[],"benchmarks":[]},{"ancestorTitles":["toPatientSelfView"],"fullName":"toPatientSelfView removes professional-only fields and unsent messages","status":"passed","title":"removes professional-only fields and unsent messages","duration":0.9612000000000194,"failureMessages":[],"meta":{},"tags":[],"benchmarks":[]},{"ancestorTitles":["toPatientSelfView"],"fullName":"toPatientSelfView removes professional notes from direct meal-analysis responses","status":"passed","title":"removes professional notes from direct meal-analysis responses","duration":0.289100000000019,"failureMessages":[],"meta":{},"tags":[],"benchmarks":[]},{"ancestorTitles":["toPatientSelfView"],"fullName":"toPatientSelfView does not mutate the internal patient record","status":"passed","title":"does not mutate the internal patient record","duration":0.7143000000000086,"failureMessages":[],"meta":{},"tags":[],"benchmarks":[]},{"ancestorTitles":["toPatientSelfView"],"fullName":"toPatientSelfView returns only identity, billing state and sent messages when access is locked","status":"passed","title":"returns only identity, billing state and sent messages when access is locked","duration":0.3190999999999917,"failureMessages":[],"meta":{},"tags":[],"benchmarks":[]}],"startTime":1789481988377,"endTime":1789481988383.319,"status":"passed","message":"","name":"C:/Users/facun/OneDrive/Desktop/Personal/Vero Insta/Plan V/plan-v/server/security/contracts.test.ts"},{"assertionResults":[{"ancestorTitles":["mapMessage"],"fullName":"mapMessage derives message direction from the author profile role","status":"passed","title":"derives message direction from the author profile role","duration":3.1291000000001077,"failureMessages":[],"meta":{},"tags":[],"benchmarks":[]},{"ancestorTitles":["mapMessage"],"fullName":"mapMessage fails closed when the author role is missing or invalid","status":"passed","title":"fails closed when the author role is missing or invalid","duration":0.6585999999997512,"failureMessages":[],"meta":{},"tags":[],"benchmarks":[]},{"ancestorTitles":["sbAddMessage (016 v2)"],"fullName":"sbAddMessage (016 v2) persists sent messages with sent_at so the patient thread can see them","status":"passed","title":"persists sent messages with sent_at so the patient thread can see them","duration":1.1579000000001543,"failureMessages":[],"meta":{},"tags":[],"benchmarks":[]},{"ancestorTitles":["sbAddMealLog (016 v2)"],"fullName":"sbAddMealLog (016 v2) writes photo_path (never photo_url) per the 016 v2 schema","status":"passed","title":"writes photo_path (never photo_url) per the 016 v2 schema","duration":0.8569999999999709,"failureMessages":[],"meta":{},"tags":[],"benchmarks":[]},{"ancestorTitles":["sbAddMealLog (016 v2)"],"fullName":"sbAddMealLog (016 v2) rejects inline data URLs: photos must go through the Storage contract first","status":"passed","title":"rejects inline data URLs: photos must go through the Storage contract first","duration":1.5960000000000036,"failureMessages":[],"meta":{},"tags":[],"benchmarks":[]},{"ancestorTitles":["weekly menu mapping (016 v2)"],"fullName":"weekly menu mapping (016 v2) maps meal_slots rows into weekPlan day groups and derives todayPlan","status":"passed","title":"maps meal_slots rows into weekPlan day groups and derives todayPlan","duration":1.524199999999837,"failureMessages":[],"meta":{},"tags":[],"benchmarks":[]},{"ancestorTitles":["weekly menu mapping (016 v2)"],"fullName":"weekly menu mapping (016 v2) upserts slots by (patient_id, weekday, slot) using contract enums","status":"passed","title":"upserts slots by (patient_id, weekday, slot) using contract enums","duration":0.4303999999997359,"failureMessages":[],"meta":{},"tags":[],"benchmarks":[]},{"ancestorTitles":["weekly menu mapping (016 v2)"],"fullName":"weekly menu mapping (016 v2) deletes slots by (patient_id, weekday, slot)","status":"passed","title":"deletes slots by (patient_id, weekday, slot)","duration":0.6072000000003754,"failureMessages":[],"meta":{},"tags":[],"benchmarks":[]},{"ancestorTitles":["menuWeekdayIndex"],"fullName":"menuWeekdayIndex uses Monday=0 … Sunday=6 with local dates","status":"passed","title":"uses Monday=0 … Sunday=6 with local dates","duration":0.6304999999997563,"failureMessages":[],"meta":{},"tags":[],"benchmarks":[]},{"ancestorTitles":["ai_briefs dismissal (016 v2)"],"fullName":"ai_briefs dismissal (016 v2) maps a pending brief as visible (not dismissed)","status":"passed","title":"maps a pending brief as visible (not dismissed)","duration":0.4875000000001819,"failureMessages":[],"meta":{},"tags":[],"benchmarks":[]},{"ancestorTitles":["ai_briefs dismissal (016 v2)"],"fullName":"ai_briefs dismissal (016 v2) maps a dismissed latest brief with briefDismissed=true, keeping it internal","status":"passed","title":"maps a dismissed latest brief with briefDismissed=true, keeping it internal","duration":0.2527999999997519,"failureMessages":[],"meta":{},"tags":[],"benchmarks":[]},{"ancestorTitles":["ai_briefs dismissal (016 v2)"],"fullName":"ai_briefs dismissal (016 v2) hides briefs whose latest status is done or missing","status":"passed","title":"hides briefs whose latest status is done or missing","duration":0.25189999999975043,"failureMessages":[],"meta":{},"tags":[],"benchmarks":[]},{"ancestorTitles":["ai_briefs dismissal (016 v2)"],"fullName":"ai_briefs dismissal (016 v2) dismisses only the pending brief, with actor and timestamp","status":"passed","title":"dismisses only the pending brief, with actor and timestamp","duration":0.3490999999999076,"failureMessages":[],"meta":{},"tags":[],"benchmarks":[]},{"ancestorTitles":["appointments (016 v2)"],"fullName":"appointments (016 v2) computes the next weekday occurrence at the patient wall time","status":"passed","title":"computes the next weekday occurrence at the patient wall time","duration":12.310399999999845,"failureMessages":[],"meta":{},"tags":[],"benchmarks":[]},{"ancestorTitles":["appointments (016 v2)"],"fullName":"appointments (016 v2) uses the same day when the wall time is still ahead","status":"passed","title":"uses the same day when the wall time is still ahead","duration":0.4130000000000109,"failureMessages":[],"meta":{},"tags":[],"benchmarks":[]},{"ancestorTitles":["appointments (016 v2)"],"fullName":"appointments (016 v2) rolls to next week when the wall time already passed","status":"passed","title":"rolls to next week when the wall time already passed","duration":0.39190000000007785,"failureMessages":[],"meta":{},"tags":[],"benchmarks":[]},{"ancestorTitles":["appointments (016 v2)"],"fullName":"appointments (016 v2) formats starts_at back to the domain display string","status":"passed","title":"formats starts_at back to the domain display string","duration":0.3589000000001761,"failureMessages":[],"meta":{},"tags":[],"benchmarks":[]},{"ancestorTitles":["appointments (016 v2)"],"fullName":"appointments (016 v2) replaces the scheduled appointment and persists starts_at","status":"passed","title":"replaces the scheduled appointment and persists starts_at","duration":0.7822000000001026,"failureMessages":[],"meta":{},"tags":[],"benchmarks":[]},{"ancestorTitles":["appointments (016 v2)"],"fullName":"appointments (016 v2) clears the scheduled appointment without inserting when null","status":"passed","title":"clears the scheduled appointment without inserting when null","duration":0.12469999999984793,"failureMessages":[],"meta":{},"tags":[],"benchmarks":[]},{"ancestorTitles":["appointments (016 v2)"],"fullName":"appointments (016 v2) maps the next scheduled appointment into the domain patient","status":"passed","title":"maps the next scheduled appointment into the domain patient","duration":0.3555999999998676,"failureMessages":[],"meta":{},"tags":[],"benchmarks":[]},{"ancestorTitles":["appointments (016 v2)"],"fullName":"appointments (016 v2) leaves appointment null without scheduled rows","status":"passed","title":"leaves appointment null without scheduled rows","duration":0.1934000000001106,"failureMessages":[],"meta":{},"tags":[],"benchmarks":[]},{"ancestorTitles":["timeline_events (016 v2)"],"fullName":"timeline_events (016 v2) inserts timeline events with professional visibility by default","status":"passed","title":"inserts timeline events with professional visibility by default","duration":0.22519999999985885,"failureMessages":[],"meta":{},"tags":[],"benchmarks":[]},{"ancestorTitles":["timeline_events (016 v2)"],"fullName":"timeline_events (016 v2) allows explicit patient visibility for patient-safe events","status":"passed","title":"allows explicit patient visibility for patient-safe events","duration":0.1289999999999054,"failureMessages":[],"meta":{},"tags":[],"benchmarks":[]},{"ancestorTitles":["timeline_events (016 v2)"],"fullName":"timeline_events (016 v2) maps persisted events with HOY/AYER/date labels, newest first","status":"passed","title":"maps persisted events with HOY/AYER/date labels, newest first","duration":0.4414000000001579,"failureMessages":[],"meta":{},"tags":[],"benchmarks":[]},{"ancestorTitles":["timeline_events (016 v2)"],"fullName":"timeline_events (016 v2) returns an empty timeline without fabricating events from meal logs","status":"passed","title":"returns an empty timeline without fabricating events from meal logs","duration":0.3182000000001608,"failureMessages":[],"meta":{},"tags":[],"benchmarks":[]},{"ancestorTitles":["reminders (016 v2)"],"fullName":"reminders (016 v2) upserts reminder config with contract enums and conflict key","status":"passed","title":"upserts reminder config with contract enums and conflict key","duration":0.22260000000005675,"failureMessages":[],"meta":{},"tags":[],"benchmarks":[]},{"ancestorTitles":["reminders (016 v2)"],"fullName":"reminders (016 v2) maps all domain kinds: comida, agua, consulta, sueno","status":"passed","title":"maps all domain kinds: comida, agua, consulta, sueno","duration":0.18200000000024374,"failureMessages":[],"meta":{},"tags":[],"benchmarks":[]},{"ancestorTitles":["reminders (016 v2)"],"fullName":"reminders (016 v2) deletes reminder config by (patient_id, kind, time_local)","status":"passed","title":"deletes reminder config by (patient_id, kind, time_local)","duration":0.2084999999997308,"failureMessages":[],"meta":{},"tags":[],"benchmarks":[]},{"ancestorTitles":["reminders (016 v2)"],"fullName":"reminders (016 v2) rejects unknown kinds without touching the database","status":"passed","title":"rejects unknown kinds without touching the database","duration":0.3407000000001972,"failureMessages":[],"meta":{},"tags":[],"benchmarks":[]},{"ancestorTitles":["reminders (016 v2)"],"fullName":"reminders (016 v2) loads reminder config with domain labels and HH:MM times","status":"passed","title":"loads reminder config with domain labels and HH:MM times","duration":0.1936000000000604,"failureMessages":[],"meta":{},"tags":[],"benchmarks":[]},{"ancestorTitles":["localDateId"],"fullName":"localDateId formats the local calendar date, never UTC","status":"passed","title":"formats the local calendar date, never UTC","duration":0.11899999999968713,"failureMessages":[],"meta":{},"tags":[],"benchmarks":[]},{"ancestorTitles":["habit_logs (016 v2)"],"fullName":"habit_logs (016 v2) derives today snapshot (hydration, energy, sleep) from the local-day habit log","status":"passed","title":"derives today snapshot (hydration, energy, sleep) from the local-day habit log","duration":0.5273999999999432,"failureMessages":[],"meta":{},"tags":[],"benchmarks":[]},{"ancestorTitles":["habit_logs (016 v2)"],"fullName":"habit_logs (016 v2) defaults the snapshot when there is no habit log for today","status":"passed","title":"defaults the snapshot when there is no habit log for today","duration":0.24890000000004875,"failureMessages":[],"meta":{},"tags":[],"benchmarks":[]},{"ancestorTitles":["habit_logs (016 v2)"],"fullName":"habit_logs (016 v2) upserts habit logs by (patient_id, date) merging with the existing row","status":"passed","title":"upserts habit logs by (patient_id, date) merging with the existing row","duration":0.4331999999999425,"failureMessages":[],"meta":{},"tags":[],"benchmarks":[]},{"ancestorTitles":["habit_logs (016 v2)"],"fullName":"habit_logs (016 v2) inserts a fresh row when the day has no log yet","status":"passed","title":"inserts a fresh row when the day has no log yet","duration":0.24220000000013897,"failureMessages":[],"meta":{},"tags":[],"benchmarks":[]}],"startTime":1789481988858,"endTime":1789481988889.433,"status":"passed","message":"","name":"C:/Users/facun/OneDrive/Desktop/Personal/Vero Insta/Plan V/plan-v/server/db/supabase-repo.test.ts"},{"assertionResults":[{"ancestorTitles":["auth middleware"],"fullName":"auth middleware returns 401 instead of exposing demo data when Supabase is enabled","status":"passed","title":"returns 401 instead of exposing demo data when Supabase is enabled","duration":21.470299999999952,"failureMessages":[],"meta":{},"tags":[],"benchmarks":[]},{"ancestorTitles":["auth middleware"],"fullName":"auth middleware allows the public health endpoint without a token","status":"passed","title":"allows the public health endpoint without a token","duration":1.1948999999999614,"failureMessages":[],"meta":{},"tags":[],"benchmarks":[]},{"ancestorTitles":["auth middleware"],"fullName":"auth middleware passes a verified user through to protected routes","status":"passed","title":"passes a verified user through to protected routes","duration":0.972400000000107,"failureMessages":[],"meta":{},"tags":[],"benchmarks":[]},{"ancestorTitles":["auth middleware"],"fullName":"auth middleware keeps demo access when no Supabase service role is configured","status":"passed","title":"keeps demo access when no Supabase service role is configured","duration":0.8250000000000455,"failureMessages":[],"meta":{},"tags":[],"benchmarks":[]}],"startTime":1789481988573,"endTime":1789481988597.825,"status":"passed","message":"","name":"C:/Users/facun/OneDrive/Desktop/Personal/Vero Insta/Plan V/plan-v/server/middleware/auth.test.ts"},{"assertionResults":[{"ancestorTitles":["entrada contextual al CRM"],"fullName":"entrada contextual al CRM abre la ficha del paciente solicitado, no la primera de la lista","status":"passed","title":"abre la ficha del paciente solicitado, no la primera de la lista","duration":2.4620000000000175,"failureMessages":[],"meta":{},"tags":[],"benchmarks":[]},{"ancestorTitles":["entrada contextual al CRM"],"fullName":"entrada contextual al CRM conserva el destino de revisión, plan o consultas","status":"passed","title":"conserva el destino de revisión, plan o consultas","duration":0.600200000000001,"failureMessages":[],"meta":{},"tags":[],"benchmarks":[]},{"ancestorTitles":["entrada contextual al CRM"],"fullName":"entrada contextual al CRM abre los módulos existentes sin heredar una pestaña de ficha","status":"passed","title":"abre los módulos existentes sin heredar una pestaña de ficha","duration":0.23909999999997922,"failureMessages":[],"meta":{},"tags":[],"benchmarks":[]},{"ancestorTitles":["entrada contextual al CRM"],"fullName":"entrada contextual al CRM rechaza un paciente eliminado o archivado en vez de abrir otro","status":"passed","title":"rechaza un paciente eliminado o archivado en vez de abrir otro","duration":0.23879999999999768,"failureMessages":[],"meta":{},"tags":[],"benchmarks":[]},{"ancestorTitles":["entrada contextual al CRM"],"fullName":"entrada contextual al CRM mantiene entrada tradicional y maneja una lista vacía","status":"passed","title":"mantiene entrada tradicional y maneja una lista vacía","duration":0.3392000000000053,"failureMessages":[],"meta":{},"tags":[],"benchmarks":[]}],"startTime":1789481988811,"endTime":1789481988814.339,"status":"passed","message":"","name":"C:/Users/facun/OneDrive/Desktop/Personal/Vero Insta/Plan V/plan-v/src/components/crm/crm-entry.test.ts"},{"assertionResults":[{"ancestorTitles":["CRM goal helpers"],"fullName":"CRM goal helpers normalizes legacy patients as active goals without invented progress","status":"passed","title":"normalizes legacy patients as active goals without invented progress","duration":1.3204999999999814,"failureMessages":[],"meta":{},"tags":[],"benchmarks":[]},{"ancestorTitles":["CRM goal helpers"],"fullName":"CRM goal helpers preserves stored goal state and history","status":"passed","title":"preserves stored goal state and history","duration":0.21580000000000155,"failureMessages":[],"meta":{},"tags":[],"benchmarks":[]},{"ancestorTitles":["CRM goal helpers"],"fullName":"CRM goal helpers filters goal rows by their normalized status","status":"passed","title":"filters goal rows by their normalized status","duration":0.23569999999998004,"failureMessages":[],"meta":{},"tags":[],"benchmarks":[]}],"startTime":1789481988906,"endTime":1789481988908.2356,"status":"passed","message":"","name":"C:/Users/facun/OneDrive/Desktop/Personal/Vero Insta/Plan V/plan-v/src/components/crm/crm-goals.test.ts"},{"assertionResults":[{"ancestorTitles":["CRM interaction states"],"fullName":"CRM interaction states opens appointment preparation directly in editing mode","status":"passed","title":"opens appointment preparation directly in editing mode","duration":1.045800000000014,"failureMessages":[],"meta":{},"tags":[],"benchmarks":[]},{"ancestorTitles":["CRM interaction states"],"fullName":"CRM interaction states routes the commandbar message action to the existing summary draft","status":"passed","title":"routes the commandbar message action to the existing summary draft","duration":0.4656999999999982,"failureMessages":[],"meta":{},"tags":[],"benchmarks":[]},{"ancestorTitles":["CRM interaction states"],"fullName":"CRM interaction states hides dismissed or empty briefs from the summary action","status":"passed","title":"hides dismissed or empty briefs from the summary action","duration":0.24559999999999604,"failureMessages":[],"meta":{},"tags":[],"benchmarks":[]}],"startTime":1789481988907,"endTime":1789481988909.2456,"status":"passed","message":"","name":"C:/Users/facun/OneDrive/Desktop/Personal/Vero Insta/Plan V/plan-v/src/components/crm/crm-interactions.test.ts"},{"assertionResults":[{"ancestorTitles":["CRM module patient actions"],"fullName":"CRM module patient actions opens appointment management from Agenda","status":"passed","title":"opens appointment management from Agenda","duration":1.299599999999998,"failureMessages":[],"meta":{},"tags":[],"benchmarks":[]},{"ancestorTitles":["CRM module patient actions"],"fullName":"CRM module patient actions keeps the record action in non-scheduling modules","status":"passed","title":"keeps the record action in non-scheduling modules","duration":0.15709999999998558,"failureMessages":[],"meta":{},"tags":[],"benchmarks":[]}],"startTime":1789481988991,"endTime":1789481988992.2996,"status":"passed","message":"","name":"C:/Users/facun/OneDrive/Desktop/Personal/Vero Insta/Plan V/plan-v/src/components/crm/crm-module-actions.test.ts"},{"assertionResults":[{"ancestorTitles":["CRM patient directory helpers"],"fullName":"CRM patient directory helpers searches active patients by name, status and goal","status":"passed","title":"searches active patients by name, status and goal","duration":1.8910000000000196,"failureMessages":[],"meta":{},"tags":[],"benchmarks":[]},{"ancestorTitles":["CRM patient directory helpers"],"fullName":"CRM patient directory helpers separates active, attention and archived records","status":"passed","title":"separates active, attention and archived records","duration":0.41379999999998063,"failureMessages":[],"meta":{},"tags":[],"benchmarks":[]},{"ancestorTitles":["CRM patient directory helpers"],"fullName":"CRM patient directory helpers summarizes the directory without counting archived records as active","status":"passed","title":"summarizes the directory without counting archived records as active","duration":0.18820000000002324,"failureMessages":[],"meta":{},"tags":[],"benchmarks":[]}],"startTime":1789481988863,"endTime":1789481988865.4138,"status":"passed","message":"","name":"C:/Users/facun/OneDrive/Desktop/Personal/Vero Insta/Plan V/plan-v/src/components/crm/crm-patients.test.ts"},{"assertionResults":[{"ancestorTitles":["groupMealLogsForReview"],"fullName":"groupMealLogsForReview splits pending from reviewed and sorts newest first inside each group","status":"passed","title":"splits pending from reviewed and sorts newest first inside each group","duration":11.613199999999978,"failureMessages":[],"meta":{},"tags":[],"benchmarks":[]},{"ancestorTitles":["groupMealLogsForReview"],"fullName":"groupMealLogsForReview does not mutate the input array","status":"passed","title":"does not mutate the input array","duration":0.3755000000000166,"failureMessages":[],"meta":{},"tags":[],"benchmarks":[]}],"startTime":1789481988173,"endTime":1789481988184.6133,"status":"passed","message":"","name":"C:/Users/facun/OneDrive/Desktop/Personal/Vero Insta/Plan V/plan-v/src/components/crm/meal-history.test.ts"},{"assertionResults":[{"ancestorTitles":["meal review draft"],"fullName":"meal review draft creates an isolated editable copy of the estimated meal","status":"passed","title":"creates an isolated editable copy of the estimated meal","duration":1.4741999999999962,"failureMessages":[],"meta":{},"tags":[],"benchmarks":[]},{"ancestorTitles":["meal review draft"],"fullName":"meal review draft builds a trimmed adjusted review payload","status":"passed","title":"builds a trimmed adjusted review payload","duration":0.36099999999999,"failureMessages":[],"meta":{},"tags":[],"benchmarks":[]},{"ancestorTitles":["meal review draft"],"fullName":"meal review draft rejects blank foods and invalid macro values before the request","status":"passed","title":"rejects blank foods and invalid macro values before the request","duration":0.15469999999999118,"failureMessages":[],"meta":{},"tags":[],"benchmarks":[]}],"startTime":1789481988929,"endTime":1789481988931.361,"status":"passed","message":"","name":"C:/Users/facun/OneDrive/Desktop/Personal/Vero Insta/Plan V/plan-v/src/components/crm/meal-review-draft.test.ts"},{"assertionResults":[{"ancestorTitles":["availableSlotsForDay"],"fullName":"availableSlotsForDay returns every slot when the day has no meals","status":"passed","title":"returns every slot when the day has no meals","duration":1.2509000000000015,"failureMessages":[],"meta":{},"tags":[],"benchmarks":[]},{"ancestorTitles":["availableSlotsForDay"],"fullName":"availableSlotsForDay filters out slots already planned that day","status":"passed","title":"filters out slots already planned that day","duration":0.19200000000000728,"failureMessages":[],"meta":{},"tags":[],"benchmarks":[]},{"ancestorTitles":["availableSlotsForDay"],"fullName":"availableSlotsForDay returns an empty list when the day is full","status":"passed","title":"returns an empty list when the day is full","duration":0.10020000000000095,"failureMessages":[],"meta":{},"tags":[],"benchmarks":[]}],"startTime":1789481988908,"endTime":1789481988909.251,"status":"passed","message":"","name":"C:/Users/facun/OneDrive/Desktop/Personal/Vero Insta/Plan V/plan-v/src/components/crm/menu-editor-utils.test.ts"},{"assertionResults":[{"ancestorTitles":["resolveNextStepTarget"],"fullName":"resolveNextStepTarget opens the weekly menu editor on the most relevant available day","status":"passed","title":"opens the weekly menu editor on the most relevant available day","duration":1.9106999999999914,"failureMessages":[],"meta":{},"tags":[],"benchmarks":[]},{"ancestorTitles":["resolveNextStepTarget"],"fullName":"resolveNextStepTarget opens appointment preparation in edit mode","status":"passed","title":"opens appointment preparation in edit mode","duration":0.2259999999999991,"failureMessages":[],"meta":{},"tags":[],"benchmarks":[]},{"ancestorTitles":["resolveNextStepTarget"],"fullName":"resolveNextStepTarget falls back to the first available weekly day for menu edits","status":"passed","title":"falls back to the first available weekly day for menu edits","duration":0.125,"failureMessages":[],"meta":{},"tags":[],"benchmarks":[]}],"startTime":1789481988896,"endTime":1789481988898.226,"status":"passed","message":"","name":"C:/Users/facun/OneDrive/Desktop/Personal/Vero Insta/Plan V/plan-v/src/components/crm/next-step-target.test.ts"},{"assertionResults":[{"ancestorTitles":["buildDailyReminders"],"fullName":"buildDailyReminders marks past unlogged meals as missed and logged ones as done","status":"passed","title":"marks past unlogged meals as missed and logged ones as done","duration":1.6949999999999363,"failureMessages":[],"meta":{},"tags":[],"benchmarks":[]},{"ancestorTitles":["buildDailyReminders"],"fullName":"buildDailyReminders marks a meal within the half-hour window as ahora","status":"passed","title":"marks a meal within the half-hour window as ahora","duration":0.4211999999999989,"failureMessages":[],"meta":{},"tags":[],"benchmarks":[]},{"ancestorTitles":["buildDailyReminders"],"fullName":"buildDailyReminders includes a water reminder only while the daily goal is incomplete","status":"passed","title":"includes a water reminder only while the daily goal is incomplete","duration":0.30320000000006075,"failureMessages":[],"meta":{},"tags":[],"benchmarks":[]},{"ancestorTitles":["buildDailyReminders"],"fullName":"buildDailyReminders includes the appointment only when it is scheduled for today","status":"passed","title":"includes the appointment only when it is scheduled for today","duration":18.717199999999934,"failureMessages":[],"meta":{},"tags":[],"benchmarks":[]},{"ancestorTitles":["buildDailyReminders"],"fullName":"buildDailyReminders keeps a sleep check-in at 22:30 and marks it done after the patient records rest","status":"passed","title":"keeps a sleep check-in at 22:30 and marks it done after the patient records rest","duration":1.2527000000000044,"failureMessages":[],"meta":{},"tags":[],"benchmarks":[]},{"ancestorTitles":["buildDailyReminders"],"fullName":"buildDailyReminders sorts timed reminders chronologically with the water nudge last","status":"passed","title":"sorts timed reminders chronologically with the water nudge last","duration":0.9415000000000191,"failureMessages":[],"meta":{},"tags":[],"benchmarks":[]}],"startTime":1789481987441,"endTime":1789481987463.9414,"status":"passed","message":"","name":"C:/Users/facun/OneDrive/Desktop/Personal/Vero Insta/Plan V/plan-v/src/components/patient/daily-reminders.test.ts"},{"assertionResults":[{"ancestorTitles":["buildJourneySummary"],"fullName":"buildJourneySummary builds seven local calendar days from oldest to today","status":"passed","title":"builds seven local calendar days from oldest to today","duration":18.686000000000035,"failureMessages":[],"meta":{},"tags":[],"benchmarks":[]},{"ancestorTitles":["buildJourneySummary"],"fullName":"buildJourneySummary keeps late-night records on the correct local day across UTC rollover","status":"passed","title":"keeps late-night records on the correct local day across UTC rollover","duration":1.3075999999999794,"failureMessages":[],"meta":{},"tags":[],"benchmarks":[]},{"ancestorTitles":["buildJourneySummary"],"fullName":"buildJourneySummary separates pending meals and ignores records outside the seven-day window","status":"passed","title":"separates pending meals and ignores records outside the seven-day window","duration":0.9436000000000604,"failureMessages":[],"meta":{},"tags":[],"benchmarks":[]},{"ancestorTitles":["buildJourneySummary"],"fullName":"buildJourneySummary averages water over all seven days and sleep only over recorded days","status":"passed","title":"averages water over all seven days and sleep only over recorded days","duration":0.859299999999962,"failureMessages":[],"meta":{},"tags":[],"benchmarks":[]}],"startTime":1789481987432,"endTime":1789481987453.9436,"status":"passed","message":"","name":"C:/Users/facun/OneDrive/Desktop/Personal/Vero Insta/Plan V/plan-v/src/components/patient/journey-summary.test.ts"},{"assertionResults":[{"ancestorTitles":["buildShoppingList"],"fullName":"buildShoppingList derives grocery ingredients, groups them and deduplicates repeated meals","status":"passed","title":"derives grocery ingredients, groups them and deduplicates repeated meals","duration":10.29600000000002,"failureMessages":[],"meta":{},"tags":[],"benchmarks":[]},{"ancestorTitles":["buildShoppingList"],"fullName":"buildShoppingList returns an empty list for a week without meals","status":"passed","title":"returns an empty list for a week without meals","duration":0.23109999999999786,"failureMessages":[],"meta":{},"tags":[],"benchmarks":[]},{"ancestorTitles":["shopping checklist persistence and export"],"fullName":"shopping checklist persistence and export uses an isolated storage key per patient and week","status":"passed","title":"uses an isolated storage key per patient and week","duration":0.17019999999999413,"failureMessages":[],"meta":{},"tags":[],"benchmarks":[]},{"ancestorTitles":["shopping checklist persistence and export"],"fullName":"shopping checklist persistence and export exports every item with its check state and meal frequency","status":"passed","title":"exports every item with its check state and meal frequency","duration":0.6050999999999931,"failureMessages":[],"meta":{},"tags":[],"benchmarks":[]}],"startTime":1789481988132,"endTime":1789481988143.605,"status":"passed","message":"","name":"C:/Users/facun/OneDrive/Desktop/Personal/Vero Insta/Plan V/plan-v/src/components/patient/shopping-list.test.ts"},{"assertionResults":[{"ancestorTitles":["mensajes operativos del diseño Nutrigo"],"fullName":"mensajes operativos del diseño Nutrigo envía texto limpio al paciente elegido y refresca sólo ese registro","status":"passed","title":"envía texto limpio al paciente elegido y refresca sólo ese registro","duration":1.8585999999999956,"failureMessages":[],"meta":{},"tags":[],"benchmarks":[]},{"ancestorTitles":["mensajes operativos del diseño Nutrigo"],"fullName":"mensajes operativos del diseño Nutrigo la profesional envía como humana, nunca como sugerencia IA","status":"passed","title":"la profesional envía como humana, nunca como sugerencia IA","duration":0.24790000000001555,"failureMessages":[],"meta":{},"tags":[],"benchmarks":[]},{"ancestorTitles":["mensajes operativos del diseño Nutrigo"],"fullName":"mensajes operativos del diseño Nutrigo rechaza textos vacíos o demasiado largos","status":"passed","title":"rechaza textos vacíos o demasiado largos","duration":1.0401999999999987,"failureMessages":[],"meta":{},"tags":[],"benchmarks":[]},{"ancestorTitles":["mensajes operativos del diseño Nutrigo"],"fullName":"mensajes operativos del diseño Nutrigo rechaza textos vacíos o demasiado largos","status":"passed","title":"rechaza textos vacíos o demasiado largos","duration":0.2644999999999982,"failureMessages":[],"meta":{},"tags":[],"benchmarks":[]},{"ancestorTitles":["mensajes operativos del diseño Nutrigo"],"fullName":"mensajes operativos del diseño Nutrigo no refresca ni anuncia éxito si el envío falla","status":"passed","title":"no refresca ni anuncia éxito si el envío falla","duration":0.44309999999998695,"failureMessages":[],"meta":{},"tags":[],"benchmarks":[]},{"ancestorTitles":["mensajes operativos del diseño Nutrigo"],"fullName":"mensajes operativos del diseño Nutrigo distingue envío guardado de fallo de refresco para evitar reenvíos duplicados","status":"passed","title":"distingue envío guardado de fallo de refresco para evitar reenvíos duplicados","duration":0.24559999999999604,"failureMessages":[],"meta":{},"tags":[],"benchmarks":[]}],"startTime":1789481988550,"endTime":1789481988554.443,"status":"passed","message":"","name":"C:/Users/facun/OneDrive/Desktop/Personal/Vero Insta/Plan V/plan-v/src/components/nutrigo/message-send.test.ts"},{"assertionResults":[{"ancestorTitles":["mensajería dentro del diseño Nutrigo"],"fullName":"mensajería dentro del diseño Nutrigo el paciente ve a su nutricionista y un compositor, no un aviso de solo lectura","status":"passed","title":"el paciente ve a su nutricionista y un compositor, no un aviso de solo lectura","duration":20.26240000000007,"failureMessages":[],"meta":{},"tags":[],"benchmarks":[]},{"ancestorTitles":["mensajería dentro del diseño Nutrigo"],"fullName":"mensajería dentro del diseño Nutrigo la profesional ve las conversaciones y el contexto de la persona seleccionada","status":"passed","title":"la profesional ve las conversaciones y el contexto de la persona seleccionada","duration":2.4967000000001462,"failureMessages":[],"meta":{},"tags":[],"benchmarks":[]},{"ancestorTitles":["mensajería dentro del diseño Nutrigo"],"fullName":"mensajería dentro del diseño Nutrigo no muestra otras personas en el modo paciente aunque se pasen a la lista","status":"passed","title":"no muestra otras personas en el modo paciente aunque se pasen a la lista","duration":1.771600000000035,"failureMessages":[],"meta":{},"tags":[],"benchmarks":[]}],"startTime":1789481988693,"endTime":1789481988717.7715,"status":"passed","message":"","name":"C:/Users/facun/OneDrive/Desktop/Personal/Vero Insta/Plan V/plan-v/src/components/nutrigo/NutrigoMessages.test.tsx"},{"assertionResults":[{"ancestorTitles":["Dashboard paciente — composición Nutrigo"],"fullName":"Dashboard paciente — composición Nutrigo comparte la composición con el CRM sin tratar a la profesional como paciente","status":"passed","title":"comparte la composición con el CRM sin tratar a la profesional como paciente","duration":34.2482,"failureMessages":[],"meta":{},"tags":[],"benchmarks":[]},{"ancestorTitles":["Dashboard paciente — composición Nutrigo"],"fullName":"Dashboard paciente — composición Nutrigo no mezcla el menú ni el contacto al cambiar el paciente profesional","status":"passed","title":"no mezcla el menú ni el contacto al cambiar el paciente profesional","duration":13.509500000000116,"failureMessages":[],"meta":{},"tags":[],"benchmarks":[]},{"ancestorTitles":["Dashboard paciente — composición Nutrigo"],"fullName":"Dashboard paciente — composición Nutrigo calcula distribución energética sin tratarla como meta prescrita","status":"passed","title":"calcula distribución energética sin tratarla como meta prescrita","duration":0.90949999999998,"failureMessages":[],"meta":{},"tags":[],"benchmarks":[]},{"ancestorTitles":["Dashboard paciente — composición Nutrigo"],"fullName":"Dashboard paciente — composición Nutrigo conserva estados sin datos y no inventa peso, pasos ni objetivo calórico","status":"passed","title":"conserva estados sin datos y no inventa peso, pasos ni objetivo calórico","duration":6.840599999999995,"failureMessages":[],"meta":{},"tags":[],"benchmarks":[]},{"ancestorTitles":["Dashboard paciente — composición Nutrigo"],"fullName":"Dashboard paciente — composición Nutrigo presenta el menú existente y distingue las imágenes ilustrativas de registros reales","status":"passed","title":"presenta el menú existente y distingue las imágenes ilustrativas de registros reales","duration":6.345800000000054,"failureMessages":[],"meta":{},"tags":[],"benchmarks":[]}],"startTime":1789481987878,"endTime":1789481987940.3457,"status":"passed","message":"","name":"C:/Users/facun/OneDrive/Desktop/Personal/Vero Insta/Plan V/plan-v/src/components/nutrigo/Patien
[...]
 detalle de sólo lectura y un enlace HTTPS endurecido","duration":11.378900000000158,"failureMessages":[],"meta":{},"tags":[],"benchmarks":[]},{"ancestorTitles":["Agenda paciente Nutrigo"],"fullName":"Agenda paciente Nutrigo rechaza enlaces inseguros y no inventa una fecha desde un valor inválido","status":"passed","title":"rechaza enlaces inseguros y no inventa una fecha desde un valor inválido","duration":3.2334999999998217,"failureMessages":[],"meta":{},"tags":[],"benchmarks":[]},{"ancestorTitles":["Agenda paciente Nutrigo"],"fullName":"Agenda paciente Nutrigo ofrece contactar a la nutricionista cuando no hay consulta","status":"passed","title":"ofrece contactar a la nutricionista cuando no hay consulta","duration":1.358699999999999,"failureMessages":[],"meta":{},"tags":[],"benchmarks":[]}],"startTime":1789481988652,"endTime":1789481988682.3586,"status":"passed","message":"","name":"C:/Users/facun/OneDrive/Desktop/Personal/Vero Insta/Plan V/plan-v/src/components/nutrigo/showroom-patient-agenda.test.tsx"},{"assertionResults":[{"ancestorTitles":["Diario del paciente dentro de Nutrigo"],"fullName":"Diario del paciente dentro de Nutrigo resume y filtra estados sin contar otras ventanas","status":"passed","title":"resume y filtra estados sin contar otras ventanas","duration":3.3523999999999887,"failureMessages":[],"meta":{},"tags":[],"benchmarks":[]},{"ancestorTitles":["Diario del paciente dentro de Nutrigo"],"fullName":"Diario del paciente dentro de Nutrigo muestra registros y macros confirmados, pero no estimaciones pendientes","status":"passed","title":"muestra registros y macros confirmados, pero no estimaciones pendientes","duration":29.82009999999991,"failureMessages":[],"meta":{},"tags":[],"benchmarks":[]},{"ancestorTitles":["Diario del paciente dentro de Nutrigo"],"fullName":"Diario del paciente dentro de Nutrigo conecta el CTA de registro y mantiene estados vacíos explícitos","status":"passed","title":"conecta el CTA de registro y mantiene estados vacíos explícitos","duration":3.2229999999999563,"failureMessages":[],"meta":{},"tags":[],"benchmarks":[]},{"ancestorTitles":["Diario del paciente dentro de Nutrigo"],"fullName":"Diario del paciente dentro de Nutrigo no renderiza notas profesionales aunque se inyecten como propiedades extra","status":"passed","title":"no renderiza notas profesionales aunque se inyecten como propiedades extra","duration":2.8539999999998145,"failureMessages":[],"meta":{},"tags":[],"benchmarks":[]}],"startTime":1789481987854,"endTime":1789481987893.854,"status":"passed","message":"","name":"C:/Users/facun/OneDrive/Desktop/Personal/Vero Insta/Plan V/plan-v/src/components/nutrigo/showroom-patient-diary.test.tsx"},{"assertionResults":[{"ancestorTitles":["Plan semanal paciente Nutrigo"],"fullName":"Plan semanal paciente Nutrigo ordena los siete días y usa horas reales sólo para el día actual","status":"passed","title":"ordena los siete días y usa horas reales sólo para el día actual","duration":2.944099999999935,"failureMessages":[],"meta":{},"tags":[],"benchmarks":[]},{"ancestorTitles":["Plan semanal paciente Nutrigo"],"fullName":"Plan semanal paciente Nutrigo muestra el plan publicado como lectura y permite elegir los siete días","status":"passed","title":"muestra el plan publicado como lectura y permite elegir los siete días","duration":22.810899999999947,"failureMessages":[],"meta":{},"tags":[],"benchmarks":[]},{"ancestorTitles":["Plan semanal paciente Nutrigo"],"fullName":"Plan semanal paciente Nutrigo busca en toda la semana sin inventar recetas, porciones ni macros","status":"passed","title":"busca en toda la semana sin inventar recetas, porciones ni macros","duration":2.4614999999998872,"failureMessages":[],"meta":{},"tags":[],"benchmarks":[]},{"ancestorTitles":["Plan semanal paciente Nutrigo"],"fullName":"Plan semanal paciente Nutrigo presenta un vacío honesto cuando no existe un plan publicado","status":"passed","title":"presenta un vacío honesto cuando no existe un plan publicado","duration":0.8230999999998403,"failureMessages":[],"meta":{},"tags":[],"benchmarks":[]}],"startTime":1789481987884,"endTime":1789481987912.823,"status":"passed","message":"","name":"C:/Users/facun/OneDrive/Desktop/Personal/Vero Insta/Plan V/plan-v/src/components/nutrigo/showroom-patient-plan.test.tsx"},{"assertionResults":[{"ancestorTitles":["Ficha profesional en el showroom"],"fullName":"Ficha profesional en el showroom presenta identidad, estado, etapa, objetivo y próxima consulta","status":"passed","title":"presenta identidad, estado, etapa, objetivo y próxima consulta","duration":25.627300000000105,"failureMessages":[],"meta":{},"tags":[],"benchmarks":[]},{"ancestorTitles":["Ficha profesional en el showroom"],"fullName":"Ficha profesional en el showroom rotula y muestra únicamente notas profesionales del paciente seleccionado","status":"passed","title":"rotula y muestra únicamente notas profesionales del paciente seleccionado","duration":3.224100000000135,"failureMessages":[],"meta":{},"tags":[],"benchmarks":[]},{"ancestorTitles":["Ficha profesional en el showroom"],"fullName":"Ficha profesional en el showroom aísla las observaciones de comidas por patient_id y ordena nuevas primero","status":"passed","title":"aísla las observaciones de comidas por patient_id y ordena nuevas primero","duration":1.5778999999999996,"failureMessages":[],"meta":{},"tags":[],"benchmarks":[]},{"ancestorTitles":["Ficha profesional en el showroom"],"fullName":"Ficha profesional en el showroom presenta historial clínico sin fabricar eventos cuando está vacío","status":"passed","title":"presenta historial clínico sin fabricar eventos cuando está vacío","duration":6.9710999999999785,"failureMessages":[],"meta":{},"tags":[],"benchmarks":[]},{"ancestorTitles":["Ficha profesional en el showroom"],"fullName":"Ficha profesional en el showroom ofrece edición y accesos operativos sin prometer una nota nueva inexistente","status":"passed","title":"ofrece edición y accesos operativos sin prometer una nota nueva inexistente","duration":3.907799999999952,"failureMessages":[],"meta":{},"tags":[],"benchmarks":[]}],"startTime":1789481987861,"endTime":1789481987901.9077,"status":"passed","message":"","name":"C:/Users/facun/OneDrive/Desktop/Personal/Vero Insta/Plan V/plan-v/src/components/nutrigo/showroom-patient-record.test.tsx"},{"assertionResults":[{"ancestorTitles":["directorio de pacientes del showroom"],"fullName":"directorio de pacientes del showroom resume el directorio completo y muestra activos por defecto","status":"passed","title":"resume el directorio completo y muestra activos por defecto","duration":9.598999999999933,"failureMessages":[],"meta":{},"tags":[],"benchmarks":[]},{"ancestorTitles":["directorio de pacientes del showroom"],"fullName":"directorio de pacientes del showroom ofrece acciones accesibles por paciente activo","status":"passed","title":"ofrece acciones accesibles por paciente activo","duration":1.5434000000000196,"failureMessages":[],"meta":{},"tags":[],"benchmarks":[]},{"ancestorTitles":["directorio de pacientes del showroom"],"fullName":"directorio de pacientes del showroom lista archivados con restaurar y sin acciones operativas","status":"passed","title":"lista archivados con restaurar y sin acciones operativas","duration":1.609000000000151,"failureMessages":[],"meta":{},"tags":[],"benchmarks":[]},{"ancestorTitles":["directorio de pacientes del showroom"],"fullName":"directorio de pacientes del showroom necesitan atención lista solo adherencias bajas activas","status":"passed","title":"necesitan atención lista solo adherencias bajas activas","duration":1.1474000000000615,"failureMessages":[],"meta":{},"tags":[],"benchmarks":[]},{"ancestorTitles":["directorio de pacientes del showroom"],"fullName":"directorio de pacientes del showroom aplica la búsqueda externa sobre nombre, estado u objetivo","status":"passed","title":"aplica la búsqueda externa sobre nombre, estado u objetivo","duration":2.827600000000075,"failureMessages":[],"meta":{},"tags":[],"benchmarks":[]},{"ancestorTitles":["directorio de pacientes del showroom"],"fullName":"directorio de pacientes del showroom el alta nueva es un diálogo accesible y no promete envío de email","status":"passed","title":"el alta nueva es un diálogo accesible y no promete envío de email","duration":1.1787999999999101,"failureMessages":[],"meta":{},"tags":[],"benchmarks":[]},{"ancestorTitles":["directorio de pacientes del showroom"],"fullName":"directorio de pacientes del showroom el editor precarga la ficha operativa existente","status":"passed","title":"el editor precarga la ficha operativa existente","duration":1.7624000000000706,"failureMessages":[],"meta":{},"tags":[],"benchmarks":[]}],"startTime":1789481988682,"endTime":1789481988701.7625,"status":"passed","message":"","name":"C:/Users/facun/OneDrive/Desktop/Personal/Vero Insta/Plan V/plan-v/src/components/nutrigo/showroom-patients.test.tsx"},{"assertionResults":[{"ancestorTitles":["Progreso paciente dentro de Nutrigo"],"fullName":"Progreso paciente dentro de Nutrigo deriva sólo datos registrados de los últimos siete días","status":"passed","title":"deriva sólo datos registrados de los últimos siete días","duration":2.425700000000006,"failureMessages":[],"meta":{},"tags":[],"benchmarks":[]},{"ancestorTitles":["Progreso paciente dentro de Nutrigo"],"fullName":"Progreso paciente dentro de Nutrigo presenta adherencia, objetivo, agua, descanso y actividad semanal","status":"passed","title":"presenta adherencia, objetivo, agua, descanso y actividad semanal","duration":42.58290000000011,"failureMessages":[],"meta":{},"tags":[],"benchmarks":[]},{"ancestorTitles":["Progreso paciente dentro de Nutrigo"],"fullName":"Progreso paciente dentro de Nutrigo no presenta medidas, inferencias clínicas ni campos profesionales","status":"passed","title":"no presenta medidas, inferencias clínicas ni campos profesionales","duration":6.573000000000093,"failureMessages":[],"meta":{},"tags":[],"benchmarks":[]}],"startTime":1789481987860,"endTime":1789481987911.573,"status":"passed","message":"","name":"C:/Users/facun/OneDrive/Desktop/Personal/Vero Insta/Plan V/plan-v/src/components/nutrigo/showroom-progress.test.tsx"},{"assertionResults":[{"ancestorTitles":["ShowroomResources"],"fullName":"ShowroomResources publica sólo guías operativas internas con rutas válidas y relaciones resolubles","status":"passed","title":"publica sólo guías operativas internas con rutas válidas y relaciones resolubles","duration":3.0387999999999806,"failureMessages":[],"meta":{},"tags":[],"benchmarks":[]},{"ancestorTitles":["ShowroomResources"],"fullName":"ShowroomResources busca por título, categoría, resumen y etiquetas sin inventar coincidencias","status":"passed","title":"busca por título, categoría, resumen y etiquetas sin inventar coincidencias","duration":1.3577000000000226,"failureMessages":[],"meta":{},"tags":[],"benchmarks":[]},{"ancestorTitles":["ShowroomResources"],"fullName":"ShowroomResources muestra fechas de asignación y lectura sin depender de la zona horaria del navegador","status":"passed","title":"muestra fechas de asignación y lectura sin depender de la zona horaria del navegador","duration":0.2979000000000269,"failureMessages":[],"meta":{},"tags":[],"benchmarks":[]},{"ancestorTitles":["ShowroomResources"],"fullName":"ShowroomResources renderiza biblioteca, filtros, guardado local explícito y acceso a detalle","status":"passed","title":"renderiza biblioteca, filtros, guardado local explícito y acceso a detalle","duration":10.956700000000012,"failureMessages":[],"meta":{},"tags":[],"benchmarks":[]},{"ancestorTitles":["ShowroomResources"],"fullName":"ShowroomResources distingue recursos asignados por la nutricionista del guardado local","status":"passed","title":"distingue recursos asignados por la nutricionista del guardado local","duration":4.180999999999983,"failureMessages":[],"meta":{},"tags":[],"benchmarks":[]},{"ancestorTitles":["ShowroomResources"],"fullName":"ShowroomResources construye y valida enlaces profundos sin perder el selector de diseño","status":"passed","title":"construye y valida enlaces profundos sin perder el selector de diseño","duration":0.4633999999999787,"failureMessages":[],"meta":{},"tags":[],"benchmarks":[]},{"ancestorTitles":["ShowroomResources"],"fullName":"ShowroomResources comparte con Web Share y degrada a copiar el enlace estable","status":"passed","title":"comparte con Web Share y degrada a copiar el enlace estable","duration":1.8125,"failureMessages":[],"meta":{},"tags":[],"benchmarks":[]}],"startTime":1789481987873,"endTime":1789481987895.8125,"status":"passed","message":"","name":"C:/Users/facun/OneDrive/Desktop/Personal/Vero Insta/Plan V/plan-v/src/components/nutrigo/showroom-resources.test.tsx"},{"assertionResults":[{"ancestorTitles":["Centro de trabajo profesional Nutrigo"],"fullName":"Centro de trabajo profesional Nutrigo calcula sólo indicadores presentes en los registros activos","status":"passed","title":"calcula sólo indicadores presentes en los registros activos","duration":2.026099999999815,"failureMessages":[],"meta":{},"tags":[],"benchmarks":[]},{"ancestorTitles":["Centro de trabajo profesional Nutrigo"],"fullName":"Centro de trabajo profesional Nutrigo ordena el seguimiento por necesidad real sin inventar un score nuevo","status":"passed","title":"ordena el seguimiento por necesidad real sin inventar un score nuevo","duration":0.45019999999999527,"failureMessages":[],"meta":{},"tags":[],"benchmarks":[]},{"ancestorTitles":["Centro de trabajo profesional Nutrigo"],"fullName":"Centro de trabajo profesional Nutrigo conserva el orden relativo provisto por la ficha al combinar actividad reciente","status":"passed","title":"conserva el orden relativo provisto por la ficha al combinar actividad reciente","duration":0.35760000000004766,"failureMessages":[],"meta":{},"tags":[],"benchmarks":[]},{"ancestorTitles":["Centro de trabajo profesional Nutrigo"],"fullName":"Centro de trabajo profesional Nutrigo renderiza reciente como superficie Nutrigo operativa","status":"passed","title":"renderiza reciente como superficie Nutrigo operativa","duration":9.295799999999872,"failureMessages":[],"meta":{},"tags":[],"benchmarks":[]},{"ancestorTitles":["Centro de trabajo profesional Nutrigo"],"fullName":"Centro de trabajo profesional Nutrigo renderiza guardado como superficie Nutrigo operativa","status":"passed","title":"renderiza guardado como superficie Nutrigo operativa","duration":4.898400000000038,"failureMessages":[],"meta":{},"tags":[],"benchmarks":[]},{"ancestorTitles":["Centro de trabajo profesional Nutrigo"],"fullName":"Centro de trabajo profesional Nutrigo renderiza seguimiento como superficie Nutrigo operativa","status":"passed","title":"renderiza seguimiento como superficie Nutrigo operativa","duration":1.5821999999998297,"failureMessages":[],"meta":{},"tags":[],"benchmarks":[]},{"ancestorTitles":["Centro de trabajo profesional Nutrigo"],"fullName":"Centro de trabajo profesional Nutrigo renderiza paneles como superficie Nutrigo operativa","status":"passed","title":"renderiza paneles como superficie Nutrigo operativa","duration":2.701299999999719,"failureMessages":[],"meta":{},"tags":[],"benchmarks":[]},{"ancestorTitles":["Centro de trabajo profesional Nutrigo"],"fullName":"Centro de trabajo profesional Nutrigo renderiza videollamadas como superficie Nutrigo operativa","status":"passed","title":"renderiza videollamadas como superficie Nutrigo operativa","duration":17.35089999999991,"failureMessages":[],"meta":{},"tags":[],"benchmarks":[]},{"ancestorTitles":["Centro de trabajo profesional Nutrigo"],"fullName":"Centro de trabajo profesional Nutrigo permite preparar asignaciones individuales o masivas sin ocultar los Planes B existentes","status":"passed","title":"permite preparar asignaciones individuales o masivas sin ocultar los Planes B existentes","duration":3.6954000000000633,"failureMessages":[],"meta":{},"tags":[],"benchmarks":[]},{"ancestorTitles":["Centro de trabajo profesional Nutrigo"],"fullName":"Centro de trabajo profesional Nutrigo separa acciones por flujo y protege los enlaces externos","status":"passed","title":"separa acciones por flujo y protege los enlaces externos","duration":2.730199999999968,"failureMessages":[],"meta":{},"tags":[],"benchmarks":[]}],"startTime":1789481988733,"endTime":1789481988777.7302,"status":"passed","message":"","name":"C:/Users/facun/OneDrive/Desktop/Personal/Vero Insta/Plan V/plan-v/src/components/nutrigo/showroom-work-center.test.tsx"},{"assertionResults":[{"ancestorTitles":["Calendario semanal del menú"],"fullName":"Calendario semanal del menú muestra los siete días locales, de lunes a domingo, aunque no tengan plan","status":"passed","title":"muestra los siete días locales, de lunes a domingo, aunque no tengan plan","duration":2.386099999999999,"failureMessages":[],"meta":{},"tags":[],"benchmarks":[]},{"ancestorTitles":["Calendario semanal del menú"],"fullName":"Calendario semanal del menú mantiene la semana al cruzar el año y cuando hoy es domingo","status":"passed","title":"mantiene la semana al cruzar el año y cuando hoy es domingo","duration":0.3038999999999987,"failureMessages":[],"meta":{},"tags":[],"benchmarks":[]},{"ancestorTitles":["Calendario semanal del menú"],"fullName":"Calendario semanal del menú conserva el calendario local en años bisiestos","status":"passed","title":"conserva el calendario local en años bisiestos","duration":0.15399999999999636,"failureMessages":[],"meta":{},"tags":[],"benchmarks":[]},{"ancestorTitles":["Calendario semanal del menú"],"fullName":"Calendario semanal del menú resuelve el día por su nombre, no por la posición del plan incompleto","status":"passed","title":"resuelve el día por su nombre, no por la posición del plan incompleto","duration":0.34710000000001173,"failureMessages":[],"meta":{},"tags":[],"benchmarks":[]},{"ancestorTitles":["Calendario semanal del menú"],"fullName":"Calendario semanal del menú no sustituye un día sin plan por las comidas de hoy","status":"passed","title":"no sustituye un día sin plan por las comidas de hoy","duration":0.19389999999998508,"failureMessages":[],"meta":{},"tags":[],"benchmarks":[]},{"ancestorTitles":["Calendario semanal del menú"],"fullName":"Calendario semanal del menú Hoy y la fecha actual abren el mismo plan diario sin inventar horarios","status":"passed","title":"Hoy y la fecha actual abren el mismo plan diario sin inventar horarios","duration":0.2283999999999935,"failureMessages":[],"meta":{},"tags":[],"benchmarks":[]},{"ancestorTitles":["Calendario semanal del menú"],"fullName":"Calendario semanal del menú cambia el contenido con el paciente sin conservar comidas del anterior","status":"passed","title":"cambia el contenido con el paciente sin conservar comidas del anterior","duration":0.209699999999998,"failureMessages":[],"meta":{},"tags":[],"benchmarks":[]},{"ancestorTitles":["Calendario semanal del menú"],"fullName":"Calendario semanal del menú identifica selección, fecha actual y fechas completas de manera accesible","status":"passed","title":"identifica selección, fecha actual y fechas completas de manera accesible","duration":28.358800000000002,"failureMessages":[],"meta":{},"tags":[],"benchmarks":[]}],"startTime":1789481988106,"endTime":1789481988138.359,"status":"passed","message":"","name":"C:/Users/facun/OneDrive/Desktop/Personal/Vero Insta/Plan V/plan-v/src/components/nutrigo/weekly-plan-calendar.test.tsx"},{"assertionResults":[{"ancestorTitles":["sortThreadMessages"],"fullName":"sortThreadMessages filters unsent drafts and orders sent messages from oldest to newest","status":"passed","title":"filters unsent drafts and orders sent messages from oldest to newest","duration":2.0394000000000005,"failureMessages":[],"meta":{},"tags":[],"benchmarks":[]}],"startTime":1789481988978,"endTime":1789481988980.0393,"status":"passed","message":"","name":"C:/Users/facun/OneDrive/Desktop/Personal/Vero Insta/Plan V/plan-v/src/components/shared/message-thread.test.ts"}]}